TN:
SF:src/config/database.js
FN:16,(anonymous_0)
FN:41,(anonymous_1)
FN:55,(anonymous_2)
FNF:3
FNH:0
FNDA:0,(anonymous_0)
FNDA:0,(anonymous_1)
FNDA:0,(anonymous_2)
DA:3,0
DA:4,0
DA:5,0
DA:10,0
DA:12,0
DA:16,0
DA:34,0
DA:36,0
DA:41,0
DA:46,0
DA:55,0
DA:67,0
LF:12
LH:0
BRDA:10,0,0,0
BRDA:10,0,1,0
BRDA:15,1,0,0
BRDA:15,1,1,0
BRDA:20,2,0,0
BRDA:20,2,1,0
BRDA:34,3,0,0
BRDA:34,3,1,0
BRDA:38,4,0,0
BRDA:38,4,1,0
BRDA:40,5,0,0
BRDA:40,5,1,0
BRDA:54,6,0,0
BRDA:54,6,1,0
BRDA:57,7,0,0
BRDA:57,7,1,0
BRF:16
BRH:0
end_of_record
TN:
SF:src/config/logging.js
FN:72,cleanupOldLogs
FN:78,(anonymous_1)
FN:91,getLogStats
FN:101,(anonymous_3)
FNF:4
FNH:0
FNDA:0,cleanupOldLogs
FNDA:0,(anonymous_1)
FNDA:0,getLogStats
FNDA:0,(anonymous_3)
DA:3,0
DA:4,0
DA:5,0
DA:8,0
DA:11,0
DA:26,0
DA:60,0
DA:61,0
DA:73,0
DA:74,0
DA:75,0
DA:76,0
DA:78,0
DA:79,0
DA:80,0
DA:81,0
DA:83,0
DA:84,0
DA:85,0
DA:92,0
DA:93,0
DA:95,0
DA:101,0
DA:102,0
DA:103,0
DA:104,0
DA:106,0
DA:107,0
DA:108,0
DA:110,0
DA:111,0
DA:114,0
DA:118,0
LF:33
LH:0
BRDA:27,0,0,0
BRDA:27,0,1,0
BRDA:60,1,0,0
BRDA:60,1,1,0
BRDA:83,2,0,0
BRDA:83,2,1,0
BRDA:107,3,0,0
BRDA:107,3,1,0
BRF:8
BRH:0
end_of_record
TN:
SF:src/config/ssl.js
FN:42,(anonymous_0)
FNF:1
FNH:0
FNDA:0,(anonymous_0)
DA:3,0
DA:11,0
DA:12,0
DA:15,0
DA:16,0
DA:17,0
DA:20,0
DA:23,0
DA:42,0
DA:43,0
DA:44,0
DA:45,0
DA:48,0
DA:51,0
DA:52,0
DA:56,0
DA:58,0
DA:60,0
DA:63,0
DA:68,0
DA:69,0
DA:70,0
DA:75,0
DA:76,0
DA:80,0
LF:25
LH:0
BRDA:20,0,0,0
BRDA:20,0,1,0
BRDA:24,1,0,0
BRDA:24,1,1,0
BRDA:25,2,0,0
BRDA:25,2,1,0
BRDA:43,3,0,0
BRDA:43,3,1,0
BRDA:51,4,0,0
BRDA:51,4,1,0
BRF:10
BRH:0
end_of_record
TN:
SF:src/controllers/AuthController.js
FN:49,(anonymous_0)
FN:75,(anonymous_1)
FN:85,(anonymous_2)
FN:109,(anonymous_3)
FN:116,(anonymous_4)
FN:130,(anonymous_5)
FNF:6
FNH:0
FNDA:0,(anonymous_0)
FNDA:0,(anonymous_1)
FNDA:0,(anonymous_2)
FNDA:0,(anonymous_3)
FNDA:0,(anonymous_4)
FNDA:0,(anonymous_5)
DA:3,0
DA:4,0
DA:5,0
DA:6,0
DA:16,0
DA:32,0
DA:49,0
DA:51,0
DA:52,0
DA:53,0
DA:60,0
DA:63,0
DA:65,0
DA:75,0
DA:76,0
DA:85,0
DA:86,0
DA:87,0
DA:88,0
DA:95,0
DA:98,0
DA:100,0
DA:109,0
DA:110,0
DA:116,0
DA:117,0
DA:121,0
DA:130,0
DA:132,0
DA:139,0
LF:30
LH:0
BRDA:52,0,0,0
BRDA:52,0,1,0
BRDA:87,1,0,0
BRDA:87,1,1,0
BRF:4
BRH:0
end_of_record
TN:
SF:src/cron/reminderService.js
FN:12,getUsersForMorningReminder
FN:37,(anonymous_1)
FN:38,(anonymous_2)
FN:53,getUsersForLunchStartReminder
FN:88,getUsersForLunchEndReminder
FN:126,getUsersForEveningReminder
FN:165,getReminderStats
FNF:7
FNH:0
FNDA:0,getUsersForMorningReminder
FNDA:0,(anonymous_1)
FNDA:0,(anonymous_2)
FNDA:0,getUsersForLunchStartReminder
FNDA:0,getUsersForLunchEndReminder
FNDA:0,getUsersForEveningReminder
FNDA:0,getReminderStats
DA:3,0
DA:5,0
DA:6,0
DA:7,0
DA:13,0
DA:14,0
DA:16,0
DA:37,0
DA:38,0
DA:39,0
DA:43,0
DA:45,0
DA:46,0
DA:54,0
DA:55,0
DA:57,0
DA:78,0
DA:80,0
DA:81,0
DA:89,0
DA:90,0
DA:92,0
DA:113,0
DA:115,0
DA:119,0
DA:127,0
DA:128,0
DA:130,0
DA:155,0
DA:157,0
DA:158,0
DA:166,0
DA:167,0
DA:169,0
DA:177,0
DA:198,0
DA:205,0
DA:206,0
DA:210,0
LF:39
LH:0
BRDA:39,0,0,0
BRDA:39,0,1,0
BRF:2
BRH:0
end_of_record
TN:
SF:src/cron/scheduler.js
FN:26,(anonymous_0)
FN:38,(anonymous_1)
FN:42,(anonymous_2)
FN:54,(anonymous_3)
FN:66,(anonymous_4)
FN:78,(anonymous_5)
FN:90,(anonymous_6)
FN:104,(anonymous_7)
FN:113,(anonymous_8)
FN:161,(anonymous_9)
FN:193,(anonymous_10)
FN:227,(anonymous_11)
FN:274,(anonymous_12)
FN:302,(anonymous_13)
FN:336,(anonymous_14)
FN:356,(anonymous_15)
FN:357,(anonymous_16)
FN:361,(anonymous_17)
FN:366,(anonymous_18)
FN:371,(anonymous_19)
FN:379,(anonymous_20)
FNF:21
FNH:0
FNDA:0,(anonymous_0)
FNDA:0,(anonymous_1)
FNDA:0,(anonymous_2)
FNDA:0,(anonymous_3)
FNDA:0,(anonymous_4)
FNDA:0,(anonymous_5)
FNDA:0,(anonymous_6)
FNDA:0,(anonymous_7)
FNDA:0,(anonymous_8)
FNDA:0,(anonymous_9)
FNDA:0,(anonymous_10)
FNDA:0,(anonymous_11)
FNDA:0,(anonymous_12)
FNDA:0,(anonymous_13)
FNDA:0,(anonymous_14)
FNDA:0,(anonymous_15)
FNDA:0,(anonymous_16)
FNDA:0,(anonymous_17)
FNDA:0,(anonymous_18)
FNDA:0,(anonymous_19)
FNDA:0,(anonymous_20)
DA:3,0
DA:4,0
DA:5,0
DA:13,0
DA:18,0
DA:20,0
DA:23,0
DA:27,0
DA:28,0
DA:30,0
DA:31,0
DA:32,0
DA:34,0
DA:40,0
DA:43,0
DA:52,0
DA:55,0
DA:64,0
DA:67,0
DA:76,0
DA:79,0
DA:88,0
DA:91,0
DA:100,0
DA:104,0
DA:105,0
DA:114,0
DA:115,0
DA:116,0
DA:118,0
DA:119,0
DA:120,0
DA:123,0
DA:124,0
DA:125,0
DA:126,0
DA:127,0
DA:128,0
DA:134,0
DA:135,0
DA:149,0
DA:152,0
DA:157,0
DA:162,0
DA:163,0
DA:164,0
DA:166,0
DA:167,0
DA:168,0
DA:171,0
DA:172,0
DA:173,0
DA:174,0
DA:175,0
DA:176,0
DA:181,0
DA:184,0
DA:189,0
DA:194,0
DA:195,0
DA:196,0
DA:198,0
DA:199,0
DA:200,0
DA:203,0
DA:204,0
DA:205,0
DA:206,0
DA:207,0
DA:208,0
DA:213,0
DA:216,0
DA:221,0
DA:228,0
DA:229,0
DA:230,0
DA:232,0
DA:233,0
DA:234,0
DA:237,0
DA:238,0
DA:239,0
DA:240,0
DA:241,0
DA:242,0
DA:248,0
DA:249,0
DA:262,0
DA:265,0
DA:270,0
DA:275,0
DA:276,0
DA:278,0
DA:279,0
DA:287,0
DA:288,0
DA:289,0
DA:293,0
DA:294,0
DA:302,0
DA:310,0
DA:314,0
DA:315,0
DA:316,0
DA:317,0
DA:318,0
DA:319,0
DA:324,0
DA:327,0
DA:332,0
DA:337,0
DA:340,0
DA:347,0
DA:348,0
DA:349,0
DA:357,0
DA:362,0
DA:363,0
DA:367,0
DA:368,0
DA:372,0
DA:380,0
DA:381,0
DA:383,0
DA:397,0
LF:125
LH:0
BRDA:28,0,0,0
BRDA:28,0,1,0
BRDA:30,1,0,0
BRDA:30,1,1,0
BRDA:100,2,0,0
BRDA:100,2,1,0
BRDA:101,3,0,0
BRDA:101,3,1,0
BRDA:118,4,0,0
BRDA:118,4,1,0
BRDA:126,5,0,0
BRDA:126,5,1,0
BRDA:134,6,0,0
BRDA:134,6,1,0
BRDA:166,7,0,0
BRDA:166,7,1,0
BRDA:174,8,0,0
BRDA:174,8,1,0
BRDA:198,9,0,0
BRDA:198,9,1,0
BRDA:206,10,0,0
BRDA:206,10,1,0
BRDA:232,11,0,0
BRDA:232,11,1,0
BRDA:240,12,0,0
BRDA:240,12,1,0
BRDA:248,13,0,0
BRDA:248,13,1,0
BRDA:287,14,0,0
BRDA:287,14,1,0
BRDA:293,15,0,0
BRDA:293,15,1,0
BRDA:296,16,0,0
BRDA:296,16,1,0
BRDA:297,17,0,0
BRDA:297,17,1,0
BRDA:299,18,0,0
BRDA:299,18,1,0
BRDA:299,19,0,0
BRDA:299,19,1,0
BRDA:300,20,0,0
BRDA:300,20,1,0
BRDA:301,21,0,0
BRDA:301,21,1,0
BRDA:317,22,0,0
BRDA:317,22,1,0
BRDA:347,23,0,0
BRDA:347,23,1,0
BRF:48
BRH:0
end_of_record
TN:
SF:src/database/migrate.js
FN:7,migrate
FNF:1
FNH:0
FNDA:0,migrate
DA:3,0
DA:5,0
DA:8,0
DA:12,0
DA:16,0
DA:20,0
DA:22,0
DA:23,0
DA:27,0
LF:9
LH:0
BRF:0
BRH:0
end_of_record
TN:
SF:src/events/eventEmitter.js
FN:10,(anonymous_0)
FN:18,(anonymous_1)
FN:29,(anonymous_2)
FNF:3
FNH:0
FNDA:0,(anonymous_0)
FNDA:0,(anonymous_1)
FNDA:0,(anonymous_2)
DA:3,0
DA:4,0
DA:11,0
DA:12,0
DA:19,0
DA:30,0
DA:31,0
DA:36,0
DA:38,0
LF:9
LH:0
BRDA:21,0,0,0
BRDA:21,0,1,0
BRF:2
BRH:0
end_of_record
TN:
SF:src/events/notifyOnEvent.js
FN:16,initEventListeners
FN:20,(anonymous_1)
FN:32,(anonymous_2)
FN:44,(anonymous_3)
FN:53,(anonymous_4)
FN:65,(anonymous_5)
FN:77,(anonymous_6)
FN:87,emitEvent
FNF:8
FNH:0
FNDA:0,initEventListeners
FNDA:0,(anonymous_1)
FNDA:0,(anonymous_2)
FNDA:0,(anonymous_3)
FNDA:0,(anonymous_4)
FNDA:0,(anonymous_5)
FNDA:0,(anonymous_6)
FNDA:0,emitEvent
DA:3,0
DA:4,0
DA:7,0
DA:8,0
DA:9,0
DA:10,0
DA:11,0
DA:17,0
DA:20,0
DA:21,0
DA:22,0
DA:24,0
DA:32,0
DA:33,0
DA:34,0
DA:36,0
DA:44,0
DA:45,0
DA:46,0
DA:48,0
DA:53,0
DA:54,0
DA:55,0
DA:57,0
DA:65,0
DA:66,0
DA:67,0
DA:69,0
DA:77,0
DA:78,0
DA:81,0
DA:88,0
DA:91,0
LF:33
LH:0
BRF:0
BRH:0
end_of_record
TN:
SF:src/middleware/auth.js
FN:23,(anonymous_0)
FN:80,(anonymous_1)
FN:81,(anonymous_2)
FN:105,(anonymous_3)
FN:150,(anonymous_4)
FN:179,(anonymous_5)
FN:194,(anonymous_6)
FN:201,(anonymous_7)
FNF:8
FNH:0
FNDA:0,(anonymous_0)
FNDA:0,(anonymous_1)
FNDA:0,(anonymous_2)
FNDA:0,(anonymous_3)
FNDA:0,(anonymous_4)
FNDA:0,(anonymous_5)
FNDA:0,(anonymous_6)
FNDA:0,(anonymous_7)
DA:3,0
DA:5,0
DA:6,0
DA:10,0
DA:13,0
DA:23,0
DA:24,0
DA:25,0
DA:26,0
DA:28,0
DA:29,0
DA:36,0
DA:37,0
DA:39,0
DA:40,0
DA:45,0
DA:46,0
DA:51,0
DA:55,0
DA:59,0
DA:60,0
DA:66,0
DA:67,0
DA:69,0
DA:70,0
DA:80,0
DA:81,0
DA:82,0
DA:83,0
DA:89,0
DA:90,0
DA:98,0
DA:105,0
DA:106,0
DA:107,0
DA:108,0
DA:111,0
DA:112,0
DA:116,0
DA:117,0
DA:118,0
DA:122,0
DA:130,0
DA:131,0
DA:137,0
DA:139,0
DA:140,0
DA:150,0
DA:151,0
DA:152,0
DA:155,0
DA:156,0
DA:160,0
DA:161,0
DA:168,0
DA:170,0
DA:173,0
DA:179,0
DA:180,0
DA:186,0
DA:188,0
DA:194,0
DA:195,0
DA:196,0
DA:197,0
DA:199,0
DA:201,0
DA:203,0
DA:210,0
DA:213,0
LF:70
LH:0
BRDA:26,0,0,0
BRDA:26,0,1,0
BRDA:28,1,0,0
BRDA:28,1,1,0
BRDA:39,2,0,0
BRDA:39,2,1,0
BRDA:45,3,0,0
BRDA:45,3,1,0
BRDA:59,4,0,0
BRDA:59,4,1,0
BRDA:59,5,0,0
BRDA:59,5,1,0
BRDA:82,6,0,0
BRDA:82,6,1,0
BRDA:89,7,0,0
BRDA:89,7,1,0
BRDA:111,8,0,0
BRDA:111,8,1,0
BRDA:117,9,0,0
BRDA:117,9,1,0
BRDA:117,10,0,0
BRDA:117,10,1,0
BRDA:130,11,0,0
BRDA:130,11,1,0
BRDA:155,12,0,0
BRDA:155,12,1,0
BRDA:160,13,0,0
BRDA:160,13,1,0
BRDA:160,14,0,0
BRDA:160,14,1,0
BRDA:168,15,0,0
BRDA:168,15,1,0
BRDA:181,16,0,0
BRDA:181,16,1,0
BRDA:181,16,2,0
BRDA:181,16,3,0
BRDA:184,17,0,0
BRDA:184,17,1,0
BRDA:186,18,0,0
BRDA:186,18,1,0
BRDA:195,19,0,0
BRDA:195,19,1,0
BRDA:199,20,0,0
BRDA:199,20,1,0
BRDA:200,21,0,0
BRDA:200,21,1,0
BRF:46
BRH:0
end_of_record
TN:
SF:src/models/AuditLog.js
FNF:0
FNH:0
DA:3,0
DA:4,0
DA:5,0
DA:7,0
DA:80,0
LF:5
LH:0
BRF:0
BRH:0
end_of_record
TN:
SF:src/models/Team.js
FN:68,(anonymous_0)
FNF:1
FNH:0
FNDA:0,(anonymous_0)
DA:3,0
DA:4,0
DA:5,0
DA:7,0
DA:68,0
DA:70,0
DA:76,0
DA:84,0
LF:8
LH:0
BRF:0
BRH:0
end_of_record
TN:
SF:src/models/User.js
FN:133,(anonymous_0)
FN:147,(anonymous_1)
FN:152,(anonymous_2)
FN:161,(anonymous_3)
FN:166,(anonymous_4)
FN:171,(anonymous_5)
FN:177,(anonymous_6)
FNF:7
FNH:0
FNDA:0,(anonymous_0)
FNDA:0,(anonymous_1)
FNDA:0,(anonymous_2)
FNDA:0,(anonymous_3)
FNDA:0,(anonymous_4)
FNDA:0,(anonymous_5)
FNDA:0,(anonymous_6)
DA:3,0
DA:4,0
DA:7,0
DA:8,0
DA:9,0
DA:10,0
DA:11,0
DA:13,0
DA:134,0
DA:140,0
DA:148,0
DA:153,0
DA:154,0
DA:162,0
DA:167,0
DA:172,0
DA:177,0
DA:179,0
DA:185,0
DA:193,0
DA:199,0
DA:204,0
DA:210,0
LF:23
LH:0
BRDA:141,0,0,0
BRDA:141,0,1,0
BRF:2
BRH:0
end_of_record
TN:
SF:src/models/UserTeam.js
FNF:0
FNH:0
DA:3,0
DA:4,0
DA:6,0
DA:77,0
LF:4
LH:0
BRF:0
BRH:0
end_of_record
TN:
SF:src/models/WorkLog.js
FNF:0
FNH:0
DA:3,0
DA:4,0
DA:6,0
DA:79,0
LF:4
LH:0
BRF:0
BRH:0
end_of_record
TN:
SF:src/models/index.js
FNF:0
FNH:0
DA:3,0
DA:6,0
DA:13,0
DA:14,0
DA:15,0
DA:16,0
DA:17,0
DA:20,0
DA:26,0
DA:32,0
DA:38,0
DA:44,0
DA:51,0
DA:52,0
DA:53,0
DA:54,0
DA:55,0
DA:56,0
DA:59,0
DA:60,0
DA:63,0
DA:64,0
DA:67,0
DA:68,0
DA:71,0
LF:25
LH:0
BRDA:9,0,0,0
BRDA:9,0,1,0
BRDA:63,1,0,0
BRDA:63,1,1,0
BRDA:67,2,0,0
BRDA:67,2,1,0
BRF:6
BRH:0
end_of_record
TN:
SF:src/notifications/notifyLogEdited.js
FN:11,canUseUrlInTelegram
FN:22,notifyLogEdited
FN:29,(anonymous_2)
FNF:3
FNH:0
FNDA:0,canUseUrlInTelegram
FNDA:0,notifyLogEdited
FNDA:0,(anonymous_2)
DA:3,0
DA:4,0
DA:6,0
DA:12,0
DA:23,0
DA:25,0
DA:28,0
DA:30,0
DA:40,0
DA:41,0
DA:42,0
DA:44,0
DA:49,0
DA:50,0
DA:63,0
DA:67,0
DA:68,0
DA:86,0
DA:90,0
DA:92,0
DA:106,0
DA:111,0
DA:116,0
LF:23
LH:0
BRDA:6,0,0,0
BRDA:6,0,1,0
BRDA:13,1,0,0
BRDA:13,1,1,0
BRDA:13,1,2,0
BRDA:40,2,0,0
BRDA:40,2,1,0
BRDA:41,3,0,0
BRDA:41,3,1,0
BRDA:42,4,0,0
BRDA:42,4,1,0
BRDA:49,5,0,0
BRDA:49,5,1,0
BRDA:54,6,0,0
BRDA:54,6,1,0
BRDA:60,7,0,0
BRDA:60,7,1,0
BRDA:67,8,0,0
BRDA:67,8,1,0
BRDA:90,9,0,0
BRDA:90,9,1,0
BRDA:95,10,0,0
BRDA:95,10,1,0
BRDA:97,11,0,0
BRDA:97,11,1,0
BRF:25
BRH:0
end_of_record
TN:
SF:src/notifications/notifyMissedWorklog.js
FN:11,canUseUrlInTelegram
FN:22,notifyMissedWorklog
FNF:2
FNH:0
FNDA:0,canUseUrlInTelegram
FNDA:0,notifyMissedWorklog
DA:3,0
DA:4,0
DA:6,0
DA:12,0
DA:23,0
DA:26,0
DA:33,0
DA:36,0
DA:37,0
DA:52,0
DA:56,0
DA:57,0
DA:75,0
DA:79,0
DA:80,0
DA:97,0
DA:101,0
DA:102,0
DA:120,0
DA:127,0
DA:132,0
LF:21
LH:0
BRDA:6,0,0,0
BRDA:6,0,1,0
BRDA:13,1,0,0
BRDA:13,1,1,0
BRDA:13,1,2,0
BRDA:36,2,0,0
BRDA:36,2,1,0
BRDA:36,3,0,0
BRDA:36,3,1,0
BRDA:44,4,0,0
BRDA:44,4,1,0
BRDA:45,5,0,0
BRDA:45,5,1,0
BRDA:46,6,0,0
BRDA:46,6,1,0
BRDA:49,7,0,0
BRDA:49,7,1,0
BRDA:56,8,0,0
BRDA:56,8,1,0
BRDA:62,9,0,0
BRDA:62,9,1,0
BRDA:66,10,0,0
BRDA:66,10,1,0
BRDA:79,11,0,0
BRDA:79,11,1,0
BRDA:83,12,0,0
BRDA:83,12,1,0
BRDA:88,13,0,0
BRDA:88,13,1,0
BRDA:94,14,0,0
BRDA:94,14,1,0
BRDA:101,15,0,0
BRDA:101,15,1,0
BRF:33
BRH:0
end_of_record
TN:
SF:src/notifications/notifyNewUser.js
FN:11,canUseUrlInTelegram
FN:23,notifyNewUser
FNF:2
FNH:0
FNDA:0,canUseUrlInTelegram
FNDA:0,notifyNewUser
DA:3,0
DA:4,0
DA:6,0
DA:13,0
DA:24,0
DA:26,0
DA:32,0
DA:54,0
DA:58,0
DA:59,0
DA:83,0
DA:84,0
DA:86,0
DA:87,0
DA:92,0
DA:94,0
DA:95,0
DA:99,0
LF:18
LH:0
BRDA:6,0,0,0
BRDA:6,0,1,0
BRDA:14,1,0,0
BRDA:14,1,1,0
BRDA:14,1,2,0
BRDA:35,2,0,0
BRDA:35,2,1,0
BRDA:37,3,0,0
BRDA:37,3,1,0
BRDA:42,4,0,0
BRDA:42,4,1,0
BRDA:42,5,0,0
BRDA:42,5,1,0
BRDA:50,6,0,0
BRDA:50,6,1,0
BRDA:58,7,0,0
BRDA:58,7,1,0
BRDA:70,8,0,0
BRDA:70,8,1,0
BRDA:70,9,0,0
BRDA:70,9,1,0
BRDA:74,10,0,0
BRDA:74,10,1,0
BRDA:74,11,0,0
BRDA:74,11,1,0
BRDA:86,12,0,0
BRDA:86,12,1,0
BRF:27
BRH:0
end_of_record
TN:
SF:src/notifications/notifyTeamStats.js
FN:11,canUseUrlInTelegram
FN:22,notifyTeamStats
FNF:2
FNH:0
FNDA:0,canUseUrlInTelegram
FNDA:0,notifyTeamStats
DA:3,0
DA:4,0
DA:6,0
DA:12,0
DA:31,0
DA:33,0
DA:34,0
DA:37,0
DA:42,0
DA:67,0
DA:71,0
DA:72,0
DA:101,0
DA:103,0
DA:104,0
DA:105,0
DA:106,0
DA:108,0
DA:112,0
DA:121,0
DA:142,0
DA:147,0
LF:22
LH:0
BRDA:6,0,0,0
BRDA:6,0,1,0
BRDA:13,1,0,0
BRDA:13,1,1,0
BRDA:13,1,2,0
BRDA:56,2,0,0
BRDA:56,2,1,0
BRDA:58,3,0,0
BRDA:58,3,1,0
BRDA:64,4,0,0
BRDA:64,4,1,0
BRDA:71,5,0,0
BRDA:71,5,1,0
BRDA:101,6,0,0
BRDA:101,6,1,0
BRDA:104,7,0,0
BRDA:104,7,1,0
BRDA:132,8,0,0
BRDA:132,8,1,0
BRDA:133,9,0,0
BRDA:133,9,1,0
BRDA:136,10,0,0
BRDA:136,10,1,0
BRDA:136,11,0,0
BRDA:136,11,1,0
BRDA:136,12,0,0
BRDA:136,12,1,0
BRF:27
BRH:0
end_of_record
TN:
SF:src/notifications/notifyUserPromoted.js
FN:11,canUseUrlInTelegram
FN:22,notifyUserPromoted
FNF:2
FNH:0
FNDA:0,canUseUrlInTelegram
FNDA:0,notifyUserPromoted
DA:3,0
DA:4,0
DA:6,0
DA:12,0
DA:24,0
DA:26,0
DA:32,0
DA:49,0
DA:71,0
DA:75,0
DA:76,0
DA:111,0
DA:112,0
DA:114,0
DA:115,0
DA:120,0
DA:122,0
DA:123,0
DA:127,0
LF:19
LH:0
BRDA:6,0,0,0
BRDA:6,0,1,0
BRDA:13,1,0,0
BRDA:13,1,1,0
BRDA:13,1,2,0
BRDA:52,2,0,0
BRDA:52,2,1,0
BRDA:55,3,0,0
BRDA:55,3,1,0
BRDA:56,4,0,0
BRDA:56,4,1,0
BRDA:58,5,0,0
BRDA:58,5,1,0
BRDA:60,6,0,0
BRDA:60,6,1,0
BRDA:68,7,0,0
BRDA:68,7,1,0
BRDA:75,8,0,0
BRDA:75,8,1,0
BRDA:82,9,0,0
BRDA:82,9,1,0
BRDA:90,10,0,0
BRDA:90,10,1,0
BRDA:92,11,0,0
BRDA:92,11,1,0
BRDA:114,12,0,0
BRDA:114,12,1,0
BRF:27
BRH:0
end_of_record
TN:
SF:src/routes/analytics.js
FN:14,(anonymous_0)
FN:24,(anonymous_1)
FN:62,(anonymous_2)
FN:68,(anonymous_3)
FN:103,(anonymous_4)
FN:137,(anonymous_5)
FN:165,(anonymous_6)
FN:186,(anonymous_7)
FN:200,(anonymous_8)
FN:214,(anonymous_9)
FN:228,(anonymous_10)
FN:242,(anonymous_11)
FN:274,(anonymous_12)
FN:295,(anonymous_13)
FN:316,(anonymous_14)
FN:374,(anonymous_15)
FN:409,(anonymous_16)
FN:416,(anonymous_17)
FN:441,getReliabilityData
FN:445,getPunctualityData
FN:449,getWorkModeData
FNF:21
FNH:0
FNDA:0,(anonymous_0)
FNDA:0,(anonymous_1)
FNDA:0,(anonymous_2)
FNDA:0,(anonymous_3)
FNDA:0,(anonymous_4)
FNDA:0,(anonymous_5)
FNDA:0,(anonymous_6)
FNDA:0,(anonymous_7)
FNDA:0,(anonymous_8)
FNDA:0,(anonymous_9)
FNDA:0,(anonymous_10)
FNDA:0,(anonymous_11)
FNDA:0,(anonymous_12)
FNDA:0,(anonymous_13)
FNDA:0,(anonymous_14)
FNDA:0,(anonymous_15)
FNDA:0,(anonymous_16)
FNDA:0,(anonymous_17)
FNDA:0,getReliabilityData
FNDA:0,getPunctualityData
FNDA:0,getWorkModeData
DA:3,0
DA:5,0
DA:6,0
DA:7,0
DA:8,0
DA:9,0
DA:10,0
DA:11,0
DA:14,0
DA:15,0
DA:16,0
DA:20,0
DA:24,0
DA:25,0
DA:26,0
DA:30,0
DA:37,0
DA:40,0
DA:53,0
DA:54,0
DA:57,0
DA:60,0
DA:61,0
DA:62,0
DA:65,0
DA:68,0
DA:69,0
DA:70,0
DA:73,0
DA:90,0
DA:91,0
DA:99,0
DA:104,0
DA:105,0
DA:108,0
DA:115,0
DA:118,0
DA:124,0
DA:126,0
DA:127,0
DA:134,0
DA:135,0
DA:136,0
DA:137,0
DA:140,0
DA:144,0
DA:165,0
DA:167,0
DA:172,0
DA:173,0
DA:182,0
DA:187,0
DA:196,0
DA:201,0
DA:210,0
DA:215,0
DA:224,0
DA:229,0
DA:238,0
DA:243,0
DA:244,0
DA:247,0
DA:254,0
DA:257,0
DA:262,0
DA:264,0
DA:265,0
DA:272,0
DA:273,0
DA:274,0
DA:277,0
DA:278,0
DA:280,0
DA:295,0
DA:297,0
DA:302,0
DA:303,0
DA:312,0
DA:317,0
DA:319,0
DA:322,0
DA:323,0
DA:335,0
DA:338,0
DA:350,0
DA:360,0
DA:361,0
DA:370,0
DA:375,0
DA:376,0
DA:379,0
DA:386,0
DA:388,0
DA:392,0
DA:393,0
DA:396,0
DA:408,0
DA:409,0
DA:413,0
DA:416,0
DA:422,0
DA:431,0
DA:432,0
DA:442,0
DA:446,0
DA:450,0
DA:453,0
LF:107
LH:0
BRDA:15,0,0,0
BRDA:15,0,1,0
BRDA:30,1,0,0
BRDA:30,1,1,0
BRDA:37,2,0,0
BRDA:37,2,1,0
BRDA:53,3,0,0
BRDA:53,3,1,0
BRDA:62,4,0,0
BRDA:62,4,1,0
BRDA:65,5,0,0
BRDA:65,5,1,0
BRDA:69,6,0,0
BRDA:69,6,1,0
BRDA:105,7,0,0
BRDA:108,8,0,0
BRDA:108,8,1,0
BRDA:115,9,0,0
BRDA:115,9,1,0
BRDA:134,10,0,0
BRDA:134,10,1,0
BRDA:137,11,0,0
BRDA:137,11,1,0
BRDA:247,12,0,0
BRDA:247,12,1,0
BRDA:254,13,0,0
BRDA:254,13,1,0
BRDA:272,14,0,0
BRDA:272,14,1,0
BRDA:274,15,0,0
BRDA:274,15,1,0
BRDA:379,16,0,0
BRDA:379,16,1,0
BRDA:386,17,0,0
BRDA:386,17,1,0
BRDA:392,18,0,0
BRDA:392,18,1,0
BRDA:409,19,0,0
BRDA:409,19,1,0
BRDA:413,20,0,0
BRDA:413,20,1,0
BRDA:416,21,0,0
BRDA:416,21,1,0
BRF:43
BRH:0
end_of_record
TN:
SF:src/routes/audit-logs.js
FN:23,(anonymous_0)
FN:92,(anonymous_1)
FN:93,(anonymous_2)
FN:150,(anonymous_3)
FN:277,(anonymous_4)
FN:281,(anonymous_5)
FN:285,(anonymous_6)
FN:306,(anonymous_7)
FN:349,(anonymous_8)
FN:350,(anonymous_9)
FN:384,(anonymous_10)
FN:404,(anonymous_11)
FN:405,(anonymous_12)
FN:468,(anonymous_13)
FN:469,(anonymous_14)
FN:470,(anonymous_15)
FN:475,(anonymous_16)
FN:495,(anonymous_17)
FN:554,(anonymous_18)
FN:566,(anonymous_19)
FN:566,(anonymous_20)
FNF:21
FNH:0
FNDA:0,(anonymous_0)
FNDA:0,(anonymous_1)
FNDA:0,(anonymous_2)
FNDA:0,(anonymous_3)
FNDA:0,(anonymous_4)
FNDA:0,(anonymous_5)
FNDA:0,(anonymous_6)
FNDA:0,(anonymous_7)
FNDA:0,(anonymous_8)
FNDA:0,(anonymous_9)
FNDA:0,(anonymous_10)
FNDA:0,(anonymous_11)
FNDA:0,(anonymous_12)
FNDA:0,(anonymous_13)
FNDA:0,(anonymous_14)
FNDA:0,(anonymous_15)
FNDA:0,(anonymous_16)
FNDA:0,(anonymous_17)
FNDA:0,(anonymous_18)
FNDA:0,(anonymous_19)
FNDA:0,(anonymous_20)
DA:3,0
DA:5,0
DA:6,0
DA:7,0
DA:12,0
DA:14,0
DA:17,0
DA:18,0
DA:23,0
DA:24,0
DA:36,0
DA:38,0
DA:41,0
DA:42,0
DA:46,0
DA:47,0
DA:51,0
DA:52,0
DA:56,0
DA:57,0
DA:61,0
DA:62,0
DA:65,0
DA:66,0
DA:69,0
DA:70,0
DA:76,0
DA:78,0
DA:80,0
DA:92,0
DA:93,0
DA:97,0
DA:99,0
DA:105,0
DA:107,0
DA:128,0
DA:139,0
DA:140,0
DA:150,0
DA:151,0
DA:152,0
DA:155,0
DA:157,0
DA:159,0
DA:162,0
DA:164,0
DA:168,0
DA:170,0
DA:174,0
DA:176,0
DA:182,0
DA:194,0
DA:272,0
DA:277,0
DA:281,0
DA:285,0
DA:295,0
DA:296,0
DA:306,0
DA:307,0
DA:308,0
DA:310,0
DA:326,0
DA:327,0
DA:334,0
DA:335,0
DA:337,0
DA:349,0
DA:350,0
DA:352,0
DA:354,0
DA:358,0
DA:365,0
DA:370,0
DA:371,0
DA:381,0
DA:385,0
DA:386,0
DA:389,0
DA:390,0
DA:392,0
DA:404,0
DA:405,0
DA:407,0
DA:409,0
DA:415,0
DA:465,0
DA:468,0
DA:469,0
DA:470,0
DA:475,0
DA:483,0
DA:484,0
DA:495,0
DA:496,0
DA:497,0
DA:499,0
DA:502,0
DA:503,0
DA:504,0
DA:505,0
DA:506,0
DA:507,0
DA:508,0
DA:513,0
DA:533,0
DA:534,0
DA:541,0
DA:543,0
DA:554,0
DA:565,0
DA:566,0
DA:569,0
DA:570,0
DA:574,0
DA:578,0
DA:593,0
DA:594,0
DA:601,0
LF:119
LH:0
BRDA:26,0,0,0
BRDA:27,1,0,0
BRDA:28,2,0,0
BRDA:29,3,0,0
BRDA:30,4,0,0
BRDA:31,5,0,0
BRDA:32,6,0,0
BRDA:33,7,0,0
BRDA:34,8,0,0
BRDA:35,9,0,0
BRDA:41,10,0,0
BRDA:41,10,1,0
BRDA:46,11,0,0
BRDA:46,11,1,0
BRDA:51,12,0,0
BRDA:51,12,1,0
BRDA:56,13,0,0
BRDA:56,13,1,0
BRDA:61,14,0,0
BRDA:61,14,1,0
BRDA:61,15,0,0
BRDA:61,15,1,0
BRDA:65,16,0,0
BRDA:65,16,1,0
BRDA:69,17,0,0
BRDA:69,17,1,0
BRDA:76,18,0,0
BRDA:76,18,1,0
BRDA:152,19,0,0
BRDA:157,20,0,0
BRDA:157,20,1,0
BRDA:157,20,2,0
BRDA:157,20,3,0
BRDA:287,21,0,0
BRDA:287,21,1,0
BRDA:288,22,0,0
BRDA:288,22,1,0
BRDA:326,23,0,0
BRDA:326,23,1,0
BRDA:334,24,0,0
BRDA:334,24,1,0
BRDA:354,25,0,0
BRDA:354,25,1,0
BRDA:355,26,0,0
BRDA:355,26,1,0
BRDA:355,26,2,0
BRDA:389,27,0,0
BRDA:389,27,1,0
BRDA:472,28,0,0
BRDA:472,28,1,0
BRDA:473,29,0,0
BRDA:473,29,1,0
BRDA:477,30,0,0
BRDA:477,30,1,0
BRDA:478,31,0,0
BRDA:478,31,1,0
BRDA:497,32,0,0
BRDA:497,33,0,0
BRDA:502,34,0,0
BRDA:502,34,1,0
BRDA:503,35,0,0
BRDA:503,35,1,0
BRDA:504,36,0,0
BRDA:504,36,1,0
BRDA:505,37,0,0
BRDA:505,37,1,0
BRDA:507,38,0,0
BRDA:507,38,1,0
BRDA:507,39,0,0
BRDA:507,39,1,0
BRDA:541,40,0,0
BRDA:541,40,1,0
BRDA:557,41,0,0
BRDA:557,41,1,0
BRDA:558,42,0,0
BRDA:558,42,1,0
BRDA:562,43,0,0
BRDA:562,43,1,0
BRF:78
BRH:0
end_of_record
TN:
SF:src/routes/auth.js
FNF:0
FNH:0
DA:3,0
DA:4,0
DA:5,0
DA:6,0
DA:9,0
DA:15,0
DA:20,0
DA:23,0
DA:35,0
DA:43,0
DA:46,0
DA:54,0
DA:57,0
DA:59,0
LF:14
LH:0
BRDA:25,0,0,0
BRDA:25,0,1,0
BRF:2
BRH:0
end_of_record
TN:
SF:src/routes/metrics.js
FN:35,(anonymous_0)
FN:59,(anonymous_1)
FN:68,(anonymous_2)
FN:70,(anonymous_3)
FN:72,(anonymous_4)
FN:73,(anonymous_5)
FN:90,(anonymous_6)
FN:122,(anonymous_7)
FN:154,(anonymous_8)
FN:187,(anonymous_9)
FNF:10
FNH:0
FNDA:0,(anonymous_0)
FNDA:0,(anonymous_1)
FNDA:0,(anonymous_2)
FNDA:0,(anonymous_3)
FNDA:0,(anonymous_4)
FNDA:0,(anonymous_5)
FNDA:0,(anonymous_6)
FNDA:0,(anonymous_7)
FNDA:0,(anonymous_8)
FNDA:0,(anonymous_9)
DA:3,0
DA:5,0
DA:6,0
DA:7,0
DA:8,0
DA:11,0
DA:17,0
DA:25,0
DA:28,0
DA:29,0
DA:35,0
DA:36,0
DA:37,0
DA:39,0
DA:41,0
DA:47,0
DA:48,0
DA:59,0
DA:60,0
DA:61,0
DA:63,0
DA:68,0
DA:70,0
DA:72,0
DA:73,0
DA:78,0
DA:79,0
DA:90,0
DA:91,0
DA:92,0
DA:94,0
DA:110,0
DA:111,0
DA:122,0
DA:123,0
DA:124,0
DA:126,0
DA:142,0
DA:143,0
DA:154,0
DA:155,0
DA:156,0
DA:159,0
DA:160,0
DA:162,0
DA:165,0
DA:175,0
DA:176,0
DA:187,0
DA:188,0
DA:189,0
DA:191,0
DA:192,0
DA:198,0
DA:200,0
DA:207,0
DA:208,0
DA:215,0
LF:58
LH:0
BRDA:131,0,0,0
BRDA:131,0,1,0
BRDA:156,1,0,0
BRDA:156,2,0,0
BRDA:159,3,0,0
BRDA:159,3,1,0
BRDA:191,4,0,0
BRDA:191,4,1,0
BRDA:191,5,0,0
BRDA:191,5,1,0
BRF:10
BRH:0
end_of_record
TN:
SF:src/routes/reminders.js
FN:25,(anonymous_0)
FN:41,(anonymous_1)
FN:45,(anonymous_2)
FN:49,(anonymous_3)
FN:53,(anonymous_4)
FN:70,(anonymous_5)
FN:138,(anonymous_6)
FN:189,(anonymous_7)
FN:215,(anonymous_8)
FN:250,(anonymous_9)
FN:276,(anonymous_10)
FN:311,(anonymous_11)
FNF:12
FNH:0
FNDA:0,(anonymous_0)
FNDA:0,(anonymous_1)
FNDA:0,(anonymous_2)
FNDA:0,(anonymous_3)
FNDA:0,(anonymous_4)
FNDA:0,(anonymous_5)
FNDA:0,(anonymous_6)
FNDA:0,(anonymous_7)
FNDA:0,(anonymous_8)
FNDA:0,(anonymous_9)
FNDA:0,(anonymous_10)
FNDA:0,(anonymous_11)
DA:3,0
DA:5,0
DA:6,0
DA:13,0
DA:18,0
DA:20,0
DA:25,0
DA:26,0
DA:27,0
DA:29,0
DA:30,0
DA:31,0
DA:32,0
DA:34,0
DA:41,0
DA:45,0
DA:49,0
DA:53,0
DA:59,0
DA:60,0
DA:70,0
DA:71,0
DA:72,0
DA:73,0
DA:75,0
DA:76,0
DA:77,0
DA:84,0
DA:85,0
DA:86,0
DA:87,0
DA:94,0
DA:102,0
DA:103,0
DA:109,0
DA:111,0
DA:112,0
DA:121,0
DA:127,0
DA:128,0
DA:138,0
DA:139,0
DA:140,0
DA:141,0
DA:142,0
DA:144,0
DA:146,0
DA:147,0
DA:148,0
DA:150,0
DA:151,0
DA:152,0
DA:154,0
DA:155,0
DA:156,0
DA:158,0
DA:159,0
DA:160,0
DA:162,0
DA:168,0
DA:169,0
DA:176,0
DA:177,0
DA:179,0
DA:180,0
DA:181,0
DA:182,0
DA:183,0
DA:185,0
DA:189,0
DA:190,0
DA:194,0
DA:204,0
DA:205,0
DA:215,0
DA:216,0
DA:217,0
DA:218,0
DA:226,0
DA:227,0
DA:234,0
DA:235,0
DA:237,0
DA:238,0
DA:239,0
DA:240,0
DA:241,0
DA:243,0
DA:250,0
DA:251,0
DA:255,0
DA:265,0
DA:266,0
DA:276,0
DA:277,0
DA:278,0
DA:279,0
DA:280,0
DA:282,0
DA:311,0
DA:312,0
DA:313,0
DA:317,0
DA:326,0
DA:327,0
DA:334,0
LF:106
LH:0
BRDA:76,0,0,0
BRDA:76,0,1,0
BRDA:84,1,0,0
BRDA:84,1,1,0
BRDA:86,2,0,0
BRDA:86,2,1,0
BRDA:102,3,0,0
BRDA:102,3,1,0
BRDA:102,4,0,0
BRDA:102,4,1,0
BRDA:111,5,0,0
BRDA:111,5,1,0
BRDA:144,6,0,0
BRDA:144,6,1,0
BRDA:144,6,2,0
BRDA:144,6,3,0
BRDA:144,6,4,0
BRDA:168,7,0,0
BRDA:168,7,1,0
BRDA:181,8,0,0
BRDA:181,8,1,0
BRDA:226,9,0,0
BRDA:226,9,1,0
BRDA:239,10,0,0
BRDA:239,10,1,0
BRDA:312,11,0,0
BRDA:312,11,1,0
BRDA:321,12,0,0
BRDA:321,12,1,0
BRF:29
BRH:0
end_of_record
TN:
SF:src/routes/reports.js
FN:45,(anonymous_0)
FN:96,(anonymous_1)
FN:151,(anonymous_2)
FN:161,(anonymous_3)
FN:162,(anonymous_4)
FN:174,(anonymous_5)
FN:223,(anonymous_6)
FN:270,(anonymous_7)
FN:286,(anonymous_8)
FN:296,(anonymous_9)
FN:297,(anonymous_10)
FN:308,(anonymous_11)
FN:340,(anonymous_12)
FN:358,(anonymous_13)
FN:365,(anonymous_14)
FNF:15
FNH:0
FNDA:0,(anonymous_0)
FNDA:0,(anonymous_1)
FNDA:0,(anonymous_2)
FNDA:0,(anonymous_3)
FNDA:0,(anonymous_4)
FNDA:0,(anonymous_5)
FNDA:0,(anonymous_6)
FNDA:0,(anonymous_7)
FNDA:0,(anonymous_8)
FNDA:0,(anonymous_9)
FNDA:0,(anonymous_10)
FNDA:0,(anonymous_11)
FNDA:0,(anonymous_12)
FNDA:0,(anonymous_13)
FNDA:0,(anonymous_14)
DA:3,0
DA:4,0
DA:5,0
DA:6,0
DA:7,0
DA:8,0
DA:9,0
DA:10,0
DA:11,0
DA:12,0
DA:13,0
DA:16,0
DA:22,0
DA:23,0
DA:24,0
DA:25,0
DA:27,0
DA:28,0
DA:29,0
DA:30,0
DA:31,0
DA:32,0
DA:33,0
DA:34,0
DA:35,0
DA:36,0
DA:39,0
DA:40,0
DA:41,0
DA:45,0
DA:46,0
DA:47,0
DA:50,0
DA:52,0
DA:53,0
DA:58,0
DA:59,0
DA:63,0
DA:76,0
DA:79,0
DA:93,0
DA:96,0
DA:97,0
DA:114,0
DA:118,0
DA:119,0
DA:120,0
DA:121,0
DA:124,0
DA:125,0
DA:128,0
DA:129,0
DA:132,0
DA:133,0
DA:134,0
DA:136,0
DA:137,0
DA:144,0
DA:151,0
DA:152,0
DA:153,0
DA:155,0
DA:161,0
DA:162,0
DA:166,0
DA:167,0
DA:174,0
DA:175,0
DA:176,0
DA:179,0
DA:181,0
DA:182,0
DA:187,0
DA:188,0
DA:192,0
DA:205,0
DA:206,0
DA:207,0
DA:209,0
DA:212,0
DA:215,0
DA:220,0
DA:223,0
DA:224,0
DA:225,0
DA:228,0
DA:256,0
DA:258,0
DA:261,0
DA:264,0
DA:267,0
DA:270,0
DA:272,0
DA:273,0
DA:274,0
DA:276,0
DA:277,0
DA:280,0
DA:286,0
DA:287,0
DA:288,0
DA:290,0
DA:296,0
DA:297,0
DA:302,0
DA:303,0
DA:308,0
DA:309,0
DA:310,0
DA:312,0
DA:314,0
DA:315,0
DA:320,0
DA:321,0
DA:325,0
DA:338,0
DA:340,0
DA:341,0
DA:342,0
DA:343,0
DA:353,0
DA:354,0
DA:358,0
DA:359,0
DA:364,0
DA:365,0
DA:368,0
DA:370,0
DA:371,0
DA:375,0
LF:130
LH:0
BRDA:40,0,0,0
BRDA:40,0,1,0
BRDA:52,1,0,0
BRDA:52,1,1,0
BRDA:52,2,0,0
BRDA:52,2,1,0
BRDA:58,3,0,0
BRDA:58,3,1,0
BRDA:99,4,0,0
BRDA:99,4,1,0
BRDA:100,5,0,0
BRDA:100,5,1,0
BRDA:101,6,0,0
BRDA:101,6,1,0
BRDA:102,7,0,0
BRDA:102,7,1,0
BRDA:103,8,0,0
BRDA:103,8,1,0
BRDA:104,9,0,0
BRDA:104,9,1,0
BRDA:105,10,0,0
BRDA:105,10,1,0
BRDA:107,11,0,0
BRDA:107,11,1,0
BRDA:110,12,0,0
BRDA:110,12,1,0
BRDA:111,13,0,0
BRDA:111,13,1,0
BRDA:112,14,0,0
BRDA:112,14,1,0
BRDA:133,15,0,0
BRDA:133,15,1,0
BRDA:133,16,0,0
BRDA:133,16,1,0
BRDA:136,17,0,0
BRDA:136,17,1,0
BRDA:152,18,0,0
BRDA:152,18,1,0
BRDA:181,19,0,0
BRDA:181,19,1,0
BRDA:181,20,0,0
BRDA:181,20,1,0
BRDA:187,21,0,0
BRDA:187,21,1,0
BRDA:217,22,0,0
BRDA:217,22,1,0
BRDA:217,23,0,0
BRDA:217,23,1,0
BRDA:224,24,0,0
BRDA:224,24,1,0
BRDA:224,25,0,0
BRDA:224,25,1,0
BRDA:231,26,0,0
BRDA:231,26,1,0
BRDA:236,27,0,0
BRDA:236,27,1,0
BRDA:241,28,0,0
BRDA:241,28,1,0
BRDA:246,29,0,0
BRDA:246,29,1,0
BRDA:251,30,0,0
BRDA:251,30,1,0
BRDA:251,31,0,0
BRDA:251,31,1,0
BRDA:256,32,0,0
BRDA:256,32,1,0
BRDA:258,33,0,0
BRDA:258,33,1,0
BRDA:273,34,0,0
BRDA:273,34,1,0
BRDA:273,35,0,0
BRDA:273,35,1,0
BRDA:276,36,0,0
BRDA:276,36,1,0
BRDA:287,37,0,0
BRDA:287,37,1,0
BRDA:314,38,0,0
BRDA:314,38,1,0
BRDA:314,39,0,0
BRDA:314,39,1,0
BRDA:320,40,0,0
BRDA:320,40,1,0
BRDA:342,41,0,0
BRDA:342,41,1,0
BRDA:345,42,0,0
BRDA:345,42,1,0
BRDA:346,43,0,0
BRDA:346,43,1,0
BRDA:353,44,0,0
BRDA:353,44,1,0
BRDA:360,45,0,0
BRDA:360,45,1,0
BRF:92
BRH:0
end_of_record
TN:
SF:src/routes/schedule.js
FN:19,(anonymous_0)
FN:89,(anonymous_1)
FN:92,(anonymous_2)
FN:93,(anonymous_3)
FN:111,(anonymous_4)
FN:144,(anonymous_5)
FN:158,(anonymous_6)
FN:218,(anonymous_7)
FN:297,(anonymous_8)
FN:377,calculateMonthStatistics
FN:402,(anonymous_10)
FN:403,(anonymous_11)
FN:406,(anonymous_12)
FN:409,(anonymous_13)
FN:412,(anonymous_14)
FN:414,(anonymous_15)
FN:416,(anonymous_16)
FN:419,(anonymous_17)
FN:446,(anonymous_18)
FN:460,calculateUserStatistics
FN:472,(anonymous_20)
FN:474,(anonymous_21)
FN:475,(anonymous_22)
FN:476,(anonymous_23)
FN:478,(anonymous_24)
FN:482,(anonymous_25)
FNF:26
FNH:0
FNDA:0,(anonymous_0)
FNDA:0,(anonymous_1)
FNDA:0,(anonymous_2)
FNDA:0,(anonymous_3)
FNDA:0,(anonymous_4)
FNDA:0,(anonymous_5)
FNDA:0,(anonymous_6)
FNDA:0,(anonymous_7)
FNDA:0,(anonymous_8)
FNDA:0,calculateMonthStatistics
FNDA:0,(anonymous_10)
FNDA:0,(anonymous_11)
FNDA:0,(anonymous_12)
FNDA:0,(anonymous_13)
FNDA:0,(anonymous_14)
FNDA:0,(anonymous_15)
FNDA:0,(anonymous_16)
FNDA:0,(anonymous_17)
FNDA:0,(anonymous_18)
FNDA:0,calculateUserStatistics
FNDA:0,(anonymous_20)
FNDA:0,(anonymous_21)
FNDA:0,(anonymous_22)
FNDA:0,(anonymous_23)
FNDA:0,(anonymous_24)
FNDA:0,(anonymous_25)
DA:3,0
DA:5,0
DA:6,0
DA:7,0
DA:8,0
DA:9,0
DA:11,0
DA:14,0
DA:19,0
DA:20,0
DA:21,0
DA:22,0
DA:25,0
DA:26,0
DA:27,0
DA:33,0
DA:34,0
DA:37,0
DA:39,0
DA:41,0
DA:44,0
DA:45,0
DA:47,0
DA:49,0
DA:63,0
DA:64,0
DA:66,0
DA:68,0
DA:72,0
DA:74,0
DA:89,0
DA:91,0
DA:93,0
DA:97,0
DA:100,0
DA:101,0
DA:111,0
DA:114,0
DA:129,0
DA:130,0
DA:132,0
DA:133,0
DA:134,0
DA:136,0
DA:144,0
DA:145,0
DA:157,0
DA:158,0
DA:161,0
DA:162,0
DA:170,0
DA:174,0
DA:175,0
DA:176,0
DA:177,0
DA:178,0
DA:180,0
DA:182,0
DA:183,0
DA:189,0
DA:195,0
DA:207,0
DA:208,0
DA:218,0
DA:219,0
DA:220,0
DA:221,0
DA:222,0
DA:225,0
DA:226,0
DA:232,0
DA:236,0
DA:237,0
DA:244,0
DA:245,0
DA:256,0
DA:257,0
DA:264,0
DA:265,0
DA:268,0
DA:276,0
DA:286,0
DA:287,0
DA:297,0
DA:298,0
DA:299,0
DA:300,0
DA:302,0
DA:303,0
DA:305,0
DA:309,0
DA:318,0
DA:319,0
DA:320,0
DA:321,0
DA:323,0
DA:324,0
DA:325,0
DA:331,0
DA:341,0
DA:353,0
DA:360,0
DA:365,0
DA:366,0
DA:378,0
DA:390,0
DA:391,0
DA:394,0
DA:395,0
DA:396,0
DA:397,0
DA:400,0
DA:402,0
DA:403,0
DA:405,0
DA:406,0
DA:408,0
DA:409,0
DA:411,0
DA:412,0
DA:414,0
DA:415,0
DA:416,0
DA:419,0
DA:421,0
DA:422,0
DA:423,0
DA:424,0
DA:425,0
DA:427,0
DA:444,0
DA:445,0
DA:446,0
DA:449,0
DA:457,0
DA:461,0
DA:462,0
DA:463,0
DA:465,0
DA:466,0
DA:467,0
DA:471,0
DA:472,0
DA:474,0
DA:475,0
DA:476,0
DA:477,0
DA:478,0
DA:481,0
DA:482,0
DA:485,0
DA:487,0
DA:502,0
LF:153
LH:0
BRDA:21,0,0,0
BRDA:26,1,0,0
BRDA:26,1,1,0
BRDA:39,2,0,0
BRDA:39,2,1,0
BRDA:44,3,0,0
BRDA:44,3,1,0
BRDA:47,4,0,0
BRDA:47,4,1,0
BRDA:63,5,0,0
BRDA:63,5,1,0
BRDA:66,6,0,0
BRDA:66,6,1,0
BRDA:72,7,0,0
BRDA:72,7,1,0
BRDA:100,8,0,0
BRDA:100,8,1,0
BRDA:139,9,0,0
BRDA:139,9,1,0
BRDA:158,10,0,0
BRDA:158,10,1,0
BRDA:161,11,0,0
BRDA:161,11,1,0
BRDA:170,12,0,0
BRDA:170,12,1,0
BRDA:171,13,0,0
BRDA:171,13,1,0
BRDA:175,14,0,0
BRDA:175,14,1,0
BRDA:175,15,0,0
BRDA:175,15,1,0
BRDA:177,16,0,0
BRDA:177,16,1,0
BRDA:182,17,0,0
BRDA:182,17,1,0
BRDA:225,18,0,0
BRDA:225,18,1,0
BRDA:225,19,0,0
BRDA:225,19,1,0
BRDA:236,20,0,0
BRDA:236,20,1,0
BRDA:244,21,0,0
BRDA:244,21,1,0
BRDA:256,22,0,0
BRDA:256,22,1,0
BRDA:264,23,0,0
BRDA:264,23,1,0
BRDA:265,24,0,0
BRDA:265,24,1,0
BRDA:299,25,0,0
BRDA:318,26,0,0
BRDA:318,26,1,0
BRDA:320,27,0,0
BRDA:320,27,1,0
BRDA:321,28,0,0
BRDA:321,28,1,0
BRDA:324,29,0,0
BRDA:324,29,1,0
BRDA:324,30,0,0
BRDA:324,30,1,0
BRDA:396,31,0,0
BRDA:396,31,1,0
BRDA:396,32,0,0
BRDA:396,32,1,0
BRDA:406,33,0,0
BRDA:406,33,1,0
BRDA:419,34,0,0
BRDA:419,34,1,0
BRDA:438,35,0,0
BRDA:438,35,1,0
BRDA:444,36,0,0
BRDA:444,36,1,0
BRDA:450,37,0,0
BRDA:450,37,1,0
BRDA:466,38,0,0
BRDA:466,38,1,0
BRDA:466,39,0,0
BRDA:466,39,1,0
BRDA:472,40,0,0
BRDA:472,40,1,0
BRDA:482,41,0,0
BRDA:482,41,1,0
BRDA:496,42,0,0
BRDA:496,42,1,0
BRF:84
BRH:0
end_of_record
TN:
SF:src/routes/system-config.js
FN:26,(anonymous_0)
FN:80,(anonymous_1)
FN:122,(anonymous_2)
FNF:3
FNH:0
FNDA:0,(anonymous_0)
FNDA:0,(anonymous_1)
FNDA:0,(anonymous_2)
DA:3,0
DA:4,0
DA:5,0
DA:6,0
DA:9,0
DA:14,0
DA:22,0
DA:27,0
DA:28,0
DA:59,0
DA:61,0
DA:67,0
DA:68,0
DA:80,0
DA:81,0
DA:82,0
DA:104,0
DA:110,0
DA:111,0
DA:122,0
DA:123,0
DA:124,0
DA:129,0
DA:155,0
DA:160,0
DA:167,0
DA:168,0
DA:175,0
LF:28
LH:0
BRDA:30,0,0,0
BRDA:30,0,1,0
BRDA:31,1,0,0
BRDA:31,1,1,0
BRDA:32,2,0,0
BRDA:32,2,1,0
BRDA:40,3,0,0
BRDA:40,3,1,0
BRDA:41,4,0,0
BRDA:41,4,1,0
BRDA:42,5,0,0
BRDA:42,5,1,0
BRDA:43,6,0,0
BRDA:43,6,1,0
BRDA:84,7,0,0
BRDA:84,7,1,0
BRDA:85,8,0,0
BRDA:85,8,1,0
BRDA:86,9,0,0
BRDA:86,9,1,0
BRDA:93,10,0,0
BRDA:93,10,1,0
BRDA:94,11,0,0
BRDA:94,11,1,0
BRDA:95,12,0,0
BRDA:95,12,1,0
BRDA:131,13,0,0
BRDA:131,13,1,0
BRDA:132,14,0,0
BRDA:132,14,1,0
BRDA:133,15,0,0
BRDA:133,15,1,0
BRDA:141,16,0,0
BRDA:141,16,1,0
BRDA:142,17,0,0
BRDA:142,17,1,0
BRDA:143,18,0,0
BRDA:143,18,1,0
BRDA:144,19,0,0
BRDA:144,19,1,0
BRF:40
BRH:0
end_of_record
TN:
SF:src/routes/teams.js
FN:25,(anonymous_0)
FN:89,(anonymous_1)
FN:96,(anonymous_2)
FN:128,(anonymous_3)
FN:180,(anonymous_4)
FN:246,(anonymous_5)
FN:293,(anonymous_6)
FN:392,(anonymous_7)
FN:439,(anonymous_8)
FN:506,(anonymous_9)
FN:551,(anonymous_10)
FN:608,(anonymous_11)
FN:631,(anonymous_12)
FN:667,(anonymous_13)
FN:671,(anonymous_14)
FN:678,(anonymous_15)
FN:679,(anonymous_16)
FN:680,(anonymous_17)
FN:681,(anonymous_18)
FN:684,(anonymous_19)
FN:685,(anonymous_20)
FN:694,(anonymous_21)
FN:701,(anonymous_22)
FN:732,(anonymous_23)
FNF:24
FNH:0
FNDA:0,(anonymous_0)
FNDA:0,(anonymous_1)
FNDA:0,(anonymous_2)
FNDA:0,(anonymous_3)
FNDA:0,(anonymous_4)
FNDA:0,(anonymous_5)
FNDA:0,(anonymous_6)
FNDA:0,(anonymous_7)
FNDA:0,(anonymous_8)
FNDA:0,(anonymous_9)
FNDA:0,(anonymous_10)
FNDA:0,(anonymous_11)
FNDA:0,(anonymous_12)
FNDA:0,(anonymous_13)
FNDA:0,(anonymous_14)
FNDA:0,(anonymous_15)
FNDA:0,(anonymous_16)
FNDA:0,(anonymous_17)
FNDA:0,(anonymous_18)
FNDA:0,(anonymous_19)
FNDA:0,(anonymous_20)
FNDA:0,(anonymous_21)
FNDA:0,(anonymous_22)
FNDA:0,(anonymous_23)
DA:3,0
DA:5,0
DA:6,0
DA:7,0
DA:13,0
DA:14,0
DA:16,0
DA:19,0
DA:20,0
DA:25,0
DA:26,0
DA:35,0
DA:37,0
DA:40,0
DA:41,0
DA:45,0
DA:46,0
DA:50,0
DA:51,0
DA:55,0
DA:56,0
DA:59,0
DA:61,0
DA:88,0
DA:90,0
DA:93,0
DA:96,0
DA:97,0
DA:98,0
DA:99,0
DA:102,0
DA:106,0
DA:117,0
DA:118,0
DA:128,0
DA:129,0
DA:130,0
DA:132,0
DA:157,0
DA:158,0
DA:164,0
DA:169,0
DA:170,0
DA:180,0
DA:181,0
DA:188,0
DA:191,0
DA:192,0
DA:199,0
DA:200,0
DA:201,0
DA:208,0
DA:209,0
DA:210,0
DA:211,0
DA:217,0
DA:218,0
DA:225,0
DA:236,0
DA:245,0
DA:246,0
DA:253,0
DA:257,0
DA:260,0
DA:276,0
DA:282,0
DA:283,0
DA:293,0
DA:294,0
DA:295,0
DA:296,0
DA:298,0
DA:299,0
DA:300,0
DA:307,0
DA:310,0
DA:311,0
DA:318,0
DA:319,0
DA:327,0
DA:328,0
DA:329,0
DA:330,0
DA:336,0
DA:337,0
DA:344,0
DA:347,0
DA:359,0
DA:375,0
DA:381,0
DA:382,0
DA:392,0
DA:393,0
DA:394,0
DA:396,0
DA:397,0
DA:398,0
DA:404,0
DA:407,0
DA:413,0
DA:423,0
DA:428,0
DA:429,0
DA:439,0
DA:440,0
DA:441,0
DA:442,0
DA:444,0
DA:445,0
DA:446,0
DA:452,0
DA:453,0
DA:454,0
DA:461,0
DA:465,0
DA:466,0
DA:472,0
DA:479,0
DA:487,0
DA:492,0
DA:493,0
DA:503,0
DA:507,0
DA:508,0
DA:510,0
DA:514,0
DA:515,0
DA:521,0
DA:523,0
DA:531,0
DA:536,0
DA:537,0
DA:548,0
DA:552,0
DA:553,0
DA:554,0
DA:556,0
DA:557,0
DA:563,0
DA:567,0
DA:568,0
DA:574,0
DA:575,0
DA:577,0
DA:591,0
DA:596,0
DA:597,0
DA:608,0
DA:609,0
DA:610,0
DA:611,0
DA:613,0
DA:624,0
DA:625,0
DA:631,0
DA:633,0
DA:634,0
DA:644,0
DA:646,0
DA:647,0
DA:652,0
DA:664,0
DA:667,0
DA:671,0
DA:678,0
DA:679,0
DA:680,0
DA:681,0
DA:685,0
DA:686,0
DA:688,0
DA:694,0
DA:701,0
DA:712,0
DA:721,0
DA:722,0
DA:732,0
DA:733,0
DA:734,0
DA:742,0
DA:747,0
DA:748,0
DA:755,0
LF:183
LH:0
BRDA:28,0,0,0
BRDA:29,1,0,0
BRDA:30,2,0,0
BRDA:31,3,0,0
BRDA:32,4,0,0
BRDA:33,5,0,0
BRDA:34,6,0,0
BRDA:40,7,0,0
BRDA:40,7,1,0
BRDA:45,8,0,0
BRDA:45,8,1,0
BRDA:50,9,0,0
BRDA:50,9,1,0
BRDA:55,10,0,0
BRDA:55,10,1,0
BRDA:98,11,0,0
BRDA:98,11,1,0
BRDA:157,12,0,0
BRDA:157,12,1,0
BRDA:184,13,0,0
BRDA:185,14,0,0
BRDA:186,15,0,0
BRDA:187,16,0,0
BRDA:191,17,0,0
BRDA:191,17,1,0
BRDA:200,18,0,0
BRDA:200,18,1,0
BRDA:208,19,0,0
BRDA:208,19,1,0
BRDA:210,20,0,0
BRDA:210,20,1,0
BRDA:217,21,0,0
BRDA:217,21,1,0
BRDA:245,22,0,0
BRDA:245,22,1,0
BRDA:247,23,0,0
BRDA:247,23,1,0
BRDA:249,24,0,0
BRDA:249,24,1,0
BRDA:249,25,0,0
BRDA:249,25,1,0
BRDA:299,26,0,0
BRDA:299,26,1,0
BRDA:310,27,0,0
BRDA:310,27,1,0
BRDA:310,28,0,0
BRDA:310,28,1,0
BRDA:318,29,0,0
BRDA:318,29,1,0
BRDA:327,30,0,0
BRDA:327,30,1,0
BRDA:329,31,0,0
BRDA:329,31,1,0
BRDA:336,32,0,0
BRDA:336,32,1,0
BRDA:397,33,0,0
BRDA:397,33,1,0
BRDA:442,34,0,0
BRDA:445,35,0,0
BRDA:445,35,1,0
BRDA:453,36,0,0
BRDA:453,36,1,0
BRDA:465,37,0,0
BRDA:465,37,1,0
BRDA:514,38,0,0
BRDA:514,38,1,0
BRDA:556,39,0,0
BRDA:556,39,1,0
BRDA:556,40,0,0
BRDA:556,40,1,0
BRDA:567,41,0,0
BRDA:567,41,1,0
BRDA:624,42,0,0
BRDA:624,42,1,0
BRDA:633,43,0,0
BRDA:633,43,1,0
BRDA:646,44,0,0
BRDA:646,44,1,0
BRDA:646,45,0,0
BRDA:646,45,1,0
BRDA:667,46,0,0
BRDA:667,46,1,0
BRDA:669,47,0,0
BRDA:669,47,1,0
BRDA:671,48,0,0
BRDA:671,48,1,0
BRDA:690,49,0,0
BRDA:690,49,1,0
BRDA:691,50,0,0
BRDA:691,50,1,0
BRDA:694,51,0,0
BRDA:694,51,1,0
BRDA:698,52,0,0
BRDA:698,52,1,0
BRDA:701,53,0,0
BRDA:701,53,1,0
BRF:96
BRH:0
end_of_record
TN:
SF:src/routes/telegram-admin.js
FN:27,(anonymous_0)
FN:41,(anonymous_1)
FN:97,(anonymous_2)
FN:173,(anonymous_3)
FN:174,(anonymous_4)
FN:175,(anonymous_5)
FN:176,(anonymous_6)
FN:192,(anonymous_7)
FN:214,(anonymous_8)
FN:246,(anonymous_9)
FN:312,(anonymous_10)
FN:361,(anonymous_11)
FN:402,(anonymous_12)
FN:437,(anonymous_13)
FN:438,(anonymous_14)
FN:439,(anonymous_15)
FN:444,(anonymous_16)
FN:464,(anonymous_17)
FN:505,getAbsenceText
FN:519,(anonymous_19)
FN:576,(anonymous_20)
FN:585,(anonymous_21)
FN:618,(anonymous_22)
FN:632,(anonymous_23)
FN:637,(anonymous_24)
FN:668,(anonymous_25)
FN:754,(anonymous_26)
FN:833,(anonymous_27)
FN:893,(anonymous_28)
FN:952,(anonymous_29)
FN:968,(anonymous_30)
FNF:31
FNH:0
FNDA:0,(anonymous_0)
FNDA:0,(anonymous_1)
FNDA:0,(anonymous_2)
FNDA:0,(anonymous_3)
FNDA:0,(anonymous_4)
FNDA:0,(anonymous_5)
FNDA:0,(anonymous_6)
FNDA:0,(anonymous_7)
FNDA:0,(anonymous_8)
FNDA:0,(anonymous_9)
FNDA:0,(anonymous_10)
FNDA:0,(anonymous_11)
FNDA:0,(anonymous_12)
FNDA:0,(anonymous_13)
FNDA:0,(anonymous_14)
FNDA:0,(anonymous_15)
FNDA:0,(anonymous_16)
FNDA:0,(anonymous_17)
FNDA:0,getAbsenceText
FNDA:0,(anonymous_19)
FNDA:0,(anonymous_20)
FNDA:0,(anonymous_21)
FNDA:0,(anonymous_22)
FNDA:0,(anonymous_23)
FNDA:0,(anonymous_24)
FNDA:0,(anonymous_25)
FNDA:0,(anonymous_26)
FNDA:0,(anonymous_27)
FNDA:0,(anonymous_28)
FNDA:0,(anonymous_29)
FNDA:0,(anonymous_30)
DA:3,0
DA:5,0
DA:6,0
DA:14,0
DA:15,0
DA:16,0
DA:18,0
DA:21,0
DA:22,0
DA:27,0
DA:28,0
DA:29,0
DA:34,0
DA:41,0
DA:42,0
DA:43,0
DA:45,0
DA:97,0
DA:98,0
DA:99,0
DA:101,0
DA:102,0
DA:103,0
DA:105,0
DA:106,0
DA:107,0
DA:108,0
DA:109,0
DA:110,0
DA:112,0
DA:113,0
DA:114,0
DA:115,0
DA:117,0
DA:118,0
DA:119,0
DA:120,0
DA:123,0
DA:124,0
DA:125,0
DA:126,0
DA:130,0
DA:169,0
DA:173,0
DA:174,0
DA:175,0
DA:176,0
DA:181,0
DA:182,0
DA:192,0
DA:193,0
DA:194,0
DA:196,0
DA:214,0
DA:233,0
DA:235,0
DA:236,0
DA:246,0
DA:247,0
DA:248,0
DA:249,0
DA:251,0
DA:255,0
DA:256,0
DA:261,0
DA:270,0
DA:279,0
DA:289,0
DA:301,0
DA:302,0
DA:312,0
DA:313,0
DA:314,0
DA:315,0
DA:317,0
DA:318,0
DA:319,0
DA:324,0
DA:325,0
DA:330,0
DA:332,0
DA:341,0
DA:350,0
DA:351,0
DA:361,0
DA:362,0
DA:363,0
DA:365,0
DA:366,0
DA:367,0
DA:372,0
DA:374,0
DA:382,0
DA:391,0
DA:392,0
DA:402,0
DA:403,0
DA:404,0
DA:405,0
DA:406,0
DA:407,0
DA:410,0
DA:416,0
DA:423,0
DA:427,0
DA:434,0
DA:437,0
DA:438,0
DA:439,0
DA:444,0
DA:453,0
DA:454,0
DA:464,0
DA:465,0
DA:466,0
DA:468,0
DA:472,0
DA:473,0
DA:478,0
DA:486,0
DA:488,0
DA:495,0
DA:497,0
DA:498,0
DA:506,0
DA:512,0
DA:519,0
DA:520,0
DA:528,0
DA:530,0
DA:531,0
DA:534,0
DA:535,0
DA:538,0
DA:539,0
DA:542,0
DA:543,0
DA:551,0
DA:561,0
DA:562,0
DA:563,0
DA:566,0
DA:576,0
DA:585,0
DA:593,0
DA:606,0
DA:607,0
DA:618,0
DA:619,0
DA:620,0
DA:632,0
DA:637,0
DA:647,0
DA:652,0
DA:653,0
DA:664,0
DA:669,0
DA:670,0
DA:671,0
DA:673,0
DA:674,0
DA:675,0
DA:682,0
DA:683,0
DA:689,0
DA:690,0
DA:691,0
DA:697,0
DA:698,0
DA:701,0
DA:713,0
DA:714,0
DA:727,0
DA:737,0
DA:738,0
DA:750,0
DA:755,0
DA:756,0
DA:757,0
DA:759,0
DA:760,0
DA:761,0
DA:767,0
DA:768,0
DA:769,0
DA:770,0
DA:771,0
DA:779,0
DA:782,0
DA:783,0
DA:785,0
DA:786,0
DA:788,0
DA:790,0
DA:791,0
DA:793,0
DA:797,0
DA:809,0
DA:820,0
DA:821,0
DA:833,0
DA:834,0
DA:835,0
DA:837,0
DA:838,0
DA:845,0
DA:846,0
DA:847,0
DA:853,0
DA:859,0
DA:860,0
DA:870,0
DA:881,0
DA:882,0
DA:893,0
DA:894,0
DA:895,0
DA:897,0
DA:907,0
DA:908,0
DA:915,0
DA:916,0
DA:923,0
DA:926,0
DA:935,0
DA:940,0
DA:941,0
DA:952,0
DA:953,0
DA:954,0
DA:960,0
DA:968,0
DA:969,0
DA:970,0
DA:973,0
DA:988,0
DA:989,0
DA:996,0
LF:238
LH:0
BRDA:28,0,0,0
BRDA:28,0,1,0
BRDA:105,1,0,0
BRDA:105,1,1,0
BRDA:109,2,0,0
BRDA:109,2,1,0
BRDA:110,3,0,0
BRDA:110,3,1,0
BRDA:110,3,2,0
BRDA:110,3,3,0
BRDA:147,4,0,0
BRDA:147,4,1,0
BRDA:156,5,0,0
BRDA:156,5,1,0
BRDA:221,6,0,0
BRDA:221,6,1,0
BRDA:221,7,0,0
BRDA:221,7,1,0
BRDA:255,8,0,0
BRDA:255,8,1,0
BRDA:318,9,0,0
BRDA:318,9,1,0
BRDA:324,10,0,0
BRDA:324,10,1,0
BRDA:335,11,0,0
BRDA:335,11,1,0
BRDA:366,12,0,0
BRDA:366,12,1,0
BRDA:472,13,0,0
BRDA:472,13,1,0
BRDA:512,14,0,0
BRDA:512,14,1,0
BRDA:522,15,0,0
BRDA:523,16,0,0
BRDA:527,17,0,0
BRDA:534,18,0,0
BRDA:534,18,1,0
BRDA:534,19,0,0
BRDA:534,19,1,0
BRDA:538,20,0,0
BRDA:538,20,1,0
BRDA:538,21,0,0
BRDA:538,21,1,0
BRDA:542,22,0,0
BRDA:542,22,1,0
BRDA:561,23,0,0
BRDA:561,23,1,0
BRDA:561,24,0,0
BRDA:561,24,1,0
BRDA:585,25,0,0
BRDA:585,25,1,0
BRDA:635,26,0,0
BRDA:635,26,1,0
BRDA:637,27,0,0
BRDA:637,27,1,0
BRDA:674,28,0,0
BRDA:674,28,1,0
BRDA:682,29,0,0
BRDA:682,29,1,0
BRDA:690,30,0,0
BRDA:690,30,1,0
BRDA:713,31,0,0
BRDA:713,31,1,0
BRDA:757,32,0,0
BRDA:760,33,0,0
BRDA:760,33,1,0
BRDA:768,34,0,0
BRDA:768,34,1,0
BRDA:770,35,0,0
BRDA:770,35,1,0
BRDA:779,36,0,0
BRDA:779,36,1,0
BRDA:779,36,2,0
BRDA:782,37,0,0
BRDA:782,37,1,0
BRDA:785,38,0,0
BRDA:785,38,1,0
BRDA:790,39,0,0
BRDA:790,39,1,0
BRDA:837,40,0,0
BRDA:837,40,1,0
BRDA:837,41,0,0
BRDA:837,41,1,0
BRDA:846,42,0,0
BRDA:846,42,1,0
BRDA:855,43,0,0
BRDA:855,43,1,0
BRDA:859,44,0,0
BRDA:859,44,1,0
BRDA:859,45,0,0
BRDA:859,45,1,0
BRDA:907,46,0,0
BRDA:907,46,1,0
BRDA:915,47,0,0
BRDA:915,47,1,0
BRDA:915,48,0,0
BRDA:915,48,1,0
BRDA:981,49,0,0
BRDA:981,49,1,0
BRDA:982,50,0,0
BRDA:982,50,1,0
BRDA:983,51,0,0
BRDA:983,51,1,0
BRF:103
BRH:0
end_of_record
TN:
SF:src/routes/telegram.js
FN:15,(anonymous_0)
FN:52,(anonymous_1)
FN:89,(anonymous_2)
FNF:3
FNH:0
FNDA:0,(anonymous_0)
FNDA:0,(anonymous_1)
FNDA:0,(anonymous_2)
DA:3,0
DA:5,0
DA:6,0
DA:10,0
DA:15,0
DA:16,0
DA:17,0
DA:19,0
DA:20,0
DA:26,0
DA:28,0
DA:29,0
DA:35,0
DA:41,0
DA:42,0
DA:52,0
DA:53,0
DA:54,0
DA:56,0
DA:57,0
DA:63,0
DA:65,0
DA:66,0
DA:72,0
DA:78,0
DA:79,0
DA:89,0
DA:90,0
DA:91,0
DA:93,0
DA:94,0
DA:100,0
DA:101,0
DA:105,0
DA:115,0
DA:116,0
DA:123,0
LF:37
LH:0
BRDA:19,0,0,0
BRDA:19,0,1,0
BRDA:28,1,0,0
BRDA:28,1,1,0
BRDA:56,2,0,0
BRDA:56,2,1,0
BRDA:56,3,0,0
BRDA:56,3,1,0
BRDA:65,4,0,0
BRDA:65,4,1,0
BRDA:93,5,0,0
BRDA:93,5,1,0
BRDA:93,6,0,0
BRDA:93,6,1,0
BRF:14
BRH:0
end_of_record
TN:
SF:src/routes/test-events.js
FN:12,(anonymous_0)
FN:40,(anonymous_1)
FN:72,(anonymous_2)
FN:122,(anonymous_3)
FN:159,(anonymous_4)
FN:191,(anonymous_5)
FN:205,(anonymous_6)
FN:216,(anonymous_7)
FN:244,(anonymous_8)
FN:301,(anonymous_9)
FN:342,(anonymous_10)
FNF:11
FNH:0
FNDA:0,(anonymous_0)
FNDA:0,(anonymous_1)
FNDA:0,(anonymous_2)
FNDA:0,(anonymous_3)
FNDA:0,(anonymous_4)
FNDA:0,(anonymous_5)
FNDA:0,(anonymous_6)
FNDA:0,(anonymous_7)
FNDA:0,(anonymous_8)
FNDA:0,(anonymous_9)
FNDA:0,(anonymous_10)
DA:3,0
DA:5,0
DA:6,0
DA:7,0
DA:12,0
DA:13,0
DA:14,0
DA:22,0
DA:24,0
DA:30,0
DA:40,0
DA:41,0
DA:42,0
DA:54,0
DA:56,0
DA:62,0
DA:72,0
DA:73,0
DA:74,0
DA:104,0
DA:106,0
DA:112,0
DA:122,0
DA:123,0
DA:124,0
DA:141,0
DA:143,0
DA:149,0
DA:159,0
DA:160,0
DA:161,0
DA:173,0
DA:175,0
DA:181,0
DA:191,0
DA:192,0
DA:193,0
DA:194,0
DA:197,0
DA:205,0
DA:207,0
DA:216,0
DA:218,0
DA:228,0
DA:234,0
DA:244,0
DA:245,0
DA:301,0
DA:302,0
DA:303,0
DA:304,0
DA:306,0
DA:307,0
DA:315,0
DA:319,0
DA:326,0
DA:330,0
DA:342,0
DA:343,0
DA:344,0
DA:346,0
DA:347,0
DA:353,0
DA:355,0
DA:371,0
DA:373,0
DA:374,0
DA:380,0
DA:386,0
DA:387,0
DA:395,0
LF:71
LH:0
BRDA:15,0,0,0
BRDA:15,0,1,0
BRDA:16,1,0,0
BRDA:16,1,1,0
BRDA:17,2,0,0
BRDA:17,2,1,0
BRDA:18,3,0,0
BRDA:18,3,1,0
BRDA:45,4,0,0
BRDA:45,4,1,0
BRDA:46,5,0,0
BRDA:46,5,1,0
BRDA:47,6,0,0
BRDA:47,6,1,0
BRDA:49,7,0,0
BRDA:49,7,1,0
BRDA:50,8,0,0
BRDA:50,8,1,0
BRDA:51,9,0,0
BRDA:51,9,1,0
BRDA:77,10,0,0
BRDA:77,10,1,0
BRDA:88,11,0,0
BRDA:88,11,1,0
BRDA:89,12,0,0
BRDA:89,12,1,0
BRDA:90,13,0,0
BRDA:90,13,1,0
BRDA:92,14,0,0
BRDA:92,14,1,0
BRDA:125,15,0,0
BRDA:125,15,1,0
BRDA:126,16,0,0
BRDA:126,16,1,0
BRDA:127,17,0,0
BRDA:127,17,1,0
BRDA:128,18,0,0
BRDA:128,18,1,0
BRDA:129,19,0,0
BRDA:129,19,1,0
BRDA:130,20,0,0
BRDA:130,20,1,0
BRDA:136,21,0,0
BRDA:136,21,1,0
BRDA:162,22,0,0
BRDA:162,22,1,0
BRDA:163,23,0,0
BRDA:163,23,1,0
BRDA:164,24,0,0
BRDA:164,24,1,0
BRDA:165,25,0,0
BRDA:165,25,1,0
BRDA:166,26,0,0
BRDA:166,26,1,0
BRDA:193,27,0,0
BRDA:193,27,1,0
BRDA:194,28,0,0
BRDA:194,28,1,0
BRDA:306,29,0,0
BRDA:306,29,1,0
BRDA:306,30,0,0
BRDA:306,30,1,0
BRDA:306,30,2,0
BRDA:328,31,0,0
BRDA:328,31,1,0
BRDA:333,32,0,0
BRDA:333,32,1,0
BRDA:346,33,0,0
BRDA:346,33,1,0
BRDA:373,34,0,0
BRDA:373,34,1,0
BRF:71
BRH:0
end_of_record
TN:
SF:src/routes/test-teams-api.js
FN:13,(anonymous_0)
FN:27,(anonymous_1)
FN:76,(anonymous_2)
FN:82,(anonymous_3)
FN:110,(anonymous_4)
FN:144,(anonymous_5)
FNF:6
FNH:0
FNDA:0,(anonymous_0)
FNDA:0,(anonymous_1)
FNDA:0,(anonymous_2)
FNDA:0,(anonymous_3)
FNDA:0,(anonymous_4)
FNDA:0,(anonymous_5)
DA:3,0
DA:5,0
DA:6,0
DA:7,0
DA:8,0
DA:13,0
DA:14,0
DA:15,0
DA:20,0
DA:27,0
DA:28,0
DA:29,0
DA:31,0
DA:32,0
DA:39,0
DA:40,0
DA:41,0
DA:47,0
DA:52,0
DA:63,0
DA:64,0
DA:76,0
DA:77,0
DA:78,0
DA:82,0
DA:91,0
DA:97,0
DA:98,0
DA:110,0
DA:111,0
DA:112,0
DA:125,0
DA:131,0
DA:132,0
DA:144,0
DA:145,0
DA:146,0
DA:147,0
DA:149,0
DA:150,0
DA:151,0
DA:157,0
DA:158,0
DA:159,0
DA:165,0
DA:166,0
DA:168,0
DA:179,0
DA:180,0
DA:188,0
LF:50
LH:0
BRDA:14,0,0,0
BRDA:14,0,1,0
BRDA:31,1,0,0
BRDA:31,1,1,0
BRDA:31,2,0,0
BRDA:31,2,1,0
BRDA:40,3,0,0
BRDA:40,3,1,0
BRDA:49,4,0,0
BRDA:49,4,1,0
BRDA:150,5,0,0
BRDA:150,5,1,0
BRDA:158,6,0,0
BRDA:158,6,1,0
BRF:14
BRH:0
end_of_record
TN:
SF:src/routes/users-management.js
FN:28,(anonymous_0)
FN:85,(anonymous_1)
FN:142,(anonymous_2)
FN:187,(anonymous_3)
FN:232,(anonymous_4)
FN:294,(anonymous_5)
FN:390,(anonymous_6)
FN:436,(anonymous_7)
FN:479,(anonymous_8)
FN:538,(anonymous_9)
FN:556,(anonymous_10)
FN:557,(anonymous_11)
FN:594,(anonymous_12)
FN:619,(anonymous_13)
FN:686,(anonymous_14)
FNF:15
FNH:0
FNDA:0,(anonymous_0)
FNDA:0,(anonymous_1)
FNDA:0,(anonymous_2)
FNDA:0,(anonymous_3)
FNDA:0,(anonymous_4)
FNDA:0,(anonymous_5)
FNDA:0,(anonymous_6)
FNDA:0,(anonymous_7)
FNDA:0,(anonymous_8)
FNDA:0,(anonymous_9)
FNDA:0,(anonymous_10)
FNDA:0,(anonymous_11)
FNDA:0,(anonymous_12)
FNDA:0,(anonymous_13)
FNDA:0,(anonymous_14)
DA:3,0
DA:5,0
DA:6,0
DA:7,0
DA:13,0
DA:14,0
DA:15,0
DA:16,0
DA:17,0
DA:19,0
DA:22,0
DA:23,0
DA:28,0
DA:29,0
DA:39,0
DA:41,0
DA:42,0
DA:55,0
DA:56,0
DA:63,0
DA:64,0
DA:68,0
DA:69,0
DA:73,0
DA:74,0
DA:75,0
DA:79,0
DA:80,0
DA:85,0
DA:87,0
DA:88,0
DA:95,0
DA:96,0
DA:99,0
DA:101,0
DA:120,0
DA:131,0
DA:132,0
DA:142,0
DA:143,0
DA:144,0
DA:146,0
DA:164,0
DA:165,0
DA:171,0
DA:176,0
DA:177,0
DA:187,0
DA:188,0
DA:195,0
DA:198,0
DA:199,0
DA:206,0
DA:207,0
DA:208,0
DA:215,0
DA:216,0
DA:219,0
DA:221,0
DA:231,0
DA:232,0
DA:239,0
DA:243,0
DA:246,0
DA:247,0
DA:250,0
DA:256,0
DA:263,0
DA:274,0
DA:283,0
DA:284,0
DA:294,0
DA:295,0
DA:296,0
DA:297,0
DA:299,0
DA:300,0
DA:301,0
DA:308,0
DA:309,0
DA:312,0
DA:314,0
DA:315,0
DA:318,0
DA:319,0
DA:327,0
DA:328,0
DA:335,0
DA:336,0
DA:344,0
DA:345,0
DA:348,0
DA:351,0
DA:352,0
DA:354,0
DA:362,0
DA:373,0
DA:379,0
DA:380,0
DA:390,0
DA:391,0
DA:392,0
DA:394,0
DA:395,0
DA:401,0
DA:402,0
DA:403,0
DA:409,0
DA:412,0
DA:418,0
DA:420,0
DA:425,0
DA:426,0
DA:436,0
DA:437,0
DA:438,0
DA:440,0
DA:441,0
DA:442,0
DA:448,0
DA:449,0
DA:451,0
DA:462,0
DA:468,0
DA:469,0
DA:479,0
DA:480,0
DA:481,0
DA:483,0
DA:484,0
DA:485,0
DA:492,0
DA:493,0
DA:495,0
DA:497,0
DA:509,0
DA:510,0
DA:511,0
DA:512,0
DA:518,0
DA:524,0
DA:525,0
DA:535,0
DA:539,0
DA:540,0
DA:543,0
DA:544,0
DA:556,0
DA:557,0
DA:559,0
DA:560,0
DA:571,0
DA:574,0
DA:594,0
DA:595,0
DA:596,0
DA:599,0
DA:607,0
DA:608,0
DA:619,0
DA:620,0
DA:621,0
DA:622,0
DA:624,0
DA:625,0
DA:626,0
DA:632,0
DA:633,0
DA:634,0
DA:641,0
DA:645,0
DA:646,0
DA:652,0
DA:659,0
DA:667,0
DA:672,0
DA:673,0
DA:683,0
DA:687,0
DA:688,0
DA:690,0
DA:694,0
DA:695,0
DA:701,0
DA:703,0
DA:711,0
DA:716,0
DA:717,0
DA:725,0
LF:189
LH:0
BRDA:31,0,0,0
BRDA:32,1,0,0
BRDA:33,2,0,0
BRDA:34,3,0,0
BRDA:35,4,0,0
BRDA:36,5,0,0
BRDA:37,6,0,0
BRDA:38,7,0,0
BRDA:55,8,0,0
BRDA:55,8,1,0
BRDA:63,9,0,0
BRDA:63,9,1,0
BRDA:68,10,0,0
BRDA:68,10,1,0
BRDA:73,11,0,0
BRDA:73,11,1,0
BRDA:79,12,0,0
BRDA:79,12,1,0
BRDA:87,13,0,0
BRDA:87,13,1,0
BRDA:164,14,0,0
BRDA:164,14,1,0
BRDA:192,15,0,0
BRDA:193,16,0,0
BRDA:194,17,0,0
BRDA:198,18,0,0
BRDA:198,18,1,0
BRDA:198,19,0,0
BRDA:198,19,1,0
BRDA:207,20,0,0
BRDA:207,20,1,0
BRDA:231,21,0,0
BRDA:231,21,1,0
BRDA:246,22,0,0
BRDA:246,22,1,0
BRDA:246,23,0,0
BRDA:246,23,1,0
BRDA:278,24,0,0
BRDA:278,24,1,0
BRDA:300,25,0,0
BRDA:300,25,1,0
BRDA:312,26,0,0
BRDA:312,26,1,0
BRDA:318,27,0,0
BRDA:318,27,1,0
BRDA:327,28,0,0
BRDA:327,28,1,0
BRDA:327,29,0,0
BRDA:327,29,1,0
BRDA:335,30,0,0
BRDA:335,30,1,0
BRDA:344,31,0,0
BRDA:344,31,1,0
BRDA:394,32,0,0
BRDA:394,32,1,0
BRDA:402,33,0,0
BRDA:402,33,1,0
BRDA:441,34,0,0
BRDA:441,34,1,0
BRDA:484,35,0,0
BRDA:484,35,1,0
BRDA:509,36,0,0
BRDA:509,36,1,0
BRDA:509,37,0,0
BRDA:509,37,1,0
BRDA:543,38,0,0
BRDA:543,38,1,0
BRDA:559,39,0,0
BRDA:559,39,1,0
BRDA:622,40,0,0
BRDA:625,41,0,0
BRDA:625,41,1,0
BRDA:633,42,0,0
BRDA:633,42,1,0
BRDA:645,43,0,0
BRDA:645,43,1,0
BRDA:694,44,0,0
BRDA:694,44,1,0
BRF:78
BRH:0
end_of_record
TN:
SF:src/routes/workLogs.js
FN:14,(anonymous_0)
FN:78,(anonymous_1)
FN:109,(anonymous_2)
FN:114,(anonymous_3)
FN:115,(anonymous_4)
FN:116,(anonymous_5)
FN:117,(anonymous_6)
FN:119,(anonymous_7)
FN:143,(anonymous_8)
FN:171,(anonymous_9)
FN:172,(anonymous_10)
FN:200,(anonymous_11)
FN:239,(anonymous_12)
FN:315,(anonymous_13)
FN:321,(anonymous_14)
FN:374,(anonymous_15)
FN:429,calculateWorkTime
FN:447,getEmployeeStatus
FNF:18
FNH:0
FNDA:0,(anonymous_0)
FNDA:0,(anonymous_1)
FNDA:0,(anonymous_2)
FNDA:0,(anonymous_3)
FNDA:0,(anonymous_4)
FNDA:0,(anonymous_5)
FNDA:0,(anonymous_6)
FNDA:0,(anonymous_7)
FNDA:0,(anonymous_8)
FNDA:0,(anonymous_9)
FNDA:0,(anonymous_10)
FNDA:0,(anonymous_11)
FNDA:0,(anonymous_12)
FNDA:0,(anonymous_13)
FNDA:0,(anonymous_14)
FNDA:0,(anonymous_15)
FNDA:0,calculateWorkTime
FNDA:0,getEmployeeStatus
DA:3,0
DA:5,0
DA:6,0
DA:7,0
DA:8,0
DA:9,0
DA:11,0
DA:14,0
DA:15,0
DA:23,0
DA:25,0
DA:27,0
DA:30,0
DA:31,0
DA:36,0
DA:37,0
DA:40,0
DA:41,0
DA:44,0
DA:58,0
DA:69,0
DA:70,0
DA:78,0
DA:79,0
DA:80,0
DA:82,0
DA:84,0
DA:85,0
DA:90,0
DA:91,0
DA:94,0
DA:106,0
DA:109,0
DA:114,0
DA:115,0
DA:116,0
DA:117,0
DA:120,0
DA:121,0
DA:122,0
DA:123,0
DA:127,0
DA:132,0
DA:134,0
DA:135,0
DA:143,0
DA:144,0
DA:145,0
DA:147,0
DA:165,0
DA:171,0
DA:172,0
DA:174,0
DA:186,0
DA:191,0
DA:192,0
DA:200,0
DA:201,0
DA:202,0
DA:204,0
DA:218,0
DA:219,0
DA:225,0
DA:230,0
DA:231,0
DA:239,0
DA:240,0
DA:244,0
DA:245,0
DA:247,0
DA:249,0
DA:250,0
DA:257,0
DA:260,0
DA:266,0
DA:275,0
DA:276,0
DA:277,0
DA:280,0
DA:283,0
DA:284,0
DA:285,0
DA:286,0
DA:296,0
DA:300,0
DA:311,0
DA:312,0
DA:316,0
DA:320,0
DA:321,0
DA:322,0
DA:327,0
DA:335,0
DA:336,0
DA:355,0
DA:359,0
DA:365,0
DA:366,0
DA:374,0
DA:375,0
DA:376,0
DA:377,0
DA:379,0
DA:381,0
DA:382,0
DA:389,0
DA:395,0
DA:403,0
DA:405,0
DA:415,0
DA:420,0
DA:421,0
DA:430,0
DA:432,0
DA:433,0
DA:434,0
DA:437,0
DA:438,0
DA:439,0
DA:440,0
DA:441,0
DA:444,0
DA:448,0
DA:450,0
DA:451,0
DA:452,0
DA:454,0
DA:457,0
LF:128
LH:0
BRDA:21,0,0,0
BRDA:22,1,0,0
BRDA:30,2,0,0
BRDA:30,2,1,0
BRDA:30,3,0,0
BRDA:30,3,1,0
BRDA:36,4,0,0
BRDA:36,4,1,0
BRDA:40,5,0,0
BRDA:40,5,1,0
BRDA:84,6,0,0
BRDA:84,6,1,0
BRDA:84,7,0,0
BRDA:84,7,1,0
BRDA:90,8,0,0
BRDA:90,8,1,0
BRDA:109,9,0,0
BRDA:109,9,1,0
BRDA:120,10,0,0
BRDA:120,10,1,0
BRDA:128,11,0,0
BRDA:128,11,1,0
BRDA:181,12,0,0
BRDA:181,12,1,0
BRDA:218,13,0,0
BRDA:218,13,1,0
BRDA:249,14,0,0
BRDA:249,14,1,0
BRDA:260,15,0,0
BRDA:260,15,1,0
BRDA:261,16,0,0
BRDA:261,16,1,0
BRDA:261,16,2,0
BRDA:261,16,3,0
BRDA:267,17,0,0
BRDA:267,17,1,0
BRDA:268,18,0,0
BRDA:268,18,1,0
BRDA:269,19,0,0
BRDA:269,19,1,0
BRDA:270,20,0,0
BRDA:270,20,1,0
BRDA:276,21,0,0
BRDA:276,21,1,0
BRDA:285,22,0,0
BRDA:285,22,1,0
BRDA:292,23,0,0
BRDA:292,23,1,0
BRDA:312,24,0,0
BRDA:312,24,1,0
BRDA:313,25,0,0
BRDA:313,25,1,0
BRDA:316,26,0,0
BRDA:316,26,1,0
BRDA:316,26,2,0
BRDA:322,27,0,0
BRDA:322,27,1,0
BRDA:323,28,0,0
BRDA:323,28,1,0
BRDA:323,28,2,0
BRDA:335,29,0,0
BRDA:335,29,1,0
BRDA:335,30,0,0
BRDA:335,30,1,0
BRDA:340,31,0,0
BRDA:340,31,1,0
BRDA:342,32,0,0
BRDA:342,32,1,0
BRDA:381,33,0,0
BRDA:381,33,1,0
BRDA:389,34,0,0
BRDA:389,34,1,0
BRDA:390,35,0,0
BRDA:390,35,1,0
BRDA:390,35,2,0
BRDA:390,35,3,0
BRDA:396,36,0,0
BRDA:396,36,1,0
BRDA:397,37,0,0
BRDA:397,37,1,0
BRDA:398,38,0,0
BRDA:398,38,1,0
BRDA:399,39,0,0
BRDA:399,39,1,0
BRDA:430,40,0,0
BRDA:430,40,1,0
BRDA:430,41,0,0
BRDA:430,41,1,0
BRDA:437,42,0,0
BRDA:437,42,1,0
BRDA:437,43,0,0
BRDA:437,43,1,0
BRDA:448,44,0,0
BRDA:448,44,1,0
BRDA:450,45,0,0
BRDA:450,45,1,0
BRDA:451,46,0,0
BRDA:451,46,1,0
BRDA:451,47,0,0
BRDA:451,47,1,0
BRDA:452,48,0,0
BRDA:452,48,1,0
BRF:102
BRH:0
end_of_record
TN:
SF:src/services/AuthService.js
FN:24,(anonymous_0)
FN:83,(anonymous_1)
FN:114,(anonymous_2)
FN:153,(anonymous_3)
FN:182,(anonymous_4)
FN:205,(anonymous_5)
FN:226,(anonymous_6)
FN:243,(anonymous_7)
FNF:8
FNH:0
FNDA:0,(anonymous_0)
FNDA:0,(anonymous_1)
FNDA:0,(anonymous_2)
FNDA:0,(anonymous_3)
FNDA:0,(anonymous_4)
FNDA:0,(anonymous_5)
FNDA:0,(anonymous_6)
FNDA:0,(anonymous_7)
DA:3,0
DA:4,0
DA:5,0
DA:10,0
DA:11,0
DA:26,0
DA:27,0
DA:31,0
DA:35,0
DA:36,0
DA:37,0
DA:41,0
DA:42,0
DA:43,0
DA:44,0
DA:48,0
DA:49,0
DA:50,0
DA:54,0
DA:55,0
DA:56,0
DA:60,0
DA:63,0
DA:70,0
DA:72,0
DA:84,0
DA:85,0
DA:87,0
DA:91,0
DA:92,0
DA:95,0
DA:97,0
DA:98,0
DA:100,0
DA:101,0
DA:103,0
DA:116,0
DA:117,0
DA:118,0
DA:122,0
DA:126,0
DA:130,0
DA:131,0
DA:137,0
DA:140,0
DA:143,0
DA:145,0
DA:154,0
DA:157,0
DA:158,0
DA:159,0
DA:163,0
DA:166,0
DA:167,0
DA:175,0
DA:183,0
DA:184,0
DA:188,0
DA:193,0
DA:194,0
DA:195,0
DA:198,0
DA:206,0
DA:207,0
DA:210,0
DA:211,0
DA:212,0
DA:213,0
DA:215,0
DA:216,0
DA:227,0
DA:228,0
DA:231,0
DA:232,0
DA:233,0
DA:234,0
DA:236,0
DA:244,0
DA:245,0
DA:246,0
DA:247,0
DA:251,0
LF:82
LH:0
BRDA:26,0,0,0
BRDA:26,0,1,0
BRDA:26,1,0,0
BRDA:26,1,1,0
BRDA:35,2,0,0
BRDA:35,2,1,0
BRDA:42,3,0,0
BRDA:42,3,1,0
BRDA:48,4,0,0
BRDA:48,4,1,0
BRDA:54,5,0,0
BRDA:54,5,1,0
BRDA:91,6,0,0
BRDA:91,6,1,0
BRDA:91,7,0,0
BRDA:91,7,1,0
BRDA:97,8,0,0
BRDA:97,8,1,0
BRDA:100,9,0,0
BRDA:100,9,1,0
BRDA:117,10,0,0
BRDA:117,10,1,0
BRDA:122,11,0,0
BRDA:122,11,1,0
BRDA:123,12,0,0
BRDA:123,12,1,0
BRDA:130,13,0,0
BRDA:130,13,1,0
BRDA:158,14,0,0
BRDA:158,14,1,0
BRDA:170,15,0,0
BRDA:170,15,1,0
BRDA:183,16,0,0
BRDA:183,16,1,0
BRDA:188,17,0,0
BRDA:188,17,1,0
BRDA:189,18,0,0
BRDA:189,18,1,0
BRDA:206,19,0,0
BRDA:206,19,1,0
BRDA:206,20,0,0
BRDA:206,20,1,0
BRDA:215,21,0,0
BRDA:215,21,1,0
BRDA:215,22,0,0
BRDA:215,22,1,0
BRDA:215,22,2,0
BRDA:215,22,3,0
BRDA:227,23,0,0
BRDA:227,23,1,0
BRDA:227,24,0,0
BRDA:227,24,1,0
BRDA:236,25,0,0
BRDA:236,25,1,0
BRDA:236,25,2,0
BRDA:236,25,3,0
BRDA:244,26,0,0
BRDA:244,26,1,0
BRF:58
BRH:0
end_of_record
TN:
SF:src/services/CacheService.js
FN:10,(anonymous_0)
FN:21,(anonymous_1)
FN:37,(anonymous_2)
FN:42,(anonymous_3)
FN:60,(anonymous_4)
FN:87,(anonymous_5)
FN:110,(anonymous_6)
FN:125,(anonymous_7)
FN:144,(anonymous_8)
FN:164,(anonymous_9)
FN:165,(anonymous_10)
FN:167,(anonymous_11)
FN:175,(anonymous_12)
FN:199,(anonymous_13)
FN:229,(anonymous_14)
FN:241,(anonymous_15)
FNF:16
FNH:0
FNDA:0,(anonymous_0)
FNDA:0,(anonymous_1)
FNDA:0,(anonymous_2)
FNDA:0,(anonymous_3)
FNDA:0,(anonymous_4)
FNDA:0,(anonymous_5)
FNDA:0,(anonymous_6)
FNDA:0,(anonymous_7)
FNDA:0,(anonymous_8)
FNDA:0,(anonymous_9)
FNDA:0,(anonymous_10)
FNDA:0,(anonymous_11)
FNDA:0,(anonymous_12)
FNDA:0,(anonymous_13)
FNDA:0,(anonymous_14)
FNDA:0,(anonymous_15)
DA:3,0
DA:11,0
DA:12,0
DA:13,0
DA:15,0
DA:22,0
DA:23,0
DA:24,0
DA:26,0
DA:35,0
DA:37,0
DA:38,0
DA:39,0
DA:42,0
DA:44,0
DA:47,0
DA:50,0
DA:51,0
DA:61,0
DA:62,0
DA:63,0
DA:64,0
DA:67,0
DA:68,0
DA:69,0
DA:70,0
DA:71,0
DA:73,0
DA:76,0
DA:77,0
DA:88,0
DA:89,0
DA:90,0
DA:93,0
DA:99,0
DA:102,0
DA:111,0
DA:112,0
DA:113,0
DA:115,0
DA:118,0
DA:126,0
DA:127,0
DA:128,0
DA:130,0
DA:133,0
DA:145,0
DA:147,0
DA:148,0
DA:149,0
DA:150,0
DA:154,0
DA:165,0
DA:166,0
DA:167,0
DA:176,0
DA:177,0
DA:178,0
DA:179,0
DA:180,0
DA:184,0
DA:185,0
DA:186,0
DA:187,0
DA:192,0
DA:200,0
DA:201,0
DA:202,0
DA:203,0
DA:209,0
DA:217,0
DA:230,0
DA:231,0
DA:232,0
DA:233,0
DA:242,0
DA:243,0
DA:244,0
DA:246,0
DA:248,0
DA:253,0
LF:81
LH:0
BRDA:23,0,0,0
BRDA:23,0,1,0
BRDA:23,1,0,0
BRDA:23,1,1,0
BRDA:28,2,0,0
BRDA:28,2,1,0
BRDA:29,3,0,0
BRDA:29,3,1,0
BRDA:62,4,0,0
BRDA:62,4,1,0
BRDA:62,5,0,0
BRDA:62,5,1,0
BRDA:64,6,0,0
BRDA:64,6,1,0
BRDA:68,7,0,0
BRDA:68,7,1,0
BRDA:68,8,0,0
BRDA:68,8,1,0
BRDA:70,9,0,0
BRDA:70,9,1,0
BRDA:87,10,0,0
BRDA:89,11,0,0
BRDA:89,11,1,0
BRDA:89,12,0,0
BRDA:89,12,1,0
BRDA:112,13,0,0
BRDA:112,13,1,0
BRDA:112,14,0,0
BRDA:112,14,1,0
BRDA:127,15,0,0
BRDA:127,15,1,0
BRDA:127,16,0,0
BRDA:127,16,1,0
BRDA:144,17,0,0
BRDA:147,18,0,0
BRDA:147,18,1,0
BRDA:149,19,0,0
BRDA:149,19,1,0
BRDA:149,20,0,0
BRDA:149,20,1,0
BRDA:164,21,0,0
BRDA:177,22,0,0
BRDA:177,22,1,0
BRDA:177,23,0,0
BRDA:177,23,1,0
BRDA:179,24,0,0
BRDA:179,24,1,0
BRDA:186,25,0,0
BRDA:186,25,1,0
BRDA:201,26,0,0
BRDA:201,26,1,0
BRDA:201,27,0,0
BRDA:201,27,1,0
BRDA:232,28,0,0
BRDA:232,28,1,0
BRDA:243,29,0,0
BRDA:243,29,1,0
BRF:57
BRH:0
end_of_record
TN:
SF:src/services/ImportService.js
FN:14,(anonymous_0)
FN:107,(anonymous_1)
FN:108,(anonymous_2)
FN:119,(anonymous_3)
FN:122,(anonymous_4)
FN:125,(anonymous_5)
FN:131,(anonymous_6)
FN:142,(anonymous_7)
FN:144,(anonymous_8)
FN:157,(anonymous_9)
FN:164,(anonymous_10)
FN:166,(anonymous_11)
FN:176,(anonymous_12)
FN:205,(anonymous_13)
FN:207,(anonymous_14)
FN:208,(anonymous_15)
FN:290,(anonymous_16)
FN:331,(anonymous_17)
FN:342,(anonymous_18)
FN:361,(anonymous_19)
FN:372,(anonymous_20)
FN:392,(anonymous_21)
FN:430,(anonymous_22)
FN:431,(anonymous_23)
FN:445,(anonymous_24)
FN:446,(anonymous_25)
FN:450,(anonymous_26)
FN:459,(anonymous_27)
FN:484,(anonymous_28)
FN:486,(anonymous_29)
FN:488,(anonymous_30)
FN:503,(anonymous_31)
FNF:32
FNH:0
FNDA:0,(anonymous_0)
FNDA:0,(anonymous_1)
FNDA:0,(anonymous_2)
FNDA:0,(anonymous_3)
FNDA:0,(anonymous_4)
FNDA:0,(anonymous_5)
FNDA:0,(anonymous_6)
FNDA:0,(anonymous_7)
FNDA:0,(anonymous_8)
FNDA:0,(anonymous_9)
FNDA:0,(anonymous_10)
FNDA:0,(anonymous_11)
FNDA:0,(anonymous_12)
FNDA:0,(anonymous_13)
FNDA:0,(anonymous_14)
FNDA:0,(anonymous_15)
FNDA:0,(anonymous_16)
FNDA:0,(anonymous_17)
FNDA:0,(anonymous_18)
FNDA:0,(anonymous_19)
FNDA:0,(anonymous_20)
FNDA:0,(anonymous_21)
FNDA:0,(anonymous_22)
FNDA:0,(anonymous_23)
FNDA:0,(anonymous_24)
FNDA:0,(anonymous_25)
FNDA:0,(anonymous_26)
FNDA:0,(anonymous_27)
FNDA:0,(anonymous_28)
FNDA:0,(anonymous_29)
FNDA:0,(anonymous_30)
FNDA:0,(anonymous_31)
DA:3,0
DA:5,0
DA:6,0
DA:7,0
DA:8,0
DA:9,0
DA:10,0
DA:11,0
DA:20,0
DA:21,0
DA:30,0
DA:31,0
DA:33,0
DA:34,0
DA:35,0
DA:36,0
DA:38,0
DA:43,0
DA:46,0
DA:47,0
DA:48,0
DA:51,0
DA:52,0
DA:55,0
DA:57,0
DA:58,0
DA:65,0
DA:66,0
DA:67,0
DA:72,0
DA:73,0
DA:74,0
DA:77,0
DA:78,0
DA:87,0
DA:100,0
DA:102,0
DA:103,0
DA:108,0
DA:109,0
DA:111,0
DA:120,0
DA:123,0
DA:126,0
DA:132,0
DA:133,0
DA:134,0
DA:136,0
DA:137,0
DA:138,0
DA:141,0
DA:142,0
DA:143,0
DA:144,0
DA:145,0
DA:147,0
DA:150,0
DA:151,0
DA:157,0
DA:158,0
DA:162,0
DA:164,0
DA:165,0
DA:166,0
DA:167,0
DA:169,0
DA:172,0
DA:178,0
DA:203,0
DA:205,0
DA:206,0
DA:207,0
DA:208,0
DA:209,0
DA:213,0
DA:214,0
DA:219,0
DA:220,0
DA:224,0
DA:225,0
DA:229,0
DA:236,0
DA:237,0
DA:241,0
DA:244,0
DA:245,0
DA:248,0
DA:249,0
DA:250,0
DA:251,0
DA:255,0
DA:270,0
DA:271,0
DA:272,0
DA:279,0
DA:292,0
DA:328,0
DA:331,0
DA:334,0
DA:339,0
DA:343,0
DA:345,0
DA:347,0
DA:348,0
DA:350,0
DA:355,0
DA:358,0
DA:362,0
DA:363,0
DA:365,0
DA:366,0
DA:369,0
DA:373,0
DA:380,0
DA:381,0
DA:388,0
DA:393,0
DA:404,0
DA:427,0
DA:428,0
DA:431,0
DA:435,0
DA:438,0
DA:439,0
DA:442,0
DA:445,0
DA:446,0
DA:450,0
DA:451,0
DA:454,0
DA:460,0
DA:461,0
DA:463,0
DA:464,0
DA:465,0
DA:467,0
DA:468,0
DA:469,0
DA:470,0
DA:472,0
DA:473,0
DA:476,0
DA:477,0
DA:478,0
DA:482,0
DA:483,0
DA:484,0
DA:486,0
DA:487,0
DA:489,0
DA:494,0
DA:495,0
DA:500,0
DA:501,0
DA:503,0
DA:504,0
DA:505,0
DA:507,0
DA:508,0
DA:511,0
DA:512,0
DA:515,0
DA:516,0
DA:517,0
DA:518,0
DA:522,0
DA:530,0
DA:531,0
DA:536,0
LF:169
LH:0
BRDA:18,0,0,0
BRDA:33,1,0,0
BRDA:33,1,1,0
BRDA:35,2,0,0
BRDA:35,2,1,0
BRDA:47,3,0,0
BRDA:47,3,1,0
BRDA:51,4,0,0
BRDA:51,4,1,0
BRDA:57,5,0,0
BRDA:57,5,1,0
BRDA:72,6,0,0
BRDA:72,6,1,0
BRDA:137,7,0,0
BRDA:137,7,1,0
BRDA:145,8,0,0
BRDA:145,8,1,0
BRDA:150,9,0,0
BRDA:150,9,1,0
BRDA:167,10,0,0
BRDA:167,10,1,0
BRDA:176,11,0,0
BRDA:213,12,0,0
BRDA:213,12,1,0
BRDA:213,13,0,0
BRDA:213,13,1,0
BRDA:219,14,0,0
BRDA:219,14,1,0
BRDA:224,15,0,0
BRDA:224,15,1,0
BRDA:236,16,0,0
BRDA:236,16,1,0
BRDA:249,17,0,0
BRDA:249,17,1,0
BRDA:258,18,0,0
BRDA:258,18,1,0
BRDA:259,19,0,0
BRDA:259,19,1,0
BRDA:262,20,0,0
BRDA:262,20,1,0
BRDA:263,21,0,0
BRDA:263,21,1,0
BRDA:266,22,0,0
BRDA:266,22,1,0
BRDA:270,23,0,0
BRDA:270,23,1,0
BRDA:275,24,0,0
BRDA:275,24,1,0
BRDA:286,25,0,0
BRDA:286,25,1,0
BRDA:331,26,0,0
BRDA:331,26,1,0
BRDA:343,27,0,0
BRDA:343,27,1,0
BRDA:347,28,0,0
BRDA:347,28,1,0
BRDA:347,29,0,0
BRDA:347,29,1,0
BRDA:350,30,0,0
BRDA:350,30,1,0
BRDA:351,31,0,0
BRDA:351,31,1,0
BRDA:351,31,2,0
BRDA:361,32,0,0
BRDA:380,33,0,0
BRDA:380,33,1,0
BRDA:392,34,0,0
BRDA:427,35,0,0
BRDA:427,35,1,0
BRDA:431,36,0,0
BRDA:431,36,1,0
BRDA:446,37,0,0
BRDA:446,37,1,0
BRDA:467,38,0,0
BRDA:467,38,1,0
BRDA:469,39,0,0
BRDA:469,39,1,0
BRDA:476,40,0,0
BRDA:476,40,1,0
BRDA:489,41,0,0
BRDA:489,41,1,0
BRDA:489,41,2,0
BRDA:494,42,0,0
BRDA:494,42,1,0
BRDA:504,43,0,0
BRDA:504,43,1,0
BRDA:504,43,2,0
BRDA:505,44,0,0
BRDA:505,44,1,0
BRDA:507,45,0,0
BRDA:507,45,1,0
BRDA:507,46,0,0
BRDA:507,46,1,0
BRDA:511,47,0,0
BRDA:511,47,1,0
BRDA:515,48,0,0
BRDA:515,48,1,0
BRDA:515,49,0,0
BRDA:515,49,1,0
BRDA:517,50,0,0
BRDA:517,50,1,0
BRF:101
BRH:0
end_of_record
TN:
SF:src/services/errors/index.js
FN:23,(anonymous_0)
FN:41,(anonymous_1)
FN:51,(anonymous_2)
FN:60,(anonymous_3)
FN:69,(anonymous_4)
FN:78,(anonymous_5)
FN:87,(anonymous_6)
FN:96,(anonymous_7)
FN:106,(anonymous_8)
FN:115,(anonymous_9)
FN:167,(anonymous_10)
FN:175,(anonymous_11)
FN:210,(anonymous_12)
FN:225,(anonymous_13)
FN:226,(anonymous_14)
FNF:15
FNH:0
FNDA:0,(anonymous_0)
FNDA:0,(anonymous_1)
FNDA:0,(anonymous_2)
FNDA:0,(anonymous_3)
FNDA:0,(anonymous_4)
FNDA:0,(anonymous_5)
FNDA:0,(anonymous_6)
FNDA:0,(anonymous_7)
FNDA:0,(anonymous_8)
FNDA:0,(anonymous_9)
FNDA:0,(anonymous_10)
FNDA:0,(anonymous_11)
FNDA:0,(anonymous_12)
FNDA:0,(anonymous_13)
FNDA:0,(anonymous_14)
DA:3,0
DA:6,0
DA:28,0
DA:29,0
DA:30,0
DA:31,0
DA:33,0
DA:42,0
DA:43,0
DA:52,0
DA:61,0
DA:70,0
DA:79,0
DA:88,0
DA:97,0
DA:98,0
DA:107,0
DA:108,0
DA:115,0
DA:117,0
DA:120,0
DA:121,0
DA:125,0
DA:129,0
DA:136,0
DA:137,0
DA:144,0
DA:145,0
DA:154,0
DA:155,0
DA:163,0
DA:164,0
DA:167,0
DA:171,0
DA:172,0
DA:175,0
DA:180,0
DA:181,0
DA:187,0
DA:188,0
DA:195,0
DA:197,0
DA:210,0
DA:211,0
DA:225,0
DA:226,0
DA:227,0
DA:231,0
LF:48
LH:0
BRDA:25,0,0,0
BRDA:26,1,0,0
BRDA:41,2,0,0
BRDA:51,3,0,0
BRDA:60,4,0,0
BRDA:69,5,0,0
BRDA:78,6,0,0
BRDA:87,7,0,0
BRDA:96,8,0,0
BRDA:96,9,0,0
BRDA:106,10,0,0
BRDA:106,11,0,0
BRDA:120,12,0,0
BRDA:120,12,1,0
BRDA:120,13,0,0
BRDA:120,13,1,0
BRDA:125,14,0,0
BRDA:125,14,1,0
BRDA:126,15,0,0
BRDA:126,15,1,0
BRDA:136,16,0,0
BRDA:136,16,1,0
BRDA:136,17,0,0
BRDA:136,17,1,0
BRDA:144,18,0,0
BRDA:144,18,1,0
BRDA:148,19,0,0
BRDA:148,19,1,0
BRDA:149,20,0,0
BRDA:149,20,1,0
BRDA:154,21,0,0
BRDA:154,21,1,0
BRDA:154,22,0,0
BRDA:154,22,1,0
BRDA:163,23,0,0
BRDA:163,23,1,0
BRDA:171,24,0,0
BRDA:171,24,1,0
BRDA:180,25,0,0
BRDA:180,25,1,0
BRDA:187,26,0,0
BRDA:187,26,1,0
BRDA:200,27,0,0
BRDA:200,27,1,0
BRDA:203,28,0,0
BRDA:203,28,1,0
BRF:46
BRH:0
end_of_record
TN:
SF:src/telegram/bot.js
FN:22,(anonymous_0)
FN:33,(anonymous_1)
FN:47,(anonymous_2)
FN:51,(anonymous_3)
FN:53,(anonymous_4)
FN:59,(anonymous_5)
FN:103,(anonymous_6)
FN:150,(anonymous_7)
FN:208,(anonymous_8)
FN:217,(anonymous_9)
FN:264,(anonymous_10)
FN:294,(anonymous_11)
FN:326,(anonymous_12)
FN:380,(anonymous_13)
FN:430,(anonymous_14)
FN:439,(anonymous_15)
FN:447,(anonymous_16)
FN:545,(anonymous_17)
FN:603,(anonymous_18)
FN:633,(anonymous_19)
FN:634,(anonymous_20)
FN:655,(anonymous_21)
FN:667,(anonymous_22)
FN:690,(anonymous_23)
FN:772,(anonymous_24)
FN:776,(anonymous_25)
FN:810,(anonymous_26)
FN:981,(anonymous_27)
FN:1073,(anonymous_28)
FN:1113,(anonymous_29)
FN:1143,(anonymous_30)
FN:1173,(anonymous_31)
FN:1217,(anonymous_32)
FN:1236,(anonymous_33)
FN:1278,(anonymous_34)
FN:1313,(anonymous_35)
FN:1325,(anonymous_36)
FN:1355,(anonymous_37)
FN:1396,(anonymous_38)
FN:1437,(anonymous_39)
FN:1465,(anonymous_40)
FN:1532,(anonymous_41)
FN:1536,(anonymous_42)
FN:1543,(anonymous_43)
FN:1552,(anonymous_44)
FN:1562,(anonymous_45)
FN:1574,(anonymous_46)
FN:1592,(anonymous_47)
FN:1611,(anonymous_48)
FN:1623,(anonymous_49)
FN:1650,(anonymous_50)
FN:1658,(anonymous_51)
FN:1706,(anonymous_52)
FN:1723,(anonymous_53)
FN:1740,(anonymous_54)
FN:1764,(anonymous_55)
FN:1790,(anonymous_56)
FN:1845,(anonymous_57)
FN:1877,(anonymous_58)
FN:1951,(anonymous_59)
FN:2000,(anonymous_60)
FN:2014,(anonymous_61)
FN:2093,(anonymous_62)
FN:2149,(anonymous_63)
FN:2180,(anonymous_64)
FN:2190,(anonymous_65)
FNF:66
FNH:0
FNDA:0,(anonymous_0)
FNDA:0,(anonymous_1)
FNDA:0,(anonymous_2)
FNDA:0,(anonymous_3)
FNDA:0,(anonymous_4)
FNDA:0,(anonymous_5)
FNDA:0,(anonymous_6)
FNDA:0,(anonymous_7)
FNDA:0,(anonymous_8)
FNDA:0,(anonymous_9)
FNDA:0,(anonymous_10)
FNDA:0,(anonymous_11)
FNDA:0,(anonymous_12)
FNDA:0,(anonymous_13)
FNDA:0,(anonymous_14)
FNDA:0,(anonymous_15)
FNDA:0,(anonymous_16)
FNDA:0,(anonymous_17)
FNDA:0,(anonymous_18)
FNDA:0,(anonymous_19)
FNDA:0,(anonymous_20)
FNDA:0,(anonymous_21)
FNDA:0,(anonymous_22)
FNDA:0,(anonymous_23)
FNDA:0,(anonymous_24)
FNDA:0,(anonymous_25)
FNDA:0,(anonymous_26)
FNDA:0,(anonymous_27)
FNDA:0,(anonymous_28)
FNDA:0,(anonymous_29)
FNDA:0,(anonymous_30)
FNDA:0,(anonymous_31)
FNDA:0,(anonymous_32)
FNDA:0,(anonymous_33)
FNDA:0,(anonymous_34)
FNDA:0,(anonymous_35)
FNDA:0,(anonymous_36)
FNDA:0,(anonymous_37)
FNDA:0,(anonymous_38)
FNDA:0,(anonymous_39)
FNDA:0,(anonymous_40)
FNDA:0,(anonymous_41)
FNDA:0,(anonymous_42)
FNDA:0,(anonymous_43)
FNDA:0,(anonymous_44)
FNDA:0,(anonymous_45)
FNDA:0,(anonymous_46)
FNDA:0,(anonymous_47)
FNDA:0,(anonymous_48)
FNDA:0,(anonymous_49)
FNDA:0,(anonymous_50)
FNDA:0,(anonymous_51)
FNDA:0,(anonymous_52)
FNDA:0,(anonymous_53)
FNDA:0,(anonymous_54)
FNDA:0,(anonymous_55)
FNDA:0,(anonymous_56)
FNDA:0,(anonymous_57)
FNDA:0,(anonymous_58)
FNDA:0,(anonymous_59)
FNDA:0,(anonymous_60)
FNDA:0,(anonymous_61)
FNDA:0,(anonymous_62)
FNDA:0,(anonymous_63)
FNDA:0,(anonymous_64)
FNDA:0,(anonymous_65)
DA:3,0
DA:5,0
DA:6,0
DA:7,0
DA:8,0
DA:9,0
DA:11,0
DA:14,0
DA:23,0
DA:26,0
DA:27,0
DA:28,0
DA:29,0
DA:30,0
DA:35,0
DA:36,0
DA:37,0
DA:38,0
DA:39,0
DA:40,0
DA:41,0
DA:42,0
DA:43,0
DA:44,0
DA:48,0
DA:53,0
DA:54,0
DA:55,0
DA:60,0
DA:61,0
DA:62,0
DA:63,0
DA:65,0
DA:67,0
DA:69,0
DA:71,0
DA:79,0
DA:86,0
DA:93,0
DA:95,0
DA:96,0
DA:104,0
DA:105,0
DA:108,0
DA:109,0
DA:112,0
DA:113,0
DA:114,0
DA:116,0
DA:117,0
DA:121,0
DA:123,0
DA:124,0
DA:125,0
DA:126,0
DA:127,0
DA:128,0
DA:130,0
DA:131,0
DA:134,0
DA:135,0
DA:138,0
DA:141,0
DA:143,0
DA:144,0
DA:151,0
DA:152,0
DA:155,0
DA:162,0
DA:165,0
DA:166,0
DA:167,0
DA:169,0
DA:170,0
DA:174,0
DA:175,0
DA:181,0
DA:182,0
DA:189,0
DA:194,0
DA:195,0
DA:201,0
DA:202,0
DA:209,0
DA:210,0
DA:212,0
DA:213,0
DA:214,0
DA:218,0
DA:219,0
DA:222,0
DA:225,0
DA:228,0
DA:229,0
DA:231,0
DA:232,0
DA:235,0
DA:236,0
DA:238,0
DA:239,0
DA:253,0
DA:255,0
DA:256,0
DA:259,0
DA:260,0
DA:261,0
DA:262,0
DA:264,0
DA:265,0
DA:266,0
DA:267,0
DA:269,0
DA:271,0
DA:272,0
DA:273,0
DA:274,0
DA:279,0
DA:281,0
DA:282,0
DA:283,0
DA:284,0
DA:285,0
DA:286,0
DA:287,0
DA:288,0
DA:290,0
DA:293,0
DA:294,0
DA:295,0
DA:296,0
DA:297,0
DA:298,0
DA:299,0
DA:302,0
DA:304,0
DA:305,0
DA:306,0
DA:309,0
DA:310,0
DA:314,0
DA:319,0
DA:320,0
DA:327,0
DA:328,0
DA:329,0
DA:330,0
DA:333,0
DA:343,0
DA:344,0
DA:349,0
DA:374,0
DA:381,0
DA:382,0
DA:385,0
DA:388,0
DA:391,0
DA:392,0
DA:394,0
DA:395,0
DA:398,0
DA:399,0
DA:400,0
DA:402,0
DA:403,0
DA:416,0
DA:419,0
DA:420,0
DA:421,0
DA:422,0
DA:423,0
DA:424,0
DA:425,0
DA:426,0
DA:429,0
DA:430,0
DA:431,0
DA:439,0
DA:440,0
DA:441,0
DA:446,0
DA:447,0
DA:448,0
DA:449,0
DA:450,0
DA:451,0
DA:453,0
DA:458,0
DA:461,0
DA:465,0
DA:472,0
DA:473,0
DA:474,0
DA:475,0
DA:477,0
DA:480,0
DA:481,0
DA:482,0
DA:483,0
DA:484,0
DA:485,0
DA:490,0
DA:493,0
DA:494,0
DA:495,0
DA:496,0
DA:498,0
DA:499,0
DA:500,0
DA:501,0
DA:504,0
DA:510,0
DA:514,0
DA:515,0
DA:516,0
DA:517,0
DA:518,0
DA:519,0
DA:520,0
DA:521,0
DA:522,0
DA:523,0
DA:525,0
DA:526,0
DA:530,0
DA:531,0
DA:533,0
DA:538,0
DA:539,0
DA:546,0
DA:547,0
DA:549,0
DA:551,0
DA:558,0
DA:561,0
DA:562,0
DA:563,0
DA:566,0
DA:567,0
DA:571,0
DA:574,0
DA:576,0
DA:577,0
DA:583,0
DA:586,0
DA:587,0
DA:588,0
DA:589,0
DA:590,0
DA:591,0
DA:593,0
DA:598,0
DA:599,0
DA:604,0
DA:605,0
DA:608,0
DA:614,0
DA:615,0
DA:633,0
DA:634,0
DA:636,0
DA:648,0
DA:650,0
DA:651,0
DA:656,0
DA:658,0
DA:659,0
DA:660,0
DA:661,0
DA:662,0
DA:664,0
DA:668,0
DA:669,0
DA:672,0
DA:673,0
DA:674,0
DA:675,0
DA:676,0
DA:677,0
DA:678,0
DA:681,0
DA:690,0
DA:691,0
DA:693,0
DA:695,0
DA:697,0
DA:698,0
DA:700,0
DA:701,0
DA:703,0
DA:704,0
DA:706,0
DA:707,0
DA:709,0
DA:710,0
DA:712,0
DA:713,0
DA:716,0
DA:721,0
DA:722,0
DA:723,0
DA:724,0
DA:725,0
DA:726,0
DA:727,0
DA:728,0
DA:729,0
DA:732,0
DA:737,0
DA:742,0
DA:747,0
DA:753,0
DA:754,0
DA:761,0
DA:762,0
DA:769,0
DA:773,0
DA:775,0
DA:776,0
DA:777,0
DA:778,0
DA:780,0
DA:786,0
DA:787,0
DA:788,0
DA:791,0
DA:792,0
DA:796,0
DA:797,0
DA:798,0
DA:799,0
DA:803,0
DA:805,0
DA:807,0
DA:811,0
DA:812,0
DA:813,0
DA:815,0
DA:817,0
DA:818,0
DA:822,0
DA:825,0
DA:826,0
DA:827,0
DA:828,0
DA:829,0
DA:833,0
DA:834,0
DA:838,0
DA:839,0
DA:841,0
DA:843,0
DA:844,0
DA:845,0
DA:847,0
DA:848,0
DA:849,0
DA:851,0
DA:852,0
DA:853,0
DA:855,0
DA:856,0
DA:857,0
DA:859,0
DA:860,0
DA:861,0
DA:864,0
DA:865,0
DA:868,0
DA:871,0
DA:872,0
DA:875,0
DA:878,0
DA:879,0
DA:882,0
DA:885,0
DA:886,0
DA:889,0
DA:891,0
DA:892,0
DA:895,0
DA:897,0
DA:898,0
DA:901,0
DA:903,0
DA:904,0
DA:907,0
DA:909,0
DA:910,0
DA:913,0
DA:915,0
DA:916,0
DA:919,0
DA:923,0
DA:927,0
DA:928,0
DA:932,0
DA:933,0
DA:938,0
DA:939,0
DA:944,0
DA:945,0
DA:950,0
DA:952,0
DA:953,0
DA:955,0
DA:956,0
DA:958,0
DA:959,0
DA:961,0
DA:962,0
DA:964,0
DA:965,0
DA:968,0
DA:973,0
DA:974,0
DA:975,0
DA:982,0
DA:984,0
DA:985,0
DA:987,0
DA:988,0
DA:989,0
DA:990,0
DA:994,0
DA:995,0
DA:996,0
DA:1004,0
DA:1006,0
DA:1010,0
DA:1032,0
DA:1034,0
DA:1038,0
DA:1043,0
DA:1045,0
DA:1067,0
DA:1074,0
DA:1075,0
DA:1077,0
DA:1078,0
DA:1088,0
DA:1089,0
DA:1095,0
DA:1096,0
DA:1098,0
DA:1108,0
DA:1109,0
DA:1114,0
DA:1115,0
DA:1117,0
DA:1118,0
DA:1122,0
DA:1124,0
DA:1129,0
DA:1138,0
DA:1139,0
DA:1144,0
DA:1145,0
DA:1147,0
DA:1148,0
DA:1152,0
DA:1154,0
DA:1159,0
DA:1168,0
DA:1169,0
DA:1174,0
DA:1175,0
DA:1177,0
DA:1178,0
DA:1183,0
DA:1185,0
DA:1191,0
DA:1196,0
DA:1197,0
DA:1198,0
DA:1200,0
DA:1212,0
DA:1213,0
DA:1218,0
DA:1220,0
DA:1221,0
DA:1223,0
DA:1226,0
DA:1227,0
DA:1228,0
DA:1229,0
DA:1230,0
DA:1233,0
DA:1237,0
DA:1238,0
DA:1239,0
DA:1241,0
DA:1242,0
DA:1243,0
DA:1245,0
DA:1247,0
DA:1248,0
DA:1249,0
DA:1250,0
DA:1251,0
DA:1257,0
DA:1258,0
DA:1259,0
DA:1260,0
DA:1261,0
DA:1267,0
DA:1270,0
DA:1273,0
DA:1274,0
DA:1279,0
DA:1280,0
DA:1282,0
DA:1283,0
DA:1290,0
DA:1291,0
DA:1292,0
DA:1293,0
DA:1298,0
DA:1299,0
DA:1306,0
DA:1308,0
DA:1309,0
DA:1315,0
DA:1322,0
DA:1326,0
DA:1327,0
DA:1329,0
DA:1330,0
DA:1336,0
DA:1337,0
DA:1339,0
DA:1343,0
DA:1350,0
DA:1351,0
DA:1356,0
DA:1358,0
DA:1359,0
DA:1370,0
DA:1371,0
DA:1382,0
DA:1391,0
DA:1392,0
DA:1397,0
DA:1399,0
DA:1400,0
DA:1411,0
DA:1412,0
DA:1423,0
DA:1432,0
DA:1433,0
DA:1438,0
DA:1439,0
DA:1441,0
DA:1442,0
DA:1445,0
DA:1450,0
DA:1451,0
DA:1453,0
DA:1454,0
DA:1463,0
DA:1464,0
DA:1465,0
DA:1466,0
DA:1467,0
DA:1468,0
DA:1472,0
DA:1475,0
DA:1476,0
DA:1477,0
DA:1478,0
DA:1487,0
DA:1488,0
DA:1489,0
DA:1491,0
DA:1492,0
DA:1494,0
DA:1495,0
DA:1498,0
DA:1502,0
DA:1503,0
DA:1504,0
DA:1505,0
DA:1506,0
DA:1507,0
DA:1511,0
DA:1512,0
DA:1513,0
DA:1514,0
DA:1515,0
DA:1516,0
DA:1517,0
DA:1520,0
DA:1525,0
DA:1526,0
DA:1533,0
DA:1537,0
DA:1544,0
DA:1549,0
DA:1553,0
DA:1559,0
DA:1563,0
DA:1564,0
DA:1565,0
DA:1567,0
DA:1568,0
DA:1570,0
DA:1575,0
DA:1576,0
DA:1577,0
DA:1579,0
DA:1581,0
DA:1583,0
DA:1585,0
DA:1588,0
DA:1593,0
DA:1594,0
DA:1595,0
DA:1597,0
DA:1598,0
DA:1601,0
DA:1604,0
DA:1605,0
DA:1608,0
DA:1612,0
DA:1613,0
DA:1615,0
DA:1616,0
DA:1617,0
DA:1624,0
DA:1647,0
DA:1650,0
DA:1651,0
DA:1654,0
DA:1659,0
DA:1690,0
DA:1691,0
DA:1693,0
DA:1694,0
DA:1701,0
DA:1707,0
DA:1708,0
DA:1710,0
DA:1711,0
DA:1712,0
DA:1714,0
DA:1716,0
DA:1717,0
DA:1724,0
DA:1725,0
DA:1727,0
DA:1728,0
DA:1729,0
DA:1731,0
DA:1733,0
DA:1734,0
DA:1741,0
DA:1756,0
DA:1758,0
DA:1765,0
DA:1766,0
DA:1780,0
DA:1781,0
DA:1788,0
DA:1790,0
DA:1791,0
DA:1797,0
DA:1804,0
DA:1810,0
DA:1817,0
DA:1818,0
DA:1819,0
DA:1821,0
DA:1822,0
DA:1825,0
DA:1826,0
DA:1829,0
DA:1832,0
DA:1833,0
DA:1835,0
DA:1840,0
DA:1841,0
DA:1846,0
DA:1853,0
DA:1861,0
DA:1867,0
DA:1878,0
DA:1879,0
DA:1881,0
DA:1882,0
DA:1884,0
DA:1885,0
DA:1886,0
DA:1893,0
DA:1894,0
DA:1895,0
DA:1897,0
DA:1902,0
DA:1905,0
DA:1906,0
DA:1907,0
DA:1914,0
DA:1915,0
DA:1921,0
DA:1922,0
DA:1923,0
DA:1926,0
DA:1927,0
DA:1933,0
DA:1936,0
DA:1937,0
DA:1940,0
DA:1941,0
DA:1942,0
DA:1945,0
DA:1946,0
DA:1947,0
DA:1952,0
DA:1953,0
DA:1962,0
DA:1969,0
DA:1976,0
DA:1989,0
DA:1995,0
DA:1996,0
DA:2002,0
DA:2003,0
DA:2004,0
DA:2005,0
DA:2006,0
DA:2009,0
DA:2015,0
DA:2016,0
DA:2018,0
DA:2020,0
DA:2021,0
DA:2025,0
DA:2028,0
DA:2029,0
DA:2032,0
DA:2042,0
DA:2043,0
DA:2047,0
DA:2050,0
DA:2051,0
DA:2055,0
DA:2058,0
DA:2060,0
DA:2065,0
DA:2072,0
DA:2075,0
DA:2079,0
DA:2081,0
DA:2085,0
DA:2086,0
DA:2094,0
DA:2095,0
DA:2105,0
DA:2106,0
DA:2110,0
DA:2118,0
DA:2119,0
DA:2123,0
DA:2132,0
DA:2139,0
DA:2140,0
DA:2142,0
DA:2144,0
DA:2145,0
DA:2150,0
DA:2151,0
DA:2152,0
DA:2154,0
DA:2155,0
DA:2157,0
DA:2158,0
DA:2170,0
DA:2173,0
DA:2174,0
DA:2181,0
DA:2187,0
DA:2191,0
DA:2192,0
DA:2199,0
DA:2203,0
DA:2204,0
DA:2209,0
LF:785
LH:0
BRDA:54,0,0,0
BRDA:54,0,1,0
BRDA:54,1,0,0
BRDA:54,1,1,0
BRDA:62,2,0,0
BRDA:62,2,1,0
BRDA:69,3,0,0
BRDA:69,3,1,0
BRDA:108,4,0,0
BRDA:108,4,1,0
BRDA:114,5,0,0
BRDA:114,5,1,0
BRDA:123,6,0,0
BRDA:123,6,1,0
BRDA:124,7,0,0
BRDA:124,7,1,0
BRDA:125,8,0,0
BRDA:125,8,1,0
BRDA:125,9,0,0
BRDA:125,9,1,0
BRDA:126,10,0,0
BRDA:126,10,1,0
BRDA:130,11,0,0
BRDA:130,11,1,0
BRDA:134,12,0,0
BRDA:134,12,1,0
BRDA:155,13,0,0
BRDA:155,13,1,0
BRDA:167,14,0,0
BRDA:167,14,1,0
BRDA:174,15,0,0
BRDA:174,15,1,0
BRDA:181,16,0,0
BRDA:181,16,1,0
BRDA:194,17,0,0
BRDA:194,17,1,0
BRDA:222,18,0,0
BRDA:222,18,1,0
BRDA:232,19,0,0
BRDA:232,19,1,0
BRDA:255,20,0,0
BRDA:255,20,1,0
BRDA:265,21,0,0
BRDA:265,21,1,0
BRDA:266,22,0,0
BRDA:266,22,1,0
BRDA:266,23,0,0
BRDA:266,23,1,0
BRDA:269,24,0,0
BRDA:269,24,1,0
BRDA:271,25,0,0
BRDA:271,25,1,0
BRDA:274,26,0,0
BRDA:274,26,1,0
BRDA:279,27,0,0
BRDA:279,27,1,0
BRDA:287,28,0,0
BRDA:287,28,1,0
BRDA:297,29,0,0
BRDA:297,29,1,0
BRDA:298,30,0,0
BRDA:298,30,1,0
BRDA:299,31,0,0
BRDA:299,31,1,0
BRDA:302,32,0,0
BRDA:302,32,1,0
BRDA:306,33,0,0
BRDA:306,33,1,0
BRDA:309,34,0,0
BRDA:309,34,1,0
BRDA:330,35,0,0
BRDA:330,35,1,0
BRDA:343,36,0,0
BRDA:343,36,1,0
BRDA:343,37,0,0
BRDA:343,37,1,0
BRDA:343,37,2,0
BRDA:385,38,0,0
BRDA:385,38,1,0
BRDA:395,39,0,0
BRDA:395,39,1,0
BRDA:440,40,0,0
BRDA:440,40,1,0
BRDA:449,41,0,0
BRDA:449,41,1,0
BRDA:451,42,0,0
BRDA:451,42,1,0
BRDA:453,43,0,0
BRDA:453,43,1,0
BRDA:453,44,0,0
BRDA:453,44,1,0
BRDA:453,44,2,0
BRDA:458,45,0,0
BRDA:458,45,1,0
BRDA:461,46,0,0
BRDA:461,46,1,0
BRDA:465,47,0,0
BRDA:465,47,1,0
BRDA:473,48,0,0
BRDA:473,48,1,0
BRDA:473,49,0,0
BRDA:473,49,1,0
BRDA:475,50,0,0
BRDA:475,50,1,0
BRDA:475,51,0,0
BRDA:475,51,1,0
BRDA:480,52,0,0
BRDA:480,52,1,0
BRDA:481,53,0,0
BRDA:481,53,1,0
BRDA:481,54,0,0
BRDA:481,54,1,0
BRDA:483,55,0,0
BRDA:483,55,1,0
BRDA:484,56,0,0
BRDA:484,56,1,0
BRDA:485,57,0,0
BRDA:485,57,1,0
BRDA:486,58,0,0
BRDA:486,58,1,0
BRDA:486,58,2,0
BRDA:493,59,0,0
BRDA:493,59,1,0
BRDA:496,60,0,0
BRDA:496,60,1,0
BRDA:498,61,0,0
BRDA:498,61,1,0
BRDA:500,62,0,0
BRDA:500,62,1,0
BRDA:510,63,0,0
BRDA:510,63,1,0
BRDA:517,64,0,0
BRDA:517,64,1,0
BRDA:518,65,0,0
BRDA:518,65,1,0
BRDA:519,66,0,0
BRDA:519,66,1,0
BRDA:520,67,0,0
BRDA:520,67,1,0
BRDA:522,68,0,0
BRDA:522,68,1,0
BRDA:525,69,0,0
BRDA:525,69,1,0
BRDA:530,70,0,0
BRDA:530,70,1,0
BRDA:551,71,0,0
BRDA:551,71,1,0
BRDA:562,72,0,0
BRDA:562,72,1,0
BRDA:566,73,0,0
BRDA:566,73,1,0
BRDA:566,74,0,0
BRDA:566,74,1,0
BRDA:576,75,0,0
BRDA:576,75,1,0
BRDA:576,76,0,0
BRDA:576,76,1,0
BRDA:586,77,0,0
BRDA:586,77,1,0
BRDA:643,78,0,0
BRDA:643,78,1,0
BRDA:656,79,0,0
BRDA:656,79,1,0
BRDA:658,80,0,0
BRDA:658,80,1,0
BRDA:659,81,0,0
BRDA:659,81,1,0
BRDA:660,82,0,0
BRDA:660,82,1,0
BRDA:661,83,0,0
BRDA:661,83,1,0
BRDA:661,84,0,0
BRDA:661,84,1,0
BRDA:662,85,0,0
BRDA:662,85,1,0
BRDA:691,86,0,0
BRDA:691,86,1,0
BRDA:695,87,0,0
BRDA:695,87,1,0
BRDA:695,87,2,0
BRDA:695,87,3,0
BRDA:695,87,4,0
BRDA:695,87,5,0
BRDA:727,88,0,0
BRDA:727,88,1,0
BRDA:728,89,0,0
BRDA:728,89,1,0
BRDA:753,90,0,0
BRDA:753,90,1,0
BRDA:761,91,0,0
BRDA:761,91,1,0
BRDA:773,92,0,0
BRDA:773,92,1,0
BRDA:778,93,0,0
BRDA:778,93,1,0
BRDA:780,94,0,0
BRDA:780,94,1,0
BRDA:782,95,0,0
BRDA:782,95,1,0
BRDA:787,96,0,0
BRDA:787,96,1,0
BRDA:788,97,0,0
BRDA:788,97,1,0
BRDA:791,98,0,0
BRDA:791,98,1,0
BRDA:792,99,0,0
BRDA:792,99,1,0
BRDA:796,100,0,0
BRDA:796,100,1,0
BRDA:798,101,0,0
BRDA:798,101,1,0
BRDA:798,102,0,0
BRDA:798,102,1,0
BRDA:817,103,0,0
BRDA:817,103,1,0
BRDA:826,104,0,0
BRDA:826,104,1,0
BRDA:841,105,0,0
BRDA:841,105,1,0
BRDA:841,105,2,0
BRDA:841,105,3,0
BRDA:841,105,4,0
BRDA:841,105,5,0
BRDA:841,105,6,0
BRDA:841,105,7,0
BRDA:841,105,8,0
BRDA:841,105,9,0
BRDA:841,105,10,0
BRDA:841,105,11,0
BRDA:841,105,12,0
BRDA:841,105,13,0
BRDA:923,106,0,0
BRDA:923,106,1,0
BRDA:924,107,0,0
BRDA:924,107,1,0
BRDA:932,108,0,0
BRDA:932,108,1,0
BRDA:938,109,0,0
BRDA:938,109,1,0
BRDA:950,110,0,0
BRDA:950,110,1,0
BRDA:950,110,2,0
BRDA:950,110,3,0
BRDA:950,110,4,0
BRDA:981,111,0,0
BRDA:988,112,0,0
BRDA:988,112,1,0
BRDA:994,113,0,0
BRDA:994,113,1,0
BRDA:1004,114,0,0
BRDA:1004,114,1,0
BRDA:1032,115,0,0
BRDA:1032,115,1,0
BRDA:1034,116,0,0
BRDA:1034,116,1,0
BRDA:1088,117,0,0
BRDA:1088,117,1,0
BRDA:1095,118,0,0
BRDA:1095,118,1,0
BRDA:1096,119,0,0
BRDA:1096,119,1,0
BRDA:1218,120,0,0
BRDA:1218,120,1,0
BRDA:1226,121,0,0
BRDA:1226,121,1,0
BRDA:1226,122,0,0
BRDA:1226,122,1,0
BRDA:1243,123,0,0
BRDA:1243,123,1,0
BRDA:1247,124,0,0
BRDA:1247,124,1,0
BRDA:1247,125,0,0
BRDA:1247,125,1,0
BRDA:1250,126,0,0
BRDA:1250,126,1,0
BRDA:1250,127,0,0
BRDA:1250,127,1,0
BRDA:1258,128,0,0
BRDA:1258,128,1,0
BRDA:1258,129,0,0
BRDA:1258,129,1,0
BRDA:1260,130,0,0
BRDA:1260,130,1,0
BRDA:1260,131,0,0
BRDA:1260,131,1,0
BRDA:1282,132,0,0
BRDA:1282,132,1,0
BRDA:1291,133,0,0
BRDA:1291,133,1,0
BRDA:1320,134,0,0
BRDA:1320,134,1,0
BRDA:1329,135,0,0
BRDA:1329,135,1,0
BRDA:1340,136,0,0
BRDA:1340,136,1,0
BRDA:1370,137,0,0
BRDA:1370,137,1,0
BRDA:1411,138,0,0
BRDA:1411,138,1,0
BRDA:1442,139,0,0
BRDA:1442,139,1,0
BRDA:1466,140,0,0
BRDA:1466,140,1,0
BRDA:1466,141,0,0
BRDA:1466,141,1,0
BRDA:1467,142,0,0
BRDA:1467,142,1,0
BRDA:1476,143,0,0
BRDA:1476,143,1,0
BRDA:1487,144,0,0
BRDA:1487,144,1,0
BRDA:1488,145,0,0
BRDA:1488,145,1,0
BRDA:1491,146,0,0
BRDA:1491,146,1,0
BRDA:1494,147,0,0
BRDA:1494,147,1,0
BRDA:1505,148,0,0
BRDA:1505,148,1,0
BRDA:1515,149,0,0
BRDA:1515,149,1,0
BRDA:1515,150,0,0
BRDA:1515,150,1,0
BRDA:1549,151,0,0
BRDA:1549,151,1,0
BRDA:1559,152,0,0
BRDA:1559,152,1,0
BRDA:1563,153,0,0
BRDA:1563,153,1,0
BRDA:1567,154,0,0
BRDA:1567,154,1,0
BRDA:1581,155,0,0
BRDA:1581,155,1,0
BRDA:1592,156,0,0
BRDA:1597,157,0,0
BRDA:1597,157,1,0
BRDA:1597,158,0,0
BRDA:1597,158,1,0
BRDA:1604,159,0,0
BRDA:1604,159,1,0
BRDA:1616,160,0,0
BRDA:1616,160,1,0
BRDA:1623,161,0,0
BRDA:1647,162,0,0
BRDA:1647,162,1,0
BRDA:1658,163,0,0
BRDA:1661,164,0,0
BRDA:1661,164,1,0
BRDA:1664,165,0,0
BRDA:1664,165,1,0
BRDA:1664,166,0,0
BRDA:1664,166,1,0
BRDA:1667,167,0,0
BRDA:1667,167,1,0
BRDA:1667,167,2,0
BRDA:1669,168,0,0
BRDA:1669,168,1,0
BRDA:1669,169,0,0
BRDA:1669,169,1,0
BRDA:1673,170,0,0
BRDA:1673,170,1,0
BRDA:1673,171,0,0
BRDA:1673,171,1,0
BRDA:1676,172,0,0
BRDA:1676,172,1,0
BRDA:1676,172,2,0
BRDA:1678,173,0,0
BRDA:1678,173,1,0
BRDA:1678,174,0,0
BRDA:1678,174,1,0
BRDA:1681,175,0,0
BRDA:1681,175,1,0
BRDA:1681,176,0,0
BRDA:1681,176,1,0
BRDA:1684,177,0,0
BRDA:1684,177,1,0
BRDA:1684,177,2,0
BRDA:1685,178,0,0
BRDA:1685,178,1,0
BRDA:1685,179,0,0
BRDA:1685,179,1,0
BRDA:1686,180,0,0
BRDA:1686,180,1,0
BRDA:1686,181,0,0
BRDA:1686,181,1,0
BRDA:1691,182,0,0
BRDA:1691,182,1,0
BRDA:1693,183,0,0
BRDA:1693,183,1,0
BRDA:1712,184,0,0
BRDA:1712,184,1,0
BRDA:1729,185,0,0
BRDA:1729,185,1,0
BRDA:1780,186,0,0
BRDA:1780,186,1,0
BRDA:1821,187,0,0
BRDA:1821,187,1,0
BRDA:1821,188,0,0
BRDA:1821,188,1,0
BRDA:1825,189,0,0
BRDA:1825,189,1,0
BRDA:1825,190,0,0
BRDA:1825,190,1,0
BRDA:1832,191,0,0
BRDA:1832,191,1,0
BRDA:1879,192,0,0
BRDA:1879,192,1,0
BRDA:1879,193,0,0
BRDA:1879,193,1,0
BRDA:1882,194,0,0
BRDA:1882,194,1,0
BRDA:1882,194,2,0
BRDA:1885,195,0,0
BRDA:1885,195,1,0
BRDA:1906,196,0,0
BRDA:1906,196,1,0
BRDA:1914,197,0,0
BRDA:1914,197,1,0
BRDA:1936,198,0,0
BRDA:1936,198,1,0
BRDA:1982,199,0,0
BRDA:1982,199,1,0
BRDA:2005,200,0,0
BRDA:2005,200,1,0
BRDA:2020,201,0,0
BRDA:2020,201,1,0
BRDA:2020,202,0,0
BRDA:2020,202,1,0
BRDA:2029,203,0,0
BRDA:2029,203,1,0
BRDA:2042,204,0,0
BRDA:2042,204,1,0
BRDA:2050,205,0,0
BRDA:2050,205,1,0
BRDA:2058,206,0,0
BRDA:2058,206,1,0
BRDA:2093,207,0,0
BRDA:2105,208,0,0
BRDA:2105,208,1,0
BRDA:2114,209,0,0
BRDA:2114,209,1,0
BRDA:2118,210,0,0
BRDA:2118,210,1,0
BRDA:2139,211,0,0
BRDA:2139,211,1,0
BRDA:2140,212,0,0
BRDA:2140,212,1,0
BRDA:2157,213,0,0
BRDA:2157,213,1,0
BRDA:2157,214,0,0
BRDA:2157,214,1,0
BRDA:2173,215,0,0
BRDA:2173,215,1,0
BRDA:2187,216,0,0
BRDA:2187,216,1,0
BRF:455
BRH:0
end_of_record
TN:
SF:src/utils/alerts.js
FN:24,(anonymous_0)
FN:57,(anonymous_1)
FN:153,(anonymous_2)
FN:175,(anonymous_3)
FN:197,(anonymous_4)
FN:210,(anonymous_5)
FN:223,(anonymous_6)
FN:241,(anonymous_7)
FN:262,(anonymous_8)
FN:263,(anonymous_9)
FN:269,(anonymous_10)
FN:274,(anonymous_11)
FN:276,(anonymous_12)
FN:277,(anonymous_13)
FN:285,(anonymous_14)
FN:294,(anonymous_15)
FN:299,(anonymous_16)
FN:308,(anonymous_17)
FNF:18
FNH:0
FNDA:0,(anonymous_0)
FNDA:0,(anonymous_1)
FNDA:0,(anonymous_2)
FNDA:0,(anonymous_3)
FNDA:0,(anonymous_4)
FNDA:0,(anonymous_5)
FNDA:0,(anonymous_6)
FNDA:0,(anonymous_7)
FNDA:0,(anonymous_8)
FNDA:0,(anonymous_9)
FNDA:0,(anonymous_10)
FNDA:0,(anonymous_11)
FNDA:0,(anonymous_12)
FNDA:0,(anonymous_13)
FNDA:0,(anonymous_14)
FNDA:0,(anonymous_15)
FNDA:0,(anonymous_16)
FNDA:0,(anonymous_17)
DA:3,0
DA:10,0
DA:11,0
DA:14,0
DA:25,0
DA:52,0
DA:53,0
DA:58,0
DA:61,0
DA:62,0
DA:66,0
DA:72,0
DA:76,0
DA:80,0
DA:81,0
DA:85,0
DA:89,0
DA:93,0
DA:97,0
DA:102,0
DA:103,0
DA:105,0
DA:109,0
DA:115,0
DA:119,0
DA:126,0
DA:130,0
DA:142,0
DA:146,0
DA:154,0
DA:156,0
DA:165,0
DA:168,0
DA:171,0
DA:176,0
DA:178,0
DA:187,0
DA:190,0
DA:193,0
DA:198,0
DA:206,0
DA:211,0
DA:219,0
DA:224,0
DA:226,0
DA:228,0
DA:230,0
DA:232,0
DA:234,0
DA:236,0
DA:242,0
DA:243,0
DA:244,0
DA:247,0
DA:248,0
DA:257,0
DA:263,0
DA:264,0
DA:270,0
DA:275,0
DA:276,0
DA:277,0
DA:286,0
DA:287,0
DA:288,0
DA:290,0
DA:295,0
DA:300,0
DA:301,0
DA:302,0
DA:304,0
DA:309,0
DA:310,0
DA:315,0
DA:317,0
LF:75
LH:0
BRDA:62,0,0,0
BRDA:62,0,1,0
BRDA:63,1,0,0
BRDA:63,1,1,0
BRDA:72,2,0,0
BRDA:72,2,1,0
BRDA:73,3,0,0
BRDA:73,3,1,0
BRDA:81,4,0,0
BRDA:81,4,1,0
BRDA:82,5,0,0
BRDA:82,5,1,0
BRDA:89,6,0,0
BRDA:89,6,1,0
BRDA:90,7,0,0
BRDA:90,7,1,0
BRDA:97,8,0,0
BRDA:97,8,1,0
BRDA:98,9,0,0
BRDA:98,9,1,0
BRDA:98,9,2,0
BRDA:105,10,0,0
BRDA:105,10,1,0
BRDA:106,11,0,0
BRDA:106,11,1,0
BRDA:115,12,0,0
BRDA:115,12,1,0
BRDA:116,13,0,0
BRDA:116,13,1,0
BRDA:126,14,0,0
BRDA:126,14,1,0
BRDA:127,15,0,0
BRDA:127,15,1,0
BRDA:134,16,0,0
BRDA:134,16,1,0
BRDA:142,17,0,0
BRDA:142,17,1,0
BRDA:143,18,0,0
BRDA:143,18,1,0
BRDA:206,19,0,0
BRDA:206,19,1,0
BRDA:219,20,0,0
BRDA:219,20,1,0
BRDA:226,21,0,0
BRDA:226,21,1,0
BRDA:226,21,2,0
BRDA:226,21,3,0
BRDA:226,21,4,0
BRDA:243,22,0,0
BRDA:243,22,1,0
BRDA:247,23,0,0
BRDA:247,23,1,0
BRDA:269,24,0,0
BRDA:286,25,0,0
BRDA:286,25,1,0
BRDA:286,26,0,0
BRDA:286,26,1,0
BRDA:288,27,0,0
BRDA:288,27,1,0
BRDA:300,28,0,0
BRDA:300,28,1,0
BRF:61
BRH:0
end_of_record
TN:
SF:src/utils/auditLogger.js
FN:26,(anonymous_0)
FN:64,(anonymous_1)
FN:86,(anonymous_2)
FN:107,(anonymous_3)
FN:125,(anonymous_4)
FN:146,(anonymous_5)
FN:169,(anonymous_6)
FN:197,(anonymous_7)
FN:215,(anonymous_8)
FN:229,(anonymous_9)
FN:244,(anonymous_10)
FN:291,(anonymous_11)
FN:305,(anonymous_12)
FN:320,(anonymous_13)
FN:335,(anonymous_14)
FNF:15
FNH:0
FNDA:0,(anonymous_0)
FNDA:0,(anonymous_1)
FNDA:0,(anonymous_2)
FNDA:0,(anonymous_3)
FNDA:0,(anonymous_4)
FNDA:0,(anonymous_5)
FNDA:0,(anonymous_6)
FNDA:0,(anonymous_7)
FNDA:0,(anonymous_8)
FNDA:0,(anonymous_9)
FNDA:0,(anonymous_10)
FNDA:0,(anonymous_11)
FNDA:0,(anonymous_12)
FNDA:0,(anonymous_13)
FNDA:0,(anonymous_14)
DA:3,0
DA:5,0
DA:39,0
DA:40,0
DA:56,0
DA:65,0
DA:87,0
DA:89,0
DA:108,0
DA:126,0
DA:147,0
DA:153,0
DA:177,0
DA:179,0
DA:198,0
DA:216,0
DA:230,0
DA:232,0
DA:233,0
DA:234,0
DA:238,0
DA:254,0
DA:256,0
DA:257,0
DA:258,0
DA:259,0
DA:261,0
DA:262,0
DA:267,0
DA:287,0
DA:292,0
DA:306,0
DA:321,0
DA:336,0
DA:349,0
LF:35
LH:0
BRDA:28,0,0,0
BRDA:31,1,0,0
BRDA:33,2,0,0
BRDA:34,3,0,0
BRDA:35,4,0,0
BRDA:36,5,0,0
BRDA:37,6,0,0
BRDA:233,7,0,0
BRDA:233,7,1,0
BRDA:245,8,0,0
BRDA:246,9,0,0
BRDA:247,10,0,0
BRDA:248,11,0,0
BRDA:249,12,0,0
BRDA:250,13,0,0
BRDA:251,14,0,0
BRDA:252,15,0,0
BRDA:256,16,0,0
BRDA:256,16,1,0
BRDA:257,17,0,0
BRDA:257,17,1,0
BRDA:258,18,0,0
BRDA:258,18,1,0
BRDA:259,19,0,0
BRDA:259,19,1,0
BRDA:261,20,0,0
BRDA:261,20,1,0
BRDA:261,21,0,0
BRDA:261,21,1,0
BRF:29
BRH:0
end_of_record
TN:
SF:src/utils/logger.js
FN:20,(anonymous_0)
FN:83,(anonymous_1)
FN:96,(anonymous_2)
FN:97,(anonymous_3)
FN:98,(anonymous_4)
FN:99,(anonymous_5)
FN:102,(anonymous_6)
FN:113,(anonymous_7)
FN:121,(anonymous_8)
FN:126,(anonymous_9)
FN:131,(anonymous_10)
FNF:11
FNH:0
FNDA:0,(anonymous_0)
FNDA:0,(anonymous_1)
FNDA:0,(anonymous_2)
FNDA:0,(anonymous_3)
FNDA:0,(anonymous_4)
FNDA:0,(anonymous_5)
FNDA:0,(anonymous_6)
FNDA:0,(anonymous_7)
FNDA:0,(anonymous_8)
FNDA:0,(anonymous_9)
FNDA:0,(anonymous_10)
DA:3,0
DA:4,0
DA:7,0
DA:8,0
DA:9,0
DA:10,0
DA:14,0
DA:17,0
DA:21,0
DA:22,0
DA:27,0
DA:34,0
DA:74,0
DA:83,0
DA:84,0
DA:88,0
DA:96,0
DA:97,0
DA:98,0
DA:99,0
DA:103,0
DA:114,0
DA:122,0
DA:123,0
DA:127,0
DA:128,0
DA:132,0
DA:133,0
DA:138,0
DA:144,0
LF:30
LH:0
BRDA:9,0,0,0
BRDA:9,0,1,0
BRDA:14,1,0,0
BRDA:14,1,1,0
BRDA:21,2,0,0
BRDA:21,2,1,0
BRDA:36,3,0,0
BRDA:36,3,1,0
BRDA:96,4,0,0
BRDA:97,5,0,0
BRDA:98,6,0,0
BRDA:99,7,0,0
BRDA:102,8,0,0
BRDA:113,9,0,0
BRDA:121,10,0,0
BRDA:126,11,0,0
BRDA:131,12,0,0
BRF:17
BRH:0
end_of_record
TN:
SF:src/utils/metrics.js
FN:27,(anonymous_0)
FN:62,(anonymous_1)
FN:89,(anonymous_2)
FN:105,(anonymous_3)
FN:119,(anonymous_4)
FN:130,(anonymous_5)
FN:131,(anonymous_6)
FN:165,(anonymous_7)
FN:169,(anonymous_8)
FN:213,(anonymous_9)
FN:214,(anonymous_10)
FN:218,(anonymous_11)
FNF:12
FNH:0
FNDA:0,(anonymous_0)
FNDA:0,(anonymous_1)
FNDA:0,(anonymous_2)
FNDA:0,(anonymous_3)
FNDA:0,(anonymous_4)
FNDA:0,(anonymous_5)
FNDA:0,(anonymous_6)
FNDA:0,(anonymous_7)
FNDA:0,(anonymous_8)
FNDA:0,(anonymous_9)
FNDA:0,(anonymous_10)
FNDA:0,(anonymous_11)
DA:8,0
DA:9,0
DA:12,0
DA:18,0
DA:28,0
DA:57,0
DA:58,0
DA:63,0
DA:66,0
DA:70,0
DA:74,0
DA:77,0
DA:78,0
DA:83,0
DA:84,0
DA:90,0
DA:92,0
DA:93,0
DA:95,0
DA:97,0
DA:99,0
DA:100,0
DA:106,0
DA:108,0
DA:110,0
DA:113,0
DA:114,0
DA:120,0
DA:121,0
DA:124,0
DA:125,0
DA:131,0
DA:132,0
DA:133,0
DA:135,0
DA:143,0
DA:151,0
DA:152,0
DA:156,0
DA:157,0
DA:166,0
DA:168,0
DA:169,0
DA:172,0
DA:174,0
DA:214,0
DA:215,0
DA:218,0
DA:219,0
DA:220,0
DA:223,0
DA:229,0
DA:231,0
LF:53
LH:0
BRDA:67,0,0,0
BRDA:67,0,1,0
BRDA:71,1,0,0
BRDA:71,1,1,0
BRDA:77,2,0,0
BRDA:77,2,1,0
BRDA:83,3,0,0
BRDA:83,3,1,0
BRDA:89,4,0,0
BRDA:90,5,0,0
BRDA:90,5,1,0
BRDA:92,6,0,0
BRDA:92,6,1,0
BRDA:105,7,0,0
BRDA:108,8,0,0
BRDA:108,8,1,0
BRDA:113,9,0,0
BRDA:113,9,1,0
BRDA:119,10,0,0
BRDA:120,11,0,0
BRDA:120,11,1,0
BRDA:124,12,0,0
BRDA:124,12,1,0
BRDA:151,13,0,0
BRDA:151,13,1,0
BRDA:156,14,0,0
BRDA:156,14,1,0
BRDA:168,15,0,0
BRDA:168,15,1,0
BRDA:179,16,0,0
BRDA:179,16,1,0
BRDA:193,17,0,0
BRDA:193,17,1,0
BRDA:205,18,0,0
BRDA:205,18,1,0
BRDA:207,19,0,0
BRDA:207,19,1,0
BRF:37
BRH:0
end_of_record
TN:
SF:src/utils/reminderMessages.js
FN:10,sendMorningReminder
FN:29,sendLunchStartReminder
FN:49,sendLunchEndReminder
FN:69,sendEveningReminder
FN:94,sendMotivationalReminder
FN:112,sendManagerDailyStats
FN:144,sendPersonalizedReminder
FNF:7
FNH:0
FNDA:0,sendMorningReminder
FNDA:0,sendLunchStartReminder
FNDA:0,sendLunchEndReminder
FNDA:0,sendEveningReminder
FNDA:0,sendMotivationalReminder
FNDA:0,sendManagerDailyStats
FNDA:0,sendPersonalizedReminder
DA:3,0
DA:5,0
DA:11,0
DA:23,0
DA:30,0
DA:43,0
DA:50,0
DA:63,0
DA:70,0
DA:88,0
DA:99,0
DA:105,0
DA:106,0
DA:114,0
DA:118,0
DA:138,0
DA:145,0
DA:147,0
DA:148,0
DA:150,0
DA:153,0
DA:156,0
DA:159,0
DA:162,0
DA:163,0
DA:166,0
DA:170,0
DA:174,0
LF:28
LH:0
BRDA:105,0,0,0
BRDA:105,0,1,0
BRDA:114,1,0,0
BRDA:114,1,1,0
BRDA:128,2,0,0
BRDA:128,2,1,0
BRDA:130,3,0,0
BRDA:130,3,1,0
BRDA:144,4,0,0
BRDA:148,5,0,0
BRDA:148,5,1,0
BRDA:148,5,2,0
BRDA:148,5,3,0
BRDA:148,5,4,0
BRF:14
BRH:0
end_of_record
TN:
SF:src/utils/sendTelegramMessage.js
FN:12,isValidTelegramId
FN:25,sendTelegramMessage
FN:98,notifyWorkLogEdited
FN:105,(anonymous_3)
FN:128,notifyReportExported
FN:145,sendTestMessage
FN:161,getFieldName
FNF:7
FNH:0
FNDA:0,isValidTelegramId
FNDA:0,sendTelegramMessage
FNDA:0,notifyWorkLogEdited
FNDA:0,(anonymous_3)
FNDA:0,notifyReportExported
FNDA:0,sendTestMessage
FNDA:0,getFieldName
DA:3,0
DA:4,0
DA:6,0
DA:7,0
DA:14,0
DA:15,0
DA:26,0
DA:28,0
DA:29,0
DA:30,0
DA:34,0
DA:35,0
DA:36,0
DA:40,0
DA:41,0
DA:42,0
DA:45,0
DA:54,0
DA:59,0
DA:63,0
DA:67,0
DA:70,0
DA:71,0
DA:73,0
DA:74,0
DA:75,0
DA:78,0
DA:79,0
DA:80,0
DA:85,0
DA:91,0
DA:104,0
DA:106,0
DA:110,0
DA:122,0
DA:129,0
DA:139,0
DA:146,0
DA:155,0
DA:162,0
DA:172,0
DA:175,0
LF:42
LH:0
BRDA:15,0,0,0
BRDA:15,0,1,0
BRDA:15,0,2,0
BRDA:25,1,0,0
BRDA:28,2,0,0
BRDA:28,2,1,0
BRDA:28,3,0,0
BRDA:28,3,1,0
BRDA:34,4,0,0
BRDA:34,4,1,0
BRDA:40,5,0,0
BRDA:40,5,1,0
BRDA:48,6,0,0
BRDA:48,6,1,0
BRDA:49,7,0,0
BRDA:49,7,1,0
BRDA:50,8,0,0
BRDA:50,8,1,0
BRDA:70,9,0,0
BRDA:70,9,1,0
BRDA:73,10,0,0
BRDA:73,10,1,0
BRDA:78,11,0,0
BRDA:78,11,1,0
BRDA:87,12,0,0
BRDA:87,12,1,0
BRDA:172,13,0,0
BRDA:172,13,1,0
BRF:28
BRH:0
end_of_record
