TN:
SF:src/config/database.js
FNF:0
FNH:0
DA:1,3
DA:2,3
DA:7,3
DA:9,3
DA:16,0
DA:34,3
LF:6
LH:5
BRDA:7,0,0,3
BRDA:7,0,1,0
BRDA:11,1,0,3
BRDA:11,1,1,0
BRDA:12,2,0,0
BRDA:12,2,1,3
BRDA:23,3,0,0
BRDA:23,3,1,0
BRDA:24,4,0,0
BRDA:24,4,1,0
BRF:10
BRH:3
end_of_record
TN:
SF:src/controllers/AuthController.js
FN:40,(anonymous_0)
FN:66,(anonymous_1)
FN:76,(anonymous_2)
FN:100,(anonymous_3)
FN:107,(anonymous_4)
FN:119,(anonymous_5)
FNF:6
FNH:3
FNDA:5,(anonymous_0)
FNDA:1,(anonymous_1)
FNDA:3,(anonymous_2)
FNDA:0,(anonymous_3)
FNDA:0,(anonymous_4)
FNDA:0,(anonymous_5)
DA:1,1
DA:2,1
DA:3,1
DA:13,1
DA:27,1
DA:40,1
DA:42,5
DA:43,5
DA:44,2
DA:51,3
DA:54,3
DA:56,3
DA:66,1
DA:67,1
DA:76,1
DA:77,3
DA:78,3
DA:79,1
DA:86,2
DA:89,2
DA:91,1
DA:100,1
DA:101,0
DA:107,1
DA:108,0
DA:110,0
DA:119,1
DA:121,0
DA:128,1
LF:29
LH:25
BRDA:43,0,0,2
BRDA:43,0,1,3
BRDA:78,1,0,1
BRDA:78,1,1,2
BRDA:112,2,0,0
BRDA:112,2,1,0
BRF:6
BRH:4
end_of_record
TN:
SF:src/cron/reminderService.js
FN:8,getUsersForMorningReminder
FN:31,(anonymous_1)
FN:32,(anonymous_2)
FN:48,getUsersForLunchStartReminder
FN:82,getUsersForLunchEndReminder
FN:116,getUsersForEveningReminder
FN:154,getReminderStats
FNF:7
FNH:0
FNDA:0,getUsersForMorningReminder
FNDA:0,(anonymous_1)
FNDA:0,(anonymous_2)
FNDA:0,getUsersForLunchStartReminder
FNDA:0,getUsersForLunchEndReminder
FNDA:0,getUsersForEveningReminder
FNDA:0,getReminderStats
DA:1,0
DA:2,0
DA:3,0
DA:9,0
DA:10,0
DA:12,0
DA:31,0
DA:32,0
DA:33,0
DA:36,0
DA:37,0
DA:40,0
DA:41,0
DA:49,0
DA:50,0
DA:52,0
DA:70,0
DA:71,0
DA:74,0
DA:75,0
DA:83,0
DA:84,0
DA:86,0
DA:104,0
DA:105,0
DA:108,0
DA:109,0
DA:117,0
DA:118,0
DA:120,0
DA:142,0
DA:143,0
DA:146,0
DA:147,0
DA:155,0
DA:156,0
DA:158,0
DA:166,0
DA:185,0
DA:193,0
DA:194,0
DA:198,0
LF:42
LH:0
BRDA:33,0,0,0
BRDA:33,0,1,0
BRF:2
BRH:0
end_of_record
TN:
SF:src/cron/scheduler.js
FN:19,(anonymous_0)
FN:31,(anonymous_1)
FN:33,(anonymous_2)
FN:41,(anonymous_3)
FN:49,(anonymous_4)
FN:57,(anonymous_5)
FN:65,(anonymous_6)
FN:74,(anonymous_7)
FN:81,(anonymous_8)
FN:109,(anonymous_9)
FN:136,(anonymous_10)
FN:163,(anonymous_11)
FN:190,(anonymous_12)
FN:225,(anonymous_13)
FN:243,(anonymous_14)
FN:244,(anonymous_15)
FN:248,(anonymous_16)
FN:253,(anonymous_17)
FN:258,(anonymous_18)
FN:266,(anonymous_19)
FNF:20
FNH:0
FNDA:0,(anonymous_0)
FNDA:0,(anonymous_1)
FNDA:0,(anonymous_2)
FNDA:0,(anonymous_3)
FNDA:0,(anonymous_4)
FNDA:0,(anonymous_5)
FNDA:0,(anonymous_6)
FNDA:0,(anonymous_7)
FNDA:0,(anonymous_8)
FNDA:0,(anonymous_9)
FNDA:0,(anonymous_10)
FNDA:0,(anonymous_11)
FNDA:0,(anonymous_12)
FNDA:0,(anonymous_13)
FNDA:0,(anonymous_14)
FNDA:0,(anonymous_15)
FNDA:0,(anonymous_16)
FNDA:0,(anonymous_17)
FNDA:0,(anonymous_18)
FNDA:0,(anonymous_19)
DA:1,0
DA:2,0
DA:9,0
DA:14,0
DA:16,0
DA:20,0
DA:21,0
DA:23,0
DA:24,0
DA:25,0
DA:27,0
DA:33,0
DA:34,0
DA:41,0
DA:42,0
DA:49,0
DA:50,0
DA:57,0
DA:58,0
DA:65,0
DA:66,0
DA:73,0
DA:74,0
DA:75,0
DA:82,0
DA:83,0
DA:84,0
DA:86,0
DA:87,0
DA:88,0
DA:91,0
DA:92,0
DA:93,0
DA:94,0
DA:95,0
DA:96,0
DA:100,0
DA:103,0
DA:105,0
DA:110,0
DA:111,0
DA:112,0
DA:114,0
DA:115,0
DA:116,0
DA:119,0
DA:120,0
DA:121,0
DA:122,0
DA:123,0
DA:124,0
DA:127,0
DA:130,0
DA:132,0
DA:137,0
DA:138,0
DA:139,0
DA:141,0
DA:142,0
DA:143,0
DA:146,0
DA:147,0
DA:148,0
DA:149,0
DA:150,0
DA:151,0
DA:154,0
DA:157,0
DA:159,0
DA:164,0
DA:165,0
DA:166,0
DA:168,0
DA:169,0
DA:170,0
DA:173,0
DA:174,0
DA:175,0
DA:176,0
DA:177,0
DA:178,0
DA:181,0
DA:184,0
DA:186,0
DA:191,0
DA:192,0
DA:194,0
DA:195,0
DA:203,0
DA:204,0
DA:205,0
DA:208,0
DA:209,0
DA:210,0
DA:211,0
DA:212,0
DA:213,0
DA:216,0
DA:219,0
DA:221,0
DA:226,0
DA:229,0
DA:236,0
DA:237,0
DA:238,0
DA:244,0
DA:249,0
DA:250,0
DA:254,0
DA:255,0
DA:259,0
DA:267,0
DA:268,0
DA:270,0
DA:280,0
LF:115
LH:0
BRDA:21,0,0,0
BRDA:21,0,1,0
BRDA:23,1,0,0
BRDA:23,1,1,0
BRDA:73,2,0,0
BRDA:73,2,1,0
BRDA:73,3,0,0
BRDA:73,3,1,0
BRDA:86,4,0,0
BRDA:86,4,1,0
BRDA:94,5,0,0
BRDA:94,5,1,0
BRDA:114,6,0,0
BRDA:114,6,1,0
BRDA:122,7,0,0
BRDA:122,7,1,0
BRDA:141,8,0,0
BRDA:141,8,1,0
BRDA:149,9,0,0
BRDA:149,9,1,0
BRDA:168,10,0,0
BRDA:168,10,1,0
BRDA:176,11,0,0
BRDA:176,11,1,0
BRDA:203,12,0,0
BRDA:203,12,1,0
BRDA:211,13,0,0
BRDA:211,13,1,0
BRDA:236,14,0,0
BRDA:236,14,1,0
BRF:30
BRH:0
end_of_record
TN:
SF:src/database/migrate.js
FN:3,migrate
FNF:1
FNH:0
FNDA:0,migrate
DA:1,0
DA:4,0
DA:5,0
DA:8,0
DA:9,0
DA:12,0
DA:13,0
DA:15,0
DA:16,0
DA:18,0
DA:19,0
DA:23,0
LF:12
LH:0
BRF:0
BRH:0
end_of_record
TN:
SF:src/middleware/absencePermissions.js
FN:11,(anonymous_0)
FN:36,(anonymous_1)
FN:102,(anonymous_2)
FN:165,(anonymous_3)
FN:206,(anonymous_4)
FNF:5
FNH:0
FNDA:0,(anonymous_0)
FNDA:0,(anonymous_1)
FNDA:0,(anonymous_2)
FNDA:0,(anonymous_3)
FNDA:0,(anonymous_4)
DA:1,0
DA:6,0
DA:12,0
DA:13,0
DA:16,0
DA:17,0
DA:23,0
DA:25,0
DA:26,0
DA:37,0
DA:38,0
DA:39,0
DA:41,0
DA:43,0
DA:46,0
DA:48,0
DA:49,0
DA:50,0
DA:51,0
DA:56,0
DA:58,0
DA:67,0
DA:68,0
DA:75,0
DA:79,0
DA:80,0
DA:87,0
DA:88,0
DA:91,0
DA:92,0
DA:103,0
DA:104,0
DA:105,0
DA:107,0
DA:109,0
DA:112,0
DA:113,0
DA:120,0
DA:127,0
DA:128,0
DA:135,0
DA:144,0
DA:145,0
DA:151,0
DA:154,0
DA:155,0
DA:166,0
DA:167,0
DA:168,0
DA:170,0
DA:172,0
DA:173,0
DA:180,0
DA:181,0
DA:185,0
DA:186,0
DA:189,0
DA:195,0
DA:196,0
DA:207,0
DA:208,0
DA:209,0
DA:211,0
DA:213,0
DA:216,0
DA:218,0
DA:219,0
DA:220,0
DA:221,0
DA:227,0
DA:231,0
DA:232,0
DA:236,0
DA:237,0
DA:244,0
DA:247,0
DA:248,0
DA:256,0
LF:78
LH:0
BRDA:16,0,0,0
BRDA:16,0,1,0
BRDA:16,1,0,0
BRDA:16,1,1,0
BRDA:41,2,0,0
BRDA:41,2,1,0
BRDA:46,3,0,0
BRDA:46,3,1,0
BRDA:48,4,0,0
BRDA:48,4,1,0
BRDA:50,5,0,0
BRDA:50,5,1,0
BRDA:50,6,0,0
BRDA:50,6,1,0
BRDA:56,7,0,0
BRDA:56,7,1,0
BRDA:67,8,0,0
BRDA:67,8,1,0
BRDA:79,9,0,0
BRDA:79,9,1,0
BRDA:79,10,0,0
BRDA:79,10,1,0
BRDA:107,11,0,0
BRDA:107,11,1,0
BRDA:112,12,0,0
BRDA:112,12,1,0
BRDA:127,13,0,0
BRDA:127,13,1,0
BRDA:144,14,0,0
BRDA:144,14,1,0
BRDA:172,15,0,0
BRDA:172,15,1,0
BRDA:180,16,0,0
BRDA:180,16,1,0
BRDA:185,17,0,0
BRDA:185,17,1,0
BRDA:185,18,0,0
BRDA:185,18,1,0
BRDA:211,19,0,0
BRDA:211,19,1,0
BRDA:216,20,0,0
BRDA:216,20,1,0
BRDA:218,21,0,0
BRDA:218,21,1,0
BRDA:220,22,0,0
BRDA:220,22,1,0
BRDA:220,23,0,0
BRDA:220,23,1,0
BRDA:231,24,0,0
BRDA:231,24,1,0
BRDA:236,25,0,0
BRDA:236,25,1,0
BRF:52
BRH:0
end_of_record
TN:
SF:src/middleware/auth.js
FN:7,(anonymous_0)
FN:73,(anonymous_1)
FN:74,(anonymous_2)
FN:98,(anonymous_3)
FN:143,(anonymous_4)
FN:172,(anonymous_5)
FN:186,(anonymous_6)
FN:192,(anonymous_7)
FNF:8
FNH:4
FNDA:13,(anonymous_0)
FNDA:5,(anonymous_1)
FNDA:5,(anonymous_2)
FNDA:0,(anonymous_3)
FNDA:5,(anonymous_4)
FNDA:0,(anonymous_5)
FNDA:0,(anonymous_6)
FNDA:0,(anonymous_7)
DA:1,2
DA:2,2
DA:7,2
DA:8,13
DA:9,13
DA:10,13
DA:12,13
DA:13,2
DA:19,11
DA:22,9
DA:38,9
DA:39,2
DA:45,7
DA:46,7
DA:48,2
DA:49,1
DA:55,1
DA:56,1
DA:62,0
DA:63,0
DA:73,2
DA:74,5
DA:75,5
DA:76,1
DA:82,4
DA:83,1
DA:91,3
DA:98,2
DA:99,0
DA:100,0
DA:101,0
DA:104,0
DA:105,0
DA:109,0
DA:110,0
DA:111,0
DA:115,0
DA:123,0
DA:124,0
DA:130,0
DA:132,0
DA:133,0
DA:143,2
DA:144,5
DA:145,5
DA:148,5
DA:149,2
DA:153,3
DA:154,1
DA:161,2
DA:163,1
DA:166,1
DA:172,2
DA:173,0
DA:178,0
DA:180,0
DA:186,2
DA:187,0
DA:188,0
DA:189,0
DA:191,0
DA:192,0
DA:193,0
DA:200,0
DA:203,2
LF:65
LH:39
BRDA:10,0,0,13
BRDA:10,0,1,11
BRDA:12,1,0,2
BRDA:12,1,1,11
BRDA:38,2,0,2
BRDA:38,2,1,7
BRDA:38,3,0,9
BRDA:38,3,1,8
BRDA:48,4,0,1
BRDA:48,4,1,1
BRDA:55,5,0,1
BRDA:55,5,1,0
BRDA:75,6,0,1
BRDA:75,6,1,4
BRDA:82,7,0,1
BRDA:82,7,1,3
BRDA:104,8,0,0
BRDA:104,8,1,0
BRDA:110,9,0,0
BRDA:110,9,1,0
BRDA:110,10,0,0
BRDA:110,10,1,0
BRDA:123,11,0,0
BRDA:123,11,1,0
BRDA:148,12,0,2
BRDA:148,12,1,3
BRDA:153,13,0,1
BRDA:153,13,1,2
BRDA:153,14,0,3
BRDA:153,14,1,2
BRDA:161,15,0,1
BRDA:161,15,1,1
BRDA:173,16,0,0
BRDA:173,16,1,0
BRDA:173,16,2,0
BRDA:173,16,3,0
BRDA:176,17,0,0
BRDA:176,17,1,0
BRDA:178,18,0,0
BRDA:178,18,1,0
BRDA:187,19,0,0
BRDA:187,19,1,0
BRDA:191,20,0,0
BRDA:191,20,1,0
BRDA:191,21,0,0
BRDA:191,21,1,0
BRF:46
BRH:23
end_of_record
TN:
SF:src/models/Absence.js
FN:73,(anonymous_0)
FN:81,(anonymous_1)
FNF:2
FNH:0
FNDA:0,(anonymous_0)
FNDA:0,(anonymous_1)
DA:1,3
DA:2,3
DA:4,3
DA:75,0
DA:76,0
DA:77,0
DA:78,0
DA:79,0
DA:83,0
DA:84,0
DA:85,0
DA:86,0
DA:87,0
DA:88,0
DA:94,3
LF:15
LH:4
BRDA:83,0,0,0
BRDA:83,0,1,0
BRDA:83,1,0,0
BRDA:83,1,1,0
BRF:4
BRH:0
end_of_record
TN:
SF:src/models/AuditLog.js
FNF:0
FNH:0
DA:1,3
DA:2,3
DA:4,3
DA:81,3
LF:4
LH:4
BRF:0
BRH:0
end_of_record
TN:
SF:src/models/Team.js
FNF:0
FNH:0
DA:1,3
DA:2,3
DA:4,3
DA:61,3
LF:4
LH:4
BRF:0
BRH:0
end_of_record
TN:
SF:src/models/User.js
FNF:0
FNH:0
DA:1,3
DA:2,3
DA:4,3
DA:94,3
LF:4
LH:4
BRF:0
BRH:0
end_of_record
TN:
SF:src/models/UserTeam.js
FNF:0
FNH:0
DA:1,3
DA:2,3
DA:4,3
DA:71,3
LF:4
LH:4
BRF:0
BRH:0
end_of_record
TN:
SF:src/models/WorkLog.js
FNF:0
FNH:0
DA:1,3
DA:2,3
DA:4,3
DA:85,3
LF:4
LH:4
BRF:0
BRH:0
end_of_record
TN:
SF:src/models/index.js
FNF:0
FNH:0
DA:1,3
DA:2,3
DA:3,3
DA:4,3
DA:5,3
DA:6,3
DA:7,3
DA:12,3
DA:17,3
DA:23,3
DA:30,3
DA:38,3
DA:43,3
DA:49,3
DA:54,3
DA:60,3
DA:65,3
DA:70,3
DA:75,3
DA:81,3
DA:86,3
DA:91,3
DA:96,3
DA:101,3
LF:24
LH:24
BRF:0
BRH:0
end_of_record
TN:
SF:src/routes/absences.js
FN:17,(anonymous_0)
FN:117,(anonymous_1)
FN:188,(anonymous_2)
FN:294,(anonymous_3)
FN:393,(anonymous_4)
FN:472,(anonymous_5)
FN:517,createWorkLogsForAbsence
FN:549,getAbsenceTypeText
FN:560,notifyManagersAboutNewRequest
FN:566,notifyUserAboutDecision
FNF:10
FNH:0
FNDA:0,(anonymous_0)
FNDA:0,(anonymous_1)
FNDA:0,(anonymous_2)
FNDA:0,(anonymous_3)
FNDA:0,(anonymous_4)
FNDA:0,(anonymous_5)
FNDA:0,createWorkLogsForAbsence
FNDA:0,getAbsenceTypeText
FNDA:0,notifyManagersAboutNewRequest
FNDA:0,notifyUserAboutDecision
DA:1,0
DA:2,0
DA:3,0
DA:4,0
DA:5,0
DA:6,0
DA:7,0
DA:9,0
DA:12,0
DA:17,0
DA:18,0
DA:30,0
DA:32,0
DA:33,0
DA:34,0
DA:49,0
DA:50,0
DA:53,0
DA:54,0
DA:57,0
DA:58,0
DA:61,0
DA:62,0
DA:63,0
DA:64,0
DA:68,0
DA:69,0
DA:76,0
DA:77,0
DA:85,0
DA:94,0
DA:106,0
DA:107,0
DA:117,0
DA:118,0
DA:119,0
DA:120,0
DA:122,0
DA:138,0
DA:139,0
DA:146,0
DA:147,0
DA:153,0
DA:154,0
DA:163,0
DA:164,0
DA:171,0
DA:177,0
DA:178,0
DA:188,0
DA:189,0
DA:190,0
DA:191,0
DA:194,0
DA:195,0
DA:202,0
DA:203,0
DA:205,0
DA:206,0
DA:212,0
DA:213,0
DA:220,0
DA:241,0
DA:242,0
DA:249,0
DA:258,0
DA:267,0
DA:270,0
DA:271,0
DA:273,0
DA:276,0
DA:283,0
DA:284,0
DA:294,0
DA:295,0
DA:296,0
DA:297,0
DA:299,0
DA:307,0
DA:308,0
DA:314,0
DA:315,0
DA:322,0
DA:323,0
DA:324,0
DA:325,0
DA:333,0
DA:340,0
DA:341,0
DA:348,0
DA:351,0
DA:354,0
DA:355,0
DA:357,0
DA:360,0
DA:375,0
DA:382,0
DA:383,0
DA:393,0
DA:394,0
DA:395,0
DA:396,0
DA:397,0
DA:399,0
DA:407,0
DA:408,0
DA:414,0
DA:415,0
DA:422,0
DA:430,0
DA:433,0
DA:434,0
DA:436,0
DA:439,0
DA:454,0
DA:461,0
DA:462,0
DA:472,0
DA:473,0
DA:474,0
DA:476,0
DA:478,0
DA:479,0
DA:486,0
DA:487,0
DA:493,0
DA:496,0
DA:498,0
DA:504,0
DA:505,0
DA:518,0
DA:519,0
DA:520,0
DA:522,0
DA:523,0
DA:525,0
DA:526,0
DA:538,0
DA:541,0
DA:542,0
DA:550,0
DA:556,0
DA:562,0
DA:568,0
DA:569,0
DA:572,0
LF:146
LH:0
BRDA:26,0,0,0
BRDA:27,1,0,0
BRDA:28,2,0,0
BRDA:29,3,0,0
BRDA:49,4,0,0
BRDA:49,4,1,0
BRDA:53,5,0,0
BRDA:53,5,1,0
BRDA:57,6,0,0
BRDA:57,6,1,0
BRDA:61,7,0,0
BRDA:61,7,1,0
BRDA:61,8,0,0
BRDA:61,8,1,0
BRDA:63,9,0,0
BRDA:63,9,1,0
BRDA:68,10,0,0
BRDA:68,10,1,0
BRDA:76,11,0,0
BRDA:76,11,1,0
BRDA:138,12,0,0
BRDA:138,12,1,0
BRDA:146,13,0,0
BRDA:146,13,1,0
BRDA:146,14,0,0
BRDA:146,14,1,0
BRDA:153,15,0,0
BRDA:153,15,1,0
BRDA:163,16,0,0
BRDA:163,16,1,0
BRDA:194,17,0,0
BRDA:194,17,1,0
BRDA:194,18,0,0
BRDA:194,18,1,0
BRDA:194,18,2,0
BRDA:205,19,0,0
BRDA:205,19,1,0
BRDA:205,20,0,0
BRDA:205,20,1,0
BRDA:212,21,0,0
BRDA:212,21,1,0
BRDA:241,22,0,0
BRDA:241,22,1,0
BRDA:254,23,0,0
BRDA:254,23,1,0
BRDA:307,24,0,0
BRDA:307,24,1,0
BRDA:314,25,0,0
BRDA:314,25,1,0
BRDA:322,26,0,0
BRDA:322,26,1,0
BRDA:324,27,0,0
BRDA:324,27,1,0
BRDA:340,28,0,0
BRDA:340,28,1,0
BRDA:407,29,0,0
BRDA:407,29,1,0
BRDA:414,30,0,0
BRDA:414,30,1,0
BRDA:426,31,0,0
BRDA:426,31,1,0
BRDA:478,32,0,0
BRDA:478,32,1,0
BRDA:486,33,0,0
BRDA:486,33,1,0
BRDA:525,34,0,0
BRDA:525,34,1,0
BRDA:525,35,0,0
BRDA:525,35,1,0
BRDA:541,36,0,0
BRDA:541,36,1,0
BRDA:556,37,0,0
BRDA:556,37,1,0
BRDA:566,38,0,0
BRDA:568,39,0,0
BRDA:568,39,1,0
BRDA:569,40,0,0
BRDA:569,40,1,0
BRF:78
BRH:0
end_of_record
TN:
SF:src/routes/audit-logs.js
FN:19,(anonymous_0)
FN:86,(anonymous_1)
FN:87,(anonymous_2)
FN:145,(anonymous_3)
FN:250,(anonymous_4)
FN:254,(anonymous_5)
FN:258,(anonymous_6)
FN:280,(anonymous_7)
FN:321,(anonymous_8)
FN:322,(anonymous_9)
FN:352,(anonymous_10)
FN:370,(anonymous_11)
FN:371,(anonymous_12)
FN:430,(anonymous_13)
FN:431,(anonymous_14)
FN:432,(anonymous_15)
FN:437,(anonymous_16)
FN:457,(anonymous_17)
FN:512,(anonymous_18)
FN:524,(anonymous_19)
FN:524,(anonymous_20)
FNF:21
FNH:0
FNDA:0,(anonymous_0)
FNDA:0,(anonymous_1)
FNDA:0,(anonymous_2)
FNDA:0,(anonymous_3)
FNDA:0,(anonymous_4)
FNDA:0,(anonymous_5)
FNDA:0,(anonymous_6)
FNDA:0,(anonymous_7)
FNDA:0,(anonymous_8)
FNDA:0,(anonymous_9)
FNDA:0,(anonymous_10)
FNDA:0,(anonymous_11)
FNDA:0,(anonymous_12)
FNDA:0,(anonymous_13)
FNDA:0,(anonymous_14)
FNDA:0,(anonymous_15)
FNDA:0,(anonymous_16)
FNDA:0,(anonymous_17)
FNDA:0,(anonymous_18)
FNDA:0,(anonymous_19)
FNDA:0,(anonymous_20)
DA:1,0
DA:2,0
DA:3,0
DA:8,0
DA:10,0
DA:13,0
DA:14,0
DA:19,0
DA:20,0
DA:32,0
DA:34,0
DA:37,0
DA:38,0
DA:42,0
DA:43,0
DA:47,0
DA:48,0
DA:52,0
DA:53,0
DA:57,0
DA:58,0
DA:61,0
DA:62,0
DA:65,0
DA:66,0
DA:72,0
DA:74,0
DA:76,0
DA:86,0
DA:87,0
DA:91,0
DA:93,0
DA:99,0
DA:101,0
DA:122,0
DA:134,0
DA:135,0
DA:145,0
DA:146,0
DA:147,0
DA:150,0
DA:152,0
DA:154,0
DA:155,0
DA:157,0
DA:158,0
DA:160,0
DA:161,0
DA:163,0
DA:166,0
DA:178,0
DA:245,0
DA:250,0
DA:254,0
DA:258,0
DA:269,0
DA:270,0
DA:280,0
DA:281,0
DA:282,0
DA:284,0
DA:300,0
DA:301,0
DA:308,0
DA:309,0
DA:311,0
DA:321,0
DA:322,0
DA:324,0
DA:326,0
DA:328,0
DA:335,0
DA:341,0
DA:342,0
DA:352,0
DA:353,0
DA:354,0
DA:357,0
DA:358,0
DA:360,0
DA:370,0
DA:371,0
DA:373,0
DA:375,0
DA:381,0
DA:427,0
DA:430,0
DA:431,0
DA:432,0
DA:437,0
DA:446,0
DA:447,0
DA:457,0
DA:458,0
DA:462,0
DA:464,0
DA:467,0
DA:468,0
DA:469,0
DA:470,0
DA:471,0
DA:472,0
DA:477,0
DA:497,0
DA:498,0
DA:505,0
DA:507,0
DA:512,0
DA:523,0
DA:524,0
DA:527,0
DA:528,0
DA:529,0
DA:533,0
DA:549,0
DA:550,0
DA:557,0
LF:117
LH:0
BRDA:22,0,0,0
BRDA:23,1,0,0
BRDA:24,2,0,0
BRDA:25,3,0,0
BRDA:26,4,0,0
BRDA:27,5,0,0
BRDA:28,6,0,0
BRDA:29,7,0,0
BRDA:30,8,0,0
BRDA:31,9,0,0
BRDA:37,10,0,0
BRDA:37,10,1,0
BRDA:42,11,0,0
BRDA:42,11,1,0
BRDA:47,12,0,0
BRDA:47,12,1,0
BRDA:52,13,0,0
BRDA:52,13,1,0
BRDA:57,14,0,0
BRDA:57,14,1,0
BRDA:57,15,0,0
BRDA:57,15,1,0
BRDA:61,16,0,0
BRDA:61,16,1,0
BRDA:65,17,0,0
BRDA:65,17,1,0
BRDA:72,18,0,0
BRDA:72,18,1,0
BRDA:147,19,0,0
BRDA:152,20,0,0
BRDA:152,20,1,0
BRDA:152,20,2,0
BRDA:152,20,3,0
BRDA:260,21,0,0
BRDA:260,21,1,0
BRDA:261,22,0,0
BRDA:261,22,1,0
BRDA:300,23,0,0
BRDA:300,23,1,0
BRDA:308,24,0,0
BRDA:308,24,1,0
BRDA:326,25,0,0
BRDA:326,25,1,0
BRDA:326,26,0,0
BRDA:326,26,1,0
BRDA:326,26,2,0
BRDA:357,27,0,0
BRDA:357,27,1,0
BRDA:434,28,0,0
BRDA:434,28,1,0
BRDA:435,29,0,0
BRDA:435,29,1,0
BRDA:439,30,0,0
BRDA:439,30,1,0
BRDA:440,31,0,0
BRDA:440,31,1,0
BRDA:460,32,0,0
BRDA:461,33,0,0
BRDA:467,34,0,0
BRDA:467,34,1,0
BRDA:468,35,0,0
BRDA:468,35,1,0
BRDA:469,36,0,0
BRDA:469,36,1,0
BRDA:470,37,0,0
BRDA:470,37,1,0
BRDA:471,38,0,0
BRDA:471,38,1,0
BRDA:471,39,0,0
BRDA:471,39,1,0
BRDA:505,40,0,0
BRDA:505,40,1,0
BRDA:515,41,0,0
BRDA:515,41,1,0
BRDA:516,42,0,0
BRDA:516,42,1,0
BRDA:520,43,0,0
BRDA:520,43,1,0
BRF:78
BRH:0
end_of_record
TN:
SF:src/routes/auth.js
FNF:0
FNH:0
DA:1,1
DA:2,1
DA:3,1
DA:4,1
DA:6,1
DA:9,1
DA:21,1
DA:28,1
DA:34,1
DA:41,1
DA:47,1
DA:52,1
LF:12
LH:12
BRF:0
BRH:0
end_of_record
TN:
SF:src/routes/reminders.js
FN:21,(anonymous_0)
FN:37,(anonymous_1)
FN:41,(anonymous_2)
FN:45,(anonymous_3)
FN:49,(anonymous_4)
FN:67,(anonymous_5)
FN:136,(anonymous_6)
FN:187,(anonymous_7)
FN:212,(anonymous_8)
FN:243,(anonymous_9)
FN:268,(anonymous_10)
FN:303,(anonymous_11)
FNF:12
FNH:0
FNDA:0,(anonymous_0)
FNDA:0,(anonymous_1)
FNDA:0,(anonymous_2)
FNDA:0,(anonymous_3)
FNDA:0,(anonymous_4)
FNDA:0,(anonymous_5)
FNDA:0,(anonymous_6)
FNDA:0,(anonymous_7)
FNDA:0,(anonymous_8)
FNDA:0,(anonymous_9)
FNDA:0,(anonymous_10)
FNDA:0,(anonymous_11)
DA:1,0
DA:2,0
DA:9,0
DA:14,0
DA:16,0
DA:21,0
DA:22,0
DA:23,0
DA:25,0
DA:26,0
DA:27,0
DA:28,0
DA:30,0
DA:37,0
DA:41,0
DA:45,0
DA:49,0
DA:56,0
DA:57,0
DA:67,0
DA:68,0
DA:69,0
DA:70,0
DA:72,0
DA:73,0
DA:74,0
DA:81,0
DA:82,0
DA:83,0
DA:84,0
DA:91,0
DA:99,0
DA:100,0
DA:106,0
DA:108,0
DA:109,0
DA:118,0
DA:125,0
DA:126,0
DA:136,0
DA:137,0
DA:138,0
DA:139,0
DA:140,0
DA:142,0
DA:144,0
DA:145,0
DA:146,0
DA:148,0
DA:149,0
DA:150,0
DA:152,0
DA:153,0
DA:154,0
DA:156,0
DA:157,0
DA:158,0
DA:160,0
DA:166,0
DA:167,0
DA:174,0
DA:175,0
DA:177,0
DA:178,0
DA:179,0
DA:180,0
DA:181,0
DA:183,0
DA:187,0
DA:190,0
DA:201,0
DA:202,0
DA:212,0
DA:213,0
DA:214,0
DA:215,0
DA:223,0
DA:224,0
DA:231,0
DA:232,0
DA:234,0
DA:235,0
DA:236,0
DA:237,0
DA:238,0
DA:240,0
DA:243,0
DA:246,0
DA:257,0
DA:258,0
DA:268,0
DA:269,0
DA:270,0
DA:271,0
DA:272,0
DA:274,0
DA:303,0
DA:304,0
DA:305,0
DA:309,0
DA:319,0
DA:320,0
DA:327,0
LF:103
LH:0
BRDA:73,0,0,0
BRDA:73,0,1,0
BRDA:81,1,0,0
BRDA:81,1,1,0
BRDA:83,2,0,0
BRDA:83,2,1,0
BRDA:99,3,0,0
BRDA:99,3,1,0
BRDA:99,4,0,0
BRDA:99,4,1,0
BRDA:108,5,0,0
BRDA:108,5,1,0
BRDA:142,6,0,0
BRDA:142,6,1,0
BRDA:142,6,2,0
BRDA:142,6,3,0
BRDA:142,6,4,0
BRDA:166,7,0,0
BRDA:166,7,1,0
BRDA:179,8,0,0
BRDA:179,8,1,0
BRDA:223,9,0,0
BRDA:223,9,1,0
BRDA:236,10,0,0
BRDA:236,10,1,0
BRDA:304,11,0,0
BRDA:304,11,1,0
BRDA:313,12,0,0
BRDA:313,12,1,0
BRF:29
BRH:0
end_of_record
TN:
SF:src/routes/reports.js
FN:18,(anonymous_0)
FN:77,(anonymous_1)
FN:95,(anonymous_2)
FN:97,(anonymous_3)
FN:126,(anonymous_4)
FN:131,(anonymous_5)
FN:132,(anonymous_6)
FN:143,(anonymous_7)
FN:184,(anonymous_8)
FN:206,(anonymous_9)
FN:220,(anonymous_10)
FN:225,(anonymous_11)
FN:226,(anonymous_12)
FN:238,(anonymous_13)
FNF:14
FNH:0
FNDA:0,(anonymous_0)
FNDA:0,(anonymous_1)
FNDA:0,(anonymous_2)
FNDA:0,(anonymous_3)
FNDA:0,(anonymous_4)
FNDA:0,(anonymous_5)
FNDA:0,(anonymous_6)
FNDA:0,(anonymous_7)
FNDA:0,(anonymous_8)
FNDA:0,(anonymous_9)
FNDA:0,(anonymous_10)
FNDA:0,(anonymous_11)
FNDA:0,(anonymous_12)
FNDA:0,(anonymous_13)
DA:1,0
DA:2,0
DA:3,0
DA:4,0
DA:5,0
DA:6,0
DA:7,0
DA:8,0
DA:9,0
DA:12,0
DA:13,0
DA:14,0
DA:18,0
DA:19,0
DA:20,0
DA:23,0
DA:25,0
DA:26,0
DA:31,0
DA:32,0
DA:36,0
DA:47,0
DA:48,0
DA:51,0
DA:65,0
DA:68,0
DA:69,0
DA:70,0
DA:77,0
DA:78,0
DA:91,0
DA:95,0
DA:96,0
DA:97,0
DA:98,0
DA:99,0
DA:100,0
DA:103,0
DA:107,0
DA:108,0
DA:110,0
DA:113,0
DA:114,0
DA:115,0
DA:117,0
DA:118,0
DA:121,0
DA:126,0
DA:127,0
DA:128,0
DA:131,0
DA:132,0
DA:137,0
DA:138,0
DA:143,0
DA:144,0
DA:145,0
DA:148,0
DA:150,0
DA:151,0
DA:156,0
DA:157,0
DA:161,0
DA:172,0
DA:173,0
DA:174,0
DA:176,0
DA:179,0
DA:180,0
DA:181,0
DA:184,0
DA:185,0
DA:186,0
DA:189,0
DA:196,0
DA:197,0
DA:200,0
DA:203,0
DA:206,0
DA:208,0
DA:209,0
DA:210,0
DA:212,0
DA:213,0
DA:216,0
DA:220,0
DA:221,0
DA:222,0
DA:225,0
DA:226,0
DA:232,0
DA:233,0
DA:238,0
DA:239,0
DA:240,0
DA:242,0
DA:244,0
DA:245,0
DA:250,0
DA:251,0
DA:254,0
DA:271,0
DA:277,0
DA:278,0
DA:282,0
LF:105
LH:0
BRDA:13,0,0,0
BRDA:13,0,1,0
BRDA:25,1,0,0
BRDA:25,1,1,0
BRDA:25,2,0,0
BRDA:25,2,1,0
BRDA:31,3,0,0
BRDA:31,3,1,0
BRDA:80,4,0,0
BRDA:80,4,1,0
BRDA:81,5,0,0
BRDA:81,5,1,0
BRDA:82,6,0,0
BRDA:82,6,1,0
BRDA:83,7,0,0
BRDA:83,7,1,0
BRDA:84,8,0,0
BRDA:84,8,1,0
BRDA:85,9,0,0
BRDA:85,9,1,0
BRDA:86,10,0,0
BRDA:86,10,1,0
BRDA:86,11,0,0
BRDA:86,11,1,0
BRDA:87,12,0,0
BRDA:87,12,1,0
BRDA:88,13,0,0
BRDA:88,13,1,0
BRDA:89,14,0,0
BRDA:89,14,1,0
BRDA:98,15,0,0
BRDA:98,15,1,0
BRDA:99,16,0,0
BRDA:99,16,1,0
BRDA:103,17,0,0
BRDA:103,17,1,0
BRDA:114,18,0,0
BRDA:114,18,1,0
BRDA:114,19,0,0
BRDA:114,19,1,0
BRDA:117,20,0,0
BRDA:117,20,1,0
BRDA:127,21,0,0
BRDA:127,21,1,0
BRDA:150,22,0,0
BRDA:150,22,1,0
BRDA:150,23,0,0
BRDA:150,23,1,0
BRDA:156,24,0,0
BRDA:156,24,1,0
BRDA:180,25,0,0
BRDA:180,25,1,0
BRDA:180,26,0,0
BRDA:180,26,1,0
BRDA:185,27,0,0
BRDA:185,27,1,0
BRDA:185,28,0,0
BRDA:185,28,1,0
BRDA:190,29,0,0
BRDA:190,29,1,0
BRDA:191,30,0,0
BRDA:191,30,1,0
BRDA:192,31,0,0
BRDA:192,31,1,0
BRDA:193,32,0,0
BRDA:193,32,1,0
BRDA:194,33,0,0
BRDA:194,33,1,0
BRDA:194,34,0,0
BRDA:194,34,1,0
BRDA:196,35,0,0
BRDA:196,35,1,0
BRDA:197,36,0,0
BRDA:197,36,1,0
BRDA:209,37,0,0
BRDA:209,37,1,0
BRDA:209,38,0,0
BRDA:209,38,1,0
BRDA:212,39,0,0
BRDA:212,39,1,0
BRDA:221,40,0,0
BRDA:221,40,1,0
BRDA:244,41,0,0
BRDA:244,41,1,0
BRDA:244,42,0,0
BRDA:244,42,1,0
BRDA:250,43,0,0
BRDA:250,43,1,0
BRF:88
BRH:0
end_of_record
TN:
SF:src/routes/schedule.js
FN:16,(anonymous_0)
FN:82,(anonymous_1)
FN:84,(anonymous_2)
FN:85,(anonymous_3)
FN:103,(anonymous_4)
FN:161,(anonymous_5)
FN:174,(anonymous_6)
FN:189,(anonymous_7)
FN:245,(anonymous_8)
FN:352,(anonymous_9)
FN:428,calculateMonthStatistics
FN:455,(anonymous_11)
FN:462,(anonymous_12)
FN:469,calculateUserStatistics
FN:485,(anonymous_14)
FN:495,(anonymous_15)
FNF:16
FNH:0
FNDA:0,(anonymous_0)
FNDA:0,(anonymous_1)
FNDA:0,(anonymous_2)
FNDA:0,(anonymous_3)
FNDA:0,(anonymous_4)
FNDA:0,(anonymous_5)
FNDA:0,(anonymous_6)
FNDA:0,(anonymous_7)
FNDA:0,(anonymous_8)
FNDA:0,(anonymous_9)
FNDA:0,calculateMonthStatistics
FNDA:0,(anonymous_11)
FNDA:0,(anonymous_12)
FNDA:0,calculateUserStatistics
FNDA:0,(anonymous_14)
FNDA:0,(anonymous_15)
DA:1,0
DA:2,0
DA:3,0
DA:4,0
DA:5,0
DA:6,0
DA:8,0
DA:11,0
DA:16,0
DA:17,0
DA:18,0
DA:19,0
DA:22,0
DA:23,0
DA:24,0
DA:30,0
DA:31,0
DA:34,0
DA:36,0
DA:38,0
DA:41,0
DA:42,0
DA:44,0
DA:46,0
DA:58,0
DA:59,0
DA:61,0
DA:63,0
DA:67,0
DA:69,0
DA:82,0
DA:84,0
DA:85,0
DA:89,0
DA:92,0
DA:93,0
DA:103,0
DA:106,0
DA:133,0
DA:146,0
DA:147,0
DA:149,0
DA:150,0
DA:151,0
DA:153,0
DA:161,0
DA:162,0
DA:174,0
DA:175,0
DA:180,0
DA:181,0
DA:182,0
DA:189,0
DA:190,0
DA:193,0
DA:194,0
DA:202,0
DA:203,0
DA:204,0
DA:205,0
DA:206,0
DA:207,0
DA:209,0
DA:211,0
DA:212,0
DA:219,0
DA:221,0
DA:234,0
DA:235,0
DA:245,0
DA:246,0
DA:247,0
DA:248,0
DA:249,0
DA:252,0
DA:253,0
DA:259,0
DA:263,0
DA:264,0
DA:271,0
DA:272,0
DA:281,0
DA:282,0
DA:289,0
DA:290,0
DA:293,0
DA:321,0
DA:329,0
DA:341,0
DA:342,0
DA:352,0
DA:353,0
DA:354,0
DA:355,0
DA:357,0
DA:358,0
DA:360,0
DA:365,0
DA:372,0
DA:373,0
DA:374,0
DA:375,0
DA:377,0
DA:378,0
DA:379,0
DA:385,0
DA:393,0
DA:403,0
DA:410,0
DA:416,0
DA:417,0
DA:429,0
DA:444,0
DA:445,0
DA:446,0
DA:447,0
DA:448,0
DA:450,0
DA:455,0
DA:456,0
DA:457,0
DA:462,0
DA:463,0
DA:466,0
DA:470,0
DA:485,0
DA:486,0
DA:487,0
DA:488,0
DA:489,0
DA:495,0
DA:496,0
DA:497,0
DA:498,0
DA:503,0
DA:504,0
DA:507,0
DA:510,0
LF:138
LH:0
BRDA:18,0,0,0
BRDA:23,1,0,0
BRDA:23,1,1,0
BRDA:36,2,0,0
BRDA:36,2,1,0
BRDA:41,3,0,0
BRDA:41,3,1,0
BRDA:44,4,0,0
BRDA:44,4,1,0
BRDA:58,5,0,0
BRDA:58,5,1,0
BRDA:61,6,0,0
BRDA:61,6,1,0
BRDA:67,7,0,0
BRDA:67,7,1,0
BRDA:92,8,0,0
BRDA:92,8,1,0
BRDA:156,9,0,0
BRDA:156,9,1,0
BRDA:175,10,0,0
BRDA:175,10,1,0
BRDA:175,10,2,0
BRDA:180,11,0,0
BRDA:180,11,1,0
BRDA:190,12,0,0
BRDA:190,12,1,0
BRDA:193,13,0,0
BRDA:193,13,1,0
BRDA:202,14,0,0
BRDA:202,14,1,0
BRDA:204,15,0,0
BRDA:204,15,1,0
BRDA:204,16,0,0
BRDA:204,16,1,0
BRDA:206,17,0,0
BRDA:206,17,1,0
BRDA:211,18,0,0
BRDA:211,18,1,0
BRDA:252,19,0,0
BRDA:252,19,1,0
BRDA:252,20,0,0
BRDA:252,20,1,0
BRDA:263,21,0,0
BRDA:263,21,1,0
BRDA:271,22,0,0
BRDA:271,22,1,0
BRDA:281,23,0,0
BRDA:281,23,1,0
BRDA:289,24,0,0
BRDA:289,24,1,0
BRDA:290,25,0,0
BRDA:290,25,1,0
BRDA:354,26,0,0
BRDA:372,27,0,0
BRDA:372,27,1,0
BRDA:374,28,0,0
BRDA:374,28,1,0
BRDA:375,29,0,0
BRDA:375,29,1,0
BRDA:378,30,0,0
BRDA:378,30,1,0
BRDA:378,31,0,0
BRDA:378,31,1,0
BRDA:447,32,0,0
BRDA:447,32,1,0
BRDA:447,33,0,0
BRDA:447,33,1,0
BRDA:456,34,0,0
BRDA:456,34,1,0
BRDA:463,35,0,0
BRDA:463,35,1,0
BRDA:486,36,0,0
BRDA:486,36,1,0
BRDA:488,37,0,0
BRDA:488,37,1,0
BRDA:496,38,0,0
BRDA:496,38,1,0
BRDA:503,39,0,0
BRDA:503,39,1,0
BRF:79
BRH:0
end_of_record
TN:
SF:src/routes/teams.js
FN:21,(anonymous_0)
FN:84,(anonymous_1)
FN:91,(anonymous_2)
FN:123,(anonymous_3)
FN:169,(anonymous_4)
FN:235,(anonymous_5)
FN:283,(anonymous_6)
FN:383,(anonymous_7)
FN:431,(anonymous_8)
FN:490,(anonymous_9)
FN:526,(anonymous_10)
FN:583,(anonymous_11)
FN:604,(anonymous_12)
FN:637,(anonymous_13)
FN:639,(anonymous_14)
FN:642,(anonymous_15)
FN:643,(anonymous_16)
FN:644,(anonymous_17)
FN:645,(anonymous_18)
FN:648,(anonymous_19)
FN:649,(anonymous_20)
FN:657,(anonymous_21)
FN:659,(anonymous_22)
FN:685,(anonymous_23)
FNF:24
FNH:0
FNDA:0,(anonymous_0)
FNDA:0,(anonymous_1)
FNDA:0,(anonymous_2)
FNDA:0,(anonymous_3)
FNDA:0,(anonymous_4)
FNDA:0,(anonymous_5)
FNDA:0,(anonymous_6)
FNDA:0,(anonymous_7)
FNDA:0,(anonymous_8)
FNDA:0,(anonymous_9)
FNDA:0,(anonymous_10)
FNDA:0,(anonymous_11)
FNDA:0,(anonymous_12)
FNDA:0,(anonymous_13)
FNDA:0,(anonymous_14)
FNDA:0,(anonymous_15)
FNDA:0,(anonymous_16)
FNDA:0,(anonymous_17)
FNDA:0,(anonymous_18)
FNDA:0,(anonymous_19)
FNDA:0,(anonymous_20)
FNDA:0,(anonymous_21)
FNDA:0,(anonymous_22)
FNDA:0,(anonymous_23)
DA:1,0
DA:2,0
DA:3,0
DA:9,0
DA:10,0
DA:12,0
DA:15,0
DA:16,0
DA:21,0
DA:22,0
DA:31,0
DA:33,0
DA:36,0
DA:37,0
DA:41,0
DA:42,0
DA:46,0
DA:47,0
DA:51,0
DA:52,0
DA:55,0
DA:57,0
DA:84,0
DA:85,0
DA:88,0
DA:91,0
DA:92,0
DA:93,0
DA:94,0
DA:97,0
DA:100,0
DA:112,0
DA:113,0
DA:123,0
DA:124,0
DA:125,0
DA:127,0
DA:145,0
DA:146,0
DA:152,0
DA:158,0
DA:159,0
DA:169,0
DA:170,0
DA:177,0
DA:180,0
DA:181,0
DA:188,0
DA:189,0
DA:190,0
DA:197,0
DA:198,0
DA:199,0
DA:200,0
DA:206,0
DA:207,0
DA:214,0
DA:225,0
DA:234,0
DA:235,0
DA:242,0
DA:246,0
DA:249,0
DA:265,0
DA:272,0
DA:273,0
DA:283,0
DA:284,0
DA:285,0
DA:286,0
DA:288,0
DA:289,0
DA:290,0
DA:297,0
DA:300,0
DA:301,0
DA:308,0
DA:309,0
DA:317,0
DA:318,0
DA:319,0
DA:320,0
DA:326,0
DA:327,0
DA:334,0
DA:337,0
DA:349,0
DA:365,0
DA:372,0
DA:373,0
DA:383,0
DA:384,0
DA:385,0
DA:387,0
DA:388,0
DA:389,0
DA:395,0
DA:398,0
DA:404,0
DA:414,0
DA:420,0
DA:421,0
DA:431,0
DA:432,0
DA:433,0
DA:434,0
DA:436,0
DA:437,0
DA:438,0
DA:444,0
DA:445,0
DA:446,0
DA:453,0
DA:457,0
DA:458,0
DA:464,0
DA:471,0
DA:473,0
DA:479,0
DA:480,0
DA:490,0
DA:491,0
DA:492,0
DA:494,0
DA:498,0
DA:499,0
DA:505,0
DA:507,0
DA:509,0
DA:515,0
DA:516,0
DA:526,0
DA:527,0
DA:528,0
DA:529,0
DA:531,0
DA:532,0
DA:538,0
DA:542,0
DA:543,0
DA:549,0
DA:550,0
DA:552,0
DA:566,0
DA:572,0
DA:573,0
DA:583,0
DA:584,0
DA:585,0
DA:586,0
DA:588,0
DA:597,0
DA:598,0
DA:604,0
DA:606,0
DA:607,0
DA:617,0
DA:619,0
DA:620,0
DA:625,0
DA:635,0
DA:637,0
DA:639,0
DA:642,0
DA:643,0
DA:644,0
DA:645,0
DA:649,0
DA:650,0
DA:652,0
DA:657,0
DA:659,0
DA:664,0
DA:674,0
DA:675,0
DA:685,0
DA:686,0
DA:687,0
DA:695,0
DA:701,0
DA:702,0
DA:709,0
LF:182
LH:0
BRDA:24,0,0,0
BRDA:25,1,0,0
BRDA:26,2,0,0
BRDA:27,3,0,0
BRDA:28,4,0,0
BRDA:29,5,0,0
BRDA:30,6,0,0
BRDA:36,7,0,0
BRDA:36,7,1,0
BRDA:41,8,0,0
BRDA:41,8,1,0
BRDA:46,9,0,0
BRDA:46,9,1,0
BRDA:51,10,0,0
BRDA:51,10,1,0
BRDA:93,11,0,0
BRDA:93,11,1,0
BRDA:145,12,0,0
BRDA:145,12,1,0
BRDA:173,13,0,0
BRDA:174,14,0,0
BRDA:175,15,0,0
BRDA:176,16,0,0
BRDA:180,17,0,0
BRDA:180,17,1,0
BRDA:189,18,0,0
BRDA:189,18,1,0
BRDA:197,19,0,0
BRDA:197,19,1,0
BRDA:199,20,0,0
BRDA:199,20,1,0
BRDA:206,21,0,0
BRDA:206,21,1,0
BRDA:234,22,0,0
BRDA:234,22,1,0
BRDA:236,23,0,0
BRDA:236,23,1,0
BRDA:238,24,0,0
BRDA:238,24,1,0
BRDA:238,25,0,0
BRDA:238,25,1,0
BRDA:289,26,0,0
BRDA:289,26,1,0
BRDA:300,27,0,0
BRDA:300,27,1,0
BRDA:300,28,0,0
BRDA:300,28,1,0
BRDA:308,29,0,0
BRDA:308,29,1,0
BRDA:317,30,0,0
BRDA:317,30,1,0
BRDA:319,31,0,0
BRDA:319,31,1,0
BRDA:326,32,0,0
BRDA:326,32,1,0
BRDA:388,33,0,0
BRDA:388,33,1,0
BRDA:434,34,0,0
BRDA:437,35,0,0
BRDA:437,35,1,0
BRDA:445,36,0,0
BRDA:445,36,1,0
BRDA:457,37,0,0
BRDA:457,37,1,0
BRDA:498,38,0,0
BRDA:498,38,1,0
BRDA:531,39,0,0
BRDA:531,39,1,0
BRDA:531,40,0,0
BRDA:531,40,1,0
BRDA:542,41,0,0
BRDA:542,41,1,0
BRDA:597,42,0,0
BRDA:597,42,1,0
BRDA:606,43,0,0
BRDA:606,43,1,0
BRDA:619,44,0,0
BRDA:619,44,1,0
BRDA:619,45,0,0
BRDA:619,45,1,0
BRDA:637,46,0,0
BRDA:637,46,1,0
BRDA:638,47,0,0
BRDA:638,47,1,0
BRDA:639,48,0,0
BRDA:639,48,1,0
BRDA:654,49,0,0
BRDA:654,49,1,0
BRDA:655,50,0,0
BRDA:655,50,1,0
BRDA:657,51,0,0
BRDA:657,51,1,0
BRDA:658,52,0,0
BRDA:658,52,1,0
BRDA:659,53,0,0
BRDA:659,53,1,0
BRF:96
BRH:0
end_of_record
TN:
SF:src/routes/telegram-admin.js
FN:17,(anonymous_0)
FN:58,(anonymous_1)
FN:130,(anonymous_2)
FN:131,(anonymous_3)
FN:132,(anonymous_4)
FN:133,(anonymous_5)
FN:147,(anonymous_6)
FN:163,(anonymous_7)
FN:193,(anonymous_8)
FN:256,(anonymous_9)
FN:300,(anonymous_10)
FN:338,(anonymous_11)
FN:373,(anonymous_12)
FN:374,(anonymous_13)
FN:375,(anonymous_14)
FN:379,(anonymous_15)
FN:398,(anonymous_16)
FN:436,getAbsenceText
FNF:18
FNH:0
FNDA:0,(anonymous_0)
FNDA:0,(anonymous_1)
FNDA:0,(anonymous_2)
FNDA:0,(anonymous_3)
FNDA:0,(anonymous_4)
FNDA:0,(anonymous_5)
FNDA:0,(anonymous_6)
FNDA:0,(anonymous_7)
FNDA:0,(anonymous_8)
FNDA:0,(anonymous_9)
FNDA:0,(anonymous_10)
FNDA:0,(anonymous_11)
FNDA:0,(anonymous_12)
FNDA:0,(anonymous_13)
FNDA:0,(anonymous_14)
FNDA:0,(anonymous_15)
FNDA:0,(anonymous_16)
FNDA:0,getAbsenceText
DA:1,0
DA:2,0
DA:3,0
DA:4,0
DA:5,0
DA:7,0
DA:10,0
DA:11,0
DA:17,0
DA:18,0
DA:19,0
DA:21,0
DA:58,0
DA:59,0
DA:60,0
DA:62,0
DA:63,0
DA:64,0
DA:66,0
DA:67,0
DA:68,0
DA:69,0
DA:70,0
DA:71,0
DA:73,0
DA:74,0
DA:75,0
DA:76,0
DA:78,0
DA:79,0
DA:80,0
DA:81,0
DA:84,0
DA:85,0
DA:86,0
DA:87,0
DA:91,0
DA:124,0
DA:126,0
DA:130,0
DA:131,0
DA:132,0
DA:133,0
DA:138,0
DA:139,0
DA:147,0
DA:148,0
DA:149,0
DA:151,0
DA:163,0
DA:181,0
DA:184,0
DA:185,0
DA:193,0
DA:194,0
DA:195,0
DA:196,0
DA:198,0
DA:202,0
DA:203,0
DA:206,0
DA:215,0
DA:224,0
DA:232,0
DA:234,0
DA:247,0
DA:248,0
DA:256,0
DA:257,0
DA:258,0
DA:259,0
DA:261,0
DA:262,0
DA:263,0
DA:266,0
DA:267,0
DA:270,0
DA:272,0
DA:279,0
DA:281,0
DA:291,0
DA:292,0
DA:300,0
DA:301,0
DA:302,0
DA:304,0
DA:305,0
DA:306,0
DA:309,0
DA:311,0
DA:317,0
DA:319,0
DA:329,0
DA:330,0
DA:338,0
DA:339,0
DA:340,0
DA:341,0
DA:342,0
DA:343,0
DA:346,0
DA:352,0
DA:359,0
DA:363,0
DA:370,0
DA:373,0
DA:374,0
DA:375,0
DA:379,0
DA:389,0
DA:390,0
DA:398,0
DA:399,0
DA:400,0
DA:402,0
DA:406,0
DA:407,0
DA:410,0
DA:418,0
DA:420,0
DA:425,0
DA:427,0
DA:430,0
DA:431,0
DA:437,0
DA:443,0
DA:446,0
LF:127
LH:0
BRDA:66,0,0,0
BRDA:66,0,1,0
BRDA:70,1,0,0
BRDA:70,1,1,0
BRDA:71,2,0,0
BRDA:71,2,1,0
BRDA:71,2,2,0
BRDA:71,2,3,0
BRDA:108,3,0,0
BRDA:108,3,1,0
BRDA:115,4,0,0
BRDA:115,4,1,0
BRDA:169,5,0,0
BRDA:169,5,1,0
BRDA:169,6,0,0
BRDA:169,6,1,0
BRDA:202,7,0,0
BRDA:202,7,1,0
BRDA:262,8,0,0
BRDA:262,8,1,0
BRDA:266,9,0,0
BRDA:266,9,1,0
BRDA:275,10,0,0
BRDA:275,10,1,0
BRDA:305,11,0,0
BRDA:305,11,1,0
BRDA:406,12,0,0
BRDA:406,12,1,0
BRDA:443,13,0,0
BRDA:443,13,1,0
BRF:30
BRH:0
end_of_record
TN:
SF:src/routes/telegram-auth.js
FN:15,verifyTelegramInitData
FN:31,(anonymous_1)
FN:32,(anonymous_2)
FN:67,parseTelegramUser
FN:98,findOrCreateUserByTelegram
FN:146,(anonymous_5)
FN:246,(anonymous_6)
FNF:7
FNH:0
FNDA:0,verifyTelegramInitData
FNDA:0,(anonymous_1)
FNDA:0,(anonymous_2)
FNDA:0,parseTelegramUser
FNDA:0,findOrCreateUserByTelegram
FNDA:0,(anonymous_5)
FNDA:0,(anonymous_6)
DA:1,0
DA:2,0
DA:3,0
DA:4,0
DA:5,0
DA:7,0
DA:16,0
DA:18,0
DA:19,0
DA:21,0
DA:22,0
DA:23,0
DA:27,0
DA:30,0
DA:31,0
DA:32,0
DA:36,0
DA:42,0
DA:47,0
DA:49,0
DA:55,0
DA:57,0
DA:58,0
DA:68,0
DA:69,0
DA:70,0
DA:72,0
DA:73,0
DA:74,0
DA:77,0
DA:79,0
DA:86,0
DA:88,0
DA:89,0
DA:99,0
DA:101,0
DA:105,0
DA:107,0
DA:114,0
DA:115,0
DA:119,0
DA:120,0
DA:122,0
DA:134,0
DA:135,0
DA:137,0
DA:138,0
DA:146,0
DA:147,0
DA:148,0
DA:150,0
DA:151,0
DA:157,0
DA:158,0
DA:159,0
DA:160,0
DA:166,0
DA:167,0
DA:168,0
DA:172,0
DA:178,0
DA:179,0
DA:180,0
DA:186,0
DA:189,0
DA:201,0
DA:207,0
DA:213,0
DA:228,0
DA:231,0
DA:236,0
DA:246,0
DA:247,0
DA:249,0
DA:255,0
LF:75
LH:0
BRDA:21,0,0,0
BRDA:21,0,1,0
BRDA:72,1,0,0
BRDA:72,1,1,0
BRDA:105,2,0,0
BRDA:105,2,1,0
BRDA:119,3,0,0
BRDA:119,3,1,0
BRDA:120,4,0,0
BRDA:120,4,1,0
BRDA:150,5,0,0
BRDA:150,5,1,0
BRDA:158,6,0,0
BRDA:158,6,1,0
BRDA:167,7,0,0
BRDA:167,7,1,0
BRDA:179,8,0,0
BRDA:179,8,1,0
BRF:18
BRH:0
end_of_record
TN:
SF:src/routes/telegram.js
FN:8,(anonymous_0)
FN:46,(anonymous_1)
FN:84,(anonymous_2)
FNF:3
FNH:0
FNDA:0,(anonymous_0)
FNDA:0,(anonymous_1)
FNDA:0,(anonymous_2)
DA:1,0
DA:2,0
DA:3,0
DA:8,0
DA:9,0
DA:10,0
DA:12,0
DA:13,0
DA:19,0
DA:21,0
DA:22,0
DA:28,0
DA:35,0
DA:36,0
DA:46,0
DA:47,0
DA:48,0
DA:50,0
DA:51,0
DA:57,0
DA:59,0
DA:60,0
DA:66,0
DA:73,0
DA:74,0
DA:84,0
DA:85,0
DA:86,0
DA:88,0
DA:89,0
DA:95,0
DA:96,0
DA:98,0
DA:109,0
DA:110,0
DA:117,0
LF:36
LH:0
BRDA:12,0,0,0
BRDA:12,0,1,0
BRDA:21,1,0,0
BRDA:21,1,1,0
BRDA:50,2,0,0
BRDA:50,2,1,0
BRDA:50,3,0,0
BRDA:50,3,1,0
BRDA:59,4,0,0
BRDA:59,4,1,0
BRDA:88,5,0,0
BRDA:88,5,1,0
BRDA:88,6,0,0
BRDA:88,6,1,0
BRF:14
BRH:0
end_of_record
TN:
SF:src/routes/users-management.js
FN:24,(anonymous_0)
FN:79,(anonymous_1)
FN:130,(anonymous_2)
FN:176,(anonymous_3)
FN:215,(anonymous_4)
FN:275,(anonymous_5)
FN:370,(anonymous_6)
FN:417,(anonymous_7)
FN:460,(anonymous_8)
FN:517,(anonymous_9)
FN:533,(anonymous_10)
FN:533,(anonymous_11)
FN:563,(anonymous_12)
FN:591,(anonymous_13)
FN:650,(anonymous_14)
FNF:15
FNH:0
FNDA:0,(anonymous_0)
FNDA:0,(anonymous_1)
FNDA:0,(anonymous_2)
FNDA:0,(anonymous_3)
FNDA:0,(anonymous_4)
FNDA:0,(anonymous_5)
FNDA:0,(anonymous_6)
FNDA:0,(anonymous_7)
FNDA:0,(anonymous_8)
FNDA:0,(anonymous_9)
FNDA:0,(anonymous_10)
FNDA:0,(anonymous_11)
FNDA:0,(anonymous_12)
FNDA:0,(anonymous_13)
FNDA:0,(anonymous_14)
DA:1,0
DA:2,0
DA:3,0
DA:9,0
DA:10,0
DA:11,0
DA:12,0
DA:13,0
DA:15,0
DA:18,0
DA:19,0
DA:24,0
DA:25,0
DA:35,0
DA:37,0
DA:38,0
DA:49,0
DA:50,0
DA:57,0
DA:58,0
DA:62,0
DA:63,0
DA:67,0
DA:68,0
DA:69,0
DA:73,0
DA:74,0
DA:79,0
DA:81,0
DA:82,0
DA:89,0
DA:90,0
DA:93,0
DA:95,0
DA:107,0
DA:119,0
DA:120,0
DA:130,0
DA:131,0
DA:132,0
DA:134,0
DA:152,0
DA:153,0
DA:159,0
DA:165,0
DA:166,0
DA:176,0
DA:177,0
DA:178,0
DA:181,0
DA:182,0
DA:189,0
DA:190,0
DA:191,0
DA:198,0
DA:199,0
DA:202,0
DA:204,0
DA:214,0
DA:215,0
DA:222,0
DA:226,0
DA:229,0
DA:230,0
DA:232,0
DA:238,0
DA:240,0
DA:245,0
DA:254,0
DA:264,0
DA:265,0
DA:275,0
DA:276,0
DA:277,0
DA:278,0
DA:280,0
DA:281,0
DA:282,0
DA:289,0
DA:290,0
DA:293,0
DA:295,0
DA:296,0
DA:299,0
DA:300,0
DA:308,0
DA:309,0
DA:316,0
DA:317,0
DA:325,0
DA:326,0
DA:329,0
DA:332,0
DA:333,0
DA:335,0
DA:343,0
DA:352,0
DA:359,0
DA:360,0
DA:370,0
DA:371,0
DA:372,0
DA:374,0
DA:375,0
DA:381,0
DA:382,0
DA:383,0
DA:389,0
DA:392,0
DA:398,0
DA:400,0
DA:406,0
DA:407,0
DA:417,0
DA:418,0
DA:419,0
DA:421,0
DA:422,0
DA:423,0
DA:429,0
DA:430,0
DA:432,0
DA:443,0
DA:449,0
DA:450,0
DA:460,0
DA:461,0
DA:462,0
DA:464,0
DA:465,0
DA:466,0
DA:473,0
DA:474,0
DA:476,0
DA:478,0
DA:490,0
DA:491,0
DA:492,0
DA:493,0
DA:495,0
DA:499,0
DA:506,0
DA:507,0
DA:517,0
DA:518,0
DA:519,0
DA:522,0
DA:523,0
DA:533,0
DA:534,0
DA:535,0
DA:543,0
DA:546,0
DA:563,0
DA:564,0
DA:565,0
DA:568,0
DA:580,0
DA:581,0
DA:591,0
DA:592,0
DA:593,0
DA:594,0
DA:596,0
DA:597,0
DA:598,0
DA:604,0
DA:605,0
DA:606,0
DA:613,0
DA:617,0
DA:618,0
DA:624,0
DA:631,0
DA:633,0
DA:639,0
DA:640,0
DA:650,0
DA:651,0
DA:652,0
DA:654,0
DA:658,0
DA:659,0
DA:665,0
DA:667,0
DA:669,0
DA:675,0
DA:676,0
DA:683,0
LF:189
LH:0
BRDA:27,0,0,0
BRDA:28,1,0,0
BRDA:29,2,0,0
BRDA:30,3,0,0
BRDA:31,4,0,0
BRDA:32,5,0,0
BRDA:33,6,0,0
BRDA:34,7,0,0
BRDA:49,8,0,0
BRDA:49,8,1,0
BRDA:57,9,0,0
BRDA:57,9,1,0
BRDA:62,10,0,0
BRDA:62,10,1,0
BRDA:67,11,0,0
BRDA:67,11,1,0
BRDA:73,12,0,0
BRDA:73,12,1,0
BRDA:81,13,0,0
BRDA:81,13,1,0
BRDA:152,14,0,0
BRDA:152,14,1,0
BRDA:178,15,0,0
BRDA:178,16,0,0
BRDA:178,17,0,0
BRDA:181,18,0,0
BRDA:181,18,1,0
BRDA:181,19,0,0
BRDA:181,19,1,0
BRDA:190,20,0,0
BRDA:190,20,1,0
BRDA:214,21,0,0
BRDA:214,21,1,0
BRDA:229,22,0,0
BRDA:229,22,1,0
BRDA:229,23,0,0
BRDA:229,23,1,0
BRDA:258,24,0,0
BRDA:258,24,1,0
BRDA:281,25,0,0
BRDA:281,25,1,0
BRDA:293,26,0,0
BRDA:293,26,1,0
BRDA:299,27,0,0
BRDA:299,27,1,0
BRDA:308,28,0,0
BRDA:308,28,1,0
BRDA:308,29,0,0
BRDA:308,29,1,0
BRDA:316,30,0,0
BRDA:316,30,1,0
BRDA:325,31,0,0
BRDA:325,31,1,0
BRDA:374,32,0,0
BRDA:374,32,1,0
BRDA:382,33,0,0
BRDA:382,33,1,0
BRDA:422,34,0,0
BRDA:422,34,1,0
BRDA:465,35,0,0
BRDA:465,35,1,0
BRDA:490,36,0,0
BRDA:490,36,1,0
BRDA:490,37,0,0
BRDA:490,37,1,0
BRDA:522,38,0,0
BRDA:522,38,1,0
BRDA:534,39,0,0
BRDA:534,39,1,0
BRDA:594,40,0,0
BRDA:597,41,0,0
BRDA:597,41,1,0
BRDA:605,42,0,0
BRDA:605,42,1,0
BRDA:617,43,0,0
BRDA:617,43,1,0
BRDA:658,44,0,0
BRDA:658,44,1,0
BRF:78
BRH:0
end_of_record
TN:
SF:src/routes/users.js
FN:8,(anonymous_0)
FN:58,(anonymous_1)
FN:87,(anonymous_2)
FN:124,(anonymous_3)
FN:153,(anonymous_4)
FN:156,(anonymous_5)
FN:157,(anonymous_6)
FN:158,(anonymous_7)
FN:159,(anonymous_8)
FN:161,(anonymous_9)
FN:167,(anonymous_10)
FN:198,(anonymous_11)
FN:228,(anonymous_12)
FN:238,(anonymous_13)
FN:253,(anonymous_14)
FN:259,(anonymous_15)
FN:261,(anonymous_16)
FN:274,(anonymous_17)
FN:290,calculateReliabilityScore
FNF:19
FNH:0
FNDA:0,(anonymous_0)
FNDA:0,(anonymous_1)
FNDA:0,(anonymous_2)
FNDA:0,(anonymous_3)
FNDA:0,(anonymous_4)
FNDA:0,(anonymous_5)
FNDA:0,(anonymous_6)
FNDA:0,(anonymous_7)
FNDA:0,(anonymous_8)
FNDA:0,(anonymous_9)
FNDA:0,(anonymous_10)
FNDA:0,(anonymous_11)
FNDA:0,(anonymous_12)
FNDA:0,(anonymous_13)
FNDA:0,(anonymous_14)
FNDA:0,(anonymous_15)
FNDA:0,(anonymous_16)
FNDA:0,(anonymous_17)
FNDA:0,calculateReliabilityScore
DA:1,0
DA:2,0
DA:3,0
DA:5,0
DA:8,0
DA:9,0
DA:10,0
DA:11,0
DA:13,0
DA:15,0
DA:16,0
DA:19,0
DA:20,0
DA:23,0
DA:24,0
DA:30,0
DA:38,0
DA:49,0
DA:50,0
DA:58,0
DA:59,0
DA:60,0
DA:62,0
DA:66,0
DA:67,0
DA:73,0
DA:78,0
DA:79,0
DA:87,0
DA:88,0
DA:89,0
DA:90,0
DA:92,0
DA:94,0
DA:95,0
DA:101,0
DA:102,0
DA:103,0
DA:104,0
DA:105,0
DA:107,0
DA:109,0
DA:115,0
DA:116,0
DA:124,0
DA:125,0
DA:126,0
DA:127,0
DA:129,0
DA:130,0
DA:131,0
DA:137,0
DA:139,0
DA:140,0
DA:145,0
DA:151,0
DA:153,0
DA:156,0
DA:157,0
DA:158,0
DA:159,0
DA:162,0
DA:163,0
DA:164,0
DA:165,0
DA:167,0
DA:170,0
DA:174,0
DA:176,0
DA:189,0
DA:190,0
DA:198,0
DA:199,0
DA:200,0
DA:202,0
DA:204,0
DA:205,0
DA:212,0
DA:214,0
DA:219,0
DA:220,0
DA:228,0
DA:229,0
DA:230,0
DA:232,0
DA:237,0
DA:239,0
DA:241,0
DA:242,0
DA:247,0
DA:251,0
DA:254,0
DA:255,0
DA:256,0
DA:257,0
DA:259,0
DA:261,0
DA:265,0
DA:274,0
DA:276,0
DA:281,0
DA:282,0
DA:291,0
DA:293,0
DA:296,0
DA:297,0
DA:300,0
DA:301,0
DA:304,0
DA:305,0
DA:306,0
DA:310,0
DA:311,0
DA:312,0
DA:315,0
DA:318,0
LF:116
LH:0
BRDA:10,0,0,0
BRDA:10,1,0,0
BRDA:15,2,0,0
BRDA:15,2,1,0
BRDA:19,3,0,0
BRDA:19,3,1,0
BRDA:23,4,0,0
BRDA:23,4,1,0
BRDA:66,5,0,0
BRDA:66,5,1,0
BRDA:94,6,0,0
BRDA:94,6,1,0
BRDA:102,7,0,0
BRDA:102,7,1,0
BRDA:103,8,0,0
BRDA:103,8,1,0
BRDA:104,9,0,0
BRDA:104,9,1,0
BRDA:105,10,0,0
BRDA:105,10,1,0
BRDA:130,11,0,0
BRDA:130,11,1,0
BRDA:139,12,0,0
BRDA:139,12,1,0
BRDA:139,13,0,0
BRDA:139,13,1,0
BRDA:153,14,0,0
BRDA:153,14,1,0
BRDA:162,15,0,0
BRDA:162,15,1,0
BRDA:165,16,0,0
BRDA:165,16,1,0
BRDA:165,16,2,0
BRDA:167,17,0,0
BRDA:167,17,1,0
BRDA:170,18,0,0
BRDA:170,18,1,0
BRDA:204,19,0,0
BRDA:204,19,1,0
BRDA:230,20,0,0
BRDA:241,21,0,0
BRDA:241,21,1,0
BRDA:241,22,0,0
BRDA:241,22,1,0
BRDA:254,23,0,0
BRDA:254,23,1,0
BRDA:257,24,0,0
BRDA:257,24,1,0
BRDA:257,24,2,0
BRDA:259,25,0,0
BRDA:259,25,1,0
BRDA:260,26,0,0
BRDA:260,26,1,0
BRDA:261,27,0,0
BRDA:261,27,1,0
BRDA:291,28,0,0
BRDA:291,28,1,0
BRDA:304,29,0,0
BRDA:304,29,1,0
BRDA:310,30,0,0
BRDA:310,30,1,0
BRF:61
BRH:0
end_of_record
TN:
SF:src/routes/workLogs.js
FN:10,(anonymous_0)
FN:72,(anonymous_1)
FN:100,(anonymous_2)
FN:103,(anonymous_3)
FN:104,(anonymous_4)
FN:105,(anonymous_5)
FN:106,(anonymous_6)
FN:108,(anonymous_7)
FN:134,(anonymous_8)
FN:160,(anonymous_9)
FN:161,(anonymous_10)
FN:189,(anonymous_11)
FN:226,(anonymous_12)
FN:297,(anonymous_13)
FN:332,(anonymous_14)
FN:382,calculateWorkTime
FN:400,getEmployeeStatus
FNF:17
FNH:0
FNDA:0,(anonymous_0)
FNDA:0,(anonymous_1)
FNDA:0,(anonymous_2)
FNDA:0,(anonymous_3)
FNDA:0,(anonymous_4)
FNDA:0,(anonymous_5)
FNDA:0,(anonymous_6)
FNDA:0,(anonymous_7)
FNDA:0,(anonymous_8)
FNDA:0,(anonymous_9)
FNDA:0,(anonymous_10)
FNDA:0,(anonymous_11)
FNDA:0,(anonymous_12)
FNDA:0,(anonymous_13)
FNDA:0,(anonymous_14)
FNDA:0,calculateWorkTime
FNDA:0,getEmployeeStatus
DA:1,0
DA:2,0
DA:3,0
DA:4,0
DA:5,0
DA:7,0
DA:10,0
DA:11,0
DA:19,0
DA:21,0
DA:23,0
DA:26,0
DA:27,0
DA:32,0
DA:33,0
DA:36,0
DA:37,0
DA:40,0
DA:52,0
DA:63,0
DA:64,0
DA:72,0
DA:73,0
DA:74,0
DA:76,0
DA:78,0
DA:79,0
DA:84,0
DA:85,0
DA:88,0
DA:98,0
DA:100,0
DA:103,0
DA:104,0
DA:105,0
DA:106,0
DA:109,0
DA:110,0
DA:111,0
DA:112,0
DA:116,0
DA:120,0
DA:125,0
DA:126,0
DA:134,0
DA:135,0
DA:136,0
DA:138,0
DA:154,0
DA:160,0
DA:161,0
DA:163,0
DA:175,0
DA:180,0
DA:181,0
DA:189,0
DA:190,0
DA:191,0
DA:193,0
DA:205,0
DA:206,0
DA:212,0
DA:217,0
DA:218,0
DA:226,0
DA:227,0
DA:231,0
DA:232,0
DA:234,0
DA:236,0
DA:237,0
DA:244,0
DA:247,0
DA:248,0
DA:257,0
DA:258,0
DA:259,0
DA:262,0
DA:265,0
DA:266,0
DA:267,0
DA:268,0
DA:278,0
DA:282,0
DA:291,0
DA:292,0
DA:293,0
DA:296,0
DA:297,0
DA:298,0
DA:299,0
DA:303,0
DA:304,0
DA:313,0
DA:317,0
DA:323,0
DA:324,0
DA:332,0
DA:333,0
DA:334,0
DA:335,0
DA:337,0
DA:339,0
DA:340,0
DA:347,0
DA:348,0
DA:356,0
DA:358,0
DA:366,0
DA:371,0
DA:372,0
DA:383,0
DA:385,0
DA:386,0
DA:387,0
DA:390,0
DA:391,0
DA:392,0
DA:393,0
DA:394,0
DA:397,0
DA:401,0
DA:403,0
DA:404,0
DA:405,0
DA:407,0
DA:410,0
LF:127
LH:0
BRDA:17,0,0,0
BRDA:18,1,0,0
BRDA:26,2,0,0
BRDA:26,2,1,0
BRDA:26,3,0,0
BRDA:26,3,1,0
BRDA:32,4,0,0
BRDA:32,4,1,0
BRDA:36,5,0,0
BRDA:36,5,1,0
BRDA:78,6,0,0
BRDA:78,6,1,0
BRDA:78,7,0,0
BRDA:78,7,1,0
BRDA:84,8,0,0
BRDA:84,8,1,0
BRDA:100,9,0,0
BRDA:100,9,1,0
BRDA:109,10,0,0
BRDA:109,10,1,0
BRDA:116,11,0,0
BRDA:116,11,1,0
BRDA:170,12,0,0
BRDA:170,12,1,0
BRDA:205,13,0,0
BRDA:205,13,1,0
BRDA:236,14,0,0
BRDA:236,14,1,0
BRDA:247,15,0,0
BRDA:247,15,1,0
BRDA:247,16,0,0
BRDA:247,16,1,0
BRDA:247,16,2,0
BRDA:247,16,3,0
BRDA:249,17,0,0
BRDA:249,17,1,0
BRDA:250,18,0,0
BRDA:250,18,1,0
BRDA:251,19,0,0
BRDA:251,19,1,0
BRDA:252,20,0,0
BRDA:252,20,1,0
BRDA:258,21,0,0
BRDA:258,21,1,0
BRDA:267,22,0,0
BRDA:267,22,1,0
BRDA:274,23,0,0
BRDA:274,23,1,0
BRDA:292,24,0,0
BRDA:292,24,1,0
BRDA:292,25,0,0
BRDA:292,25,1,0
BRDA:293,26,0,0
BRDA:293,26,1,0
BRDA:298,27,0,0
BRDA:298,27,1,0
BRDA:298,28,0,0
BRDA:298,28,1,0
BRDA:298,28,2,0
BRDA:303,29,0,0
BRDA:303,29,1,0
BRDA:339,30,0,0
BRDA:339,30,1,0
BRDA:347,31,0,0
BRDA:347,31,1,0
BRDA:347,32,0,0
BRDA:347,32,1,0
BRDA:347,32,2,0
BRDA:347,32,3,0
BRDA:349,33,0,0
BRDA:349,33,1,0
BRDA:350,34,0,0
BRDA:350,34,1,0
BRDA:351,35,0,0
BRDA:351,35,1,0
BRDA:352,36,0,0
BRDA:352,36,1,0
BRDA:383,37,0,0
BRDA:383,37,1,0
BRDA:383,38,0,0
BRDA:383,38,1,0
BRDA:390,39,0,0
BRDA:390,39,1,0
BRDA:390,40,0,0
BRDA:390,40,1,0
BRDA:401,41,0,0
BRDA:401,41,1,0
BRDA:403,42,0,0
BRDA:403,42,1,0
BRDA:404,43,0,0
BRDA:404,43,1,0
BRDA:404,44,0,0
BRDA:404,44,1,0
BRDA:405,45,0,0
BRDA:405,45,1,0
BRF:95
BRH:0
end_of_record
TN:
SF:src/services/AuthService.js
FN:17,(anonymous_0)
FN:58,(anonymous_1)
FN:90,(anonymous_2)
FN:114,(anonymous_3)
FN:143,(anonymous_4)
FN:164,(anonymous_5)
FN:172,(anonymous_6)
FN:189,(anonymous_7)
FN:200,(anonymous_8)
FNF:9
FNH:9
FNDA:14,(anonymous_0)
FNDA:3,(anonymous_1)
FNDA:6,(anonymous_2)
FNDA:3,(anonymous_3)
FNDA:10,(anonymous_4)
FNDA:9,(anonymous_5)
FNDA:9,(anonymous_6)
FNDA:10,(anonymous_7)
FNDA:5,(anonymous_8)
DA:1,2
DA:2,2
DA:3,2
DA:4,2
DA:18,14
DA:19,2
DA:23,12
DA:31,12
DA:32,2
DA:36,10
DA:37,10
DA:38,1
DA:42,9
DA:45,9
DA:47,9
DA:59,3
DA:60,3
DA:62,2
DA:67,2
DA:68,1
DA:71,1
DA:73,2
DA:74,1
DA:76,1
DA:77,0
DA:79,1
DA:91,6
DA:92,6
DA:93,1
DA:97,5
DA:98,2
DA:102,3
DA:105,2
DA:106,2
DA:115,3
DA:118,3
DA:119,3
DA:120,1
DA:124,2
DA:127,1
DA:128,1
DA:136,1
DA:144,10
DA:145,9
DA:149,1
DA:152,1
DA:153,1
DA:154,1
DA:157,0
DA:165,9
DA:173,9
DA:190,10
DA:191,10
DA:192,10
DA:193,10
DA:201,5
DA:202,2
DA:205,3
DA:206,3
DA:207,3
DA:208,3
DA:210,3
DA:211,0
DA:218,2
LF:64
LH:61
BRDA:18,0,0,2
BRDA:18,0,1,12
BRDA:18,1,0,14
BRDA:18,1,1,13
BRDA:31,2,0,2
BRDA:31,2,1,10
BRDA:37,3,0,1
BRDA:37,3,1,9
BRDA:67,4,0,1
BRDA:67,4,1,1
BRDA:67,5,0,2
BRDA:67,5,1,2
BRDA:73,6,0,1
BRDA:73,6,1,1
BRDA:76,7,0,0
BRDA:76,7,1,1
BRDA:92,8,0,1
BRDA:92,8,1,5
BRDA:97,9,0,2
BRDA:97,9,1,3
BRDA:97,10,0,5
BRDA:97,10,1,5
BRDA:119,11,0,1
BRDA:119,11,1,2
BRDA:131,12,0,1
BRDA:131,12,1,0
BRDA:144,13,0,9
BRDA:144,13,1,1
BRDA:149,14,0,1
BRDA:149,14,1,0
BRDA:149,15,0,1
BRDA:149,15,1,1
BRDA:181,16,0,9
BRDA:181,16,1,0
BRDA:190,17,0,10
BRDA:190,17,1,0
BRDA:201,18,0,2
BRDA:201,18,1,3
BRDA:201,19,0,5
BRDA:201,19,1,5
BRDA:210,20,0,0
BRDA:210,20,1,3
BRDA:210,21,0,3
BRDA:210,21,1,3
BRDA:210,21,2,3
BRDA:210,21,3,3
BRF:46
BRH:40
end_of_record
TN:
SF:src/services/CacheService.js
FN:6,(anonymous_0)
FN:17,(anonymous_1)
FN:33,(anonymous_2)
FN:38,(anonymous_3)
FN:56,(anonymous_4)
FN:83,(anonymous_5)
FN:106,(anonymous_6)
FN:121,(anonymous_7)
FN:140,(anonymous_8)
FN:160,(anonymous_9)
FN:161,(anonymous_10)
FN:163,(anonymous_11)
FN:171,(anonymous_12)
FN:195,(anonymous_13)
FN:225,(anonymous_14)
FN:237,(anonymous_15)
FNF:16
FNH:0
FNDA:0,(anonymous_0)
FNDA:0,(anonymous_1)
FNDA:0,(anonymous_2)
FNDA:0,(anonymous_3)
FNDA:0,(anonymous_4)
FNDA:0,(anonymous_5)
FNDA:0,(anonymous_6)
FNDA:0,(anonymous_7)
FNDA:0,(anonymous_8)
FNDA:0,(anonymous_9)
FNDA:0,(anonymous_10)
FNDA:0,(anonymous_11)
FNDA:0,(anonymous_12)
FNDA:0,(anonymous_13)
FNDA:0,(anonymous_14)
FNDA:0,(anonymous_15)
DA:7,0
DA:8,0
DA:9,0
DA:11,0
DA:18,0
DA:19,0
DA:20,0
DA:22,0
DA:31,0
DA:33,0
DA:34,0
DA:35,0
DA:38,0
DA:39,0
DA:40,0
DA:43,0
DA:46,0
DA:47,0
DA:57,0
DA:58,0
DA:59,0
DA:60,0
DA:63,0
DA:64,0
DA:65,0
DA:66,0
DA:67,0
DA:69,0
DA:72,0
DA:73,0
DA:84,0
DA:85,0
DA:86,0
DA:89,0
DA:95,0
DA:98,0
DA:107,0
DA:108,0
DA:109,0
DA:111,0
DA:114,0
DA:122,0
DA:123,0
DA:124,0
DA:126,0
DA:129,0
DA:141,0
DA:143,0
DA:144,0
DA:145,0
DA:146,0
DA:150,0
DA:161,0
DA:162,0
DA:163,0
DA:172,0
DA:173,0
DA:174,0
DA:175,0
DA:176,0
DA:180,0
DA:181,0
DA:182,0
DA:183,0
DA:188,0
DA:196,0
DA:197,0
DA:198,0
DA:199,0
DA:205,0
DA:213,0
DA:226,0
DA:227,0
DA:228,0
DA:229,0
DA:238,0
DA:239,0
DA:240,0
DA:242,0
DA:244,0
DA:249,0
LF:81
LH:0
BRDA:19,0,0,0
BRDA:19,0,1,0
BRDA:19,1,0,0
BRDA:19,1,1,0
BRDA:24,2,0,0
BRDA:24,2,1,0
BRDA:25,3,0,0
BRDA:25,3,1,0
BRDA:58,4,0,0
BRDA:58,4,1,0
BRDA:58,5,0,0
BRDA:58,5,1,0
BRDA:60,6,0,0
BRDA:60,6,1,0
BRDA:64,7,0,0
BRDA:64,7,1,0
BRDA:64,8,0,0
BRDA:64,8,1,0
BRDA:66,9,0,0
BRDA:66,9,1,0
BRDA:83,10,0,0
BRDA:85,11,0,0
BRDA:85,11,1,0
BRDA:85,12,0,0
BRDA:85,12,1,0
BRDA:108,13,0,0
BRDA:108,13,1,0
BRDA:108,14,0,0
BRDA:108,14,1,0
BRDA:123,15,0,0
BRDA:123,15,1,0
BRDA:123,16,0,0
BRDA:123,16,1,0
BRDA:140,17,0,0
BRDA:143,18,0,0
BRDA:143,18,1,0
BRDA:145,19,0,0
BRDA:145,19,1,0
BRDA:145,20,0,0
BRDA:145,20,1,0
BRDA:160,21,0,0
BRDA:173,22,0,0
BRDA:173,22,1,0
BRDA:173,23,0,0
BRDA:173,23,1,0
BRDA:175,24,0,0
BRDA:175,24,1,0
BRDA:182,25,0,0
BRDA:182,25,1,0
BRDA:197,26,0,0
BRDA:197,26,1,0
BRDA:197,27,0,0
BRDA:197,27,1,0
BRDA:228,28,0,0
BRDA:228,28,1,0
BRDA:239,29,0,0
BRDA:239,29,1,0
BRF:57
BRH:0
end_of_record
TN:
SF:src/services/errors/index.js
FN:5,(anonymous_0)
FN:19,(anonymous_1)
FN:29,(anonymous_2)
FN:38,(anonymous_3)
FN:47,(anonymous_4)
FN:56,(anonymous_5)
FN:65,(anonymous_6)
FN:74,(anonymous_7)
FN:84,(anonymous_8)
FN:93,(anonymous_9)
FN:124,(anonymous_10)
FN:132,(anonymous_11)
FN:166,(anonymous_12)
FN:181,(anonymous_13)
FN:182,(anonymous_14)
FNF:15
FNH:6
FNDA:13,(anonymous_0)
FNDA:5,(anonymous_1)
FNDA:7,(anonymous_2)
FNDA:0,(anonymous_3)
FNDA:1,(anonymous_4)
FNDA:0,(anonymous_5)
FNDA:0,(anonymous_6)
FNDA:0,(anonymous_7)
FNDA:0,(anonymous_8)
FNDA:0,(anonymous_9)
FNDA:0,(anonymous_10)
FNDA:0,(anonymous_11)
FNDA:0,(anonymous_12)
FNDA:6,(anonymous_13)
FNDA:9,(anonymous_14)
DA:6,13
DA:7,13
DA:8,13
DA:9,13
DA:11,13
DA:20,5
DA:21,5
DA:30,7
DA:39,0
DA:48,1
DA:57,0
DA:66,0
DA:75,0
DA:76,0
DA:85,0
DA:86,0
DA:93,2
DA:95,0
DA:96,0
DA:97,0
DA:101,0
DA:102,0
DA:111,0
DA:112,0
DA:120,0
DA:121,0
DA:124,0
DA:128,0
DA:129,0
DA:132,0
DA:137,0
DA:138,0
DA:144,0
DA:145,0
DA:152,0
DA:154,0
DA:166,2
DA:167,0
DA:181,2
DA:182,6
DA:183,9
DA:187,2
LF:42
LH:15
BRDA:5,0,0,0
BRDA:5,1,0,13
BRDA:19,2,0,5
BRDA:29,3,0,0
BRDA:38,4,0,0
BRDA:47,5,0,0
BRDA:56,6,0,0
BRDA:65,7,0,0
BRDA:74,8,0,0
BRDA:74,9,0,0
BRDA:84,10,0,0
BRDA:84,11,0,0
BRDA:96,12,0,0
BRDA:96,12,1,0
BRDA:96,13,0,0
BRDA:96,13,1,0
BRDA:101,14,0,0
BRDA:101,14,1,0
BRDA:105,15,0,0
BRDA:105,15,1,0
BRDA:106,16,0,0
BRDA:106,16,1,0
BRDA:111,17,0,0
BRDA:111,17,1,0
BRDA:111,18,0,0
BRDA:111,18,1,0
BRDA:120,19,0,0
BRDA:120,19,1,0
BRDA:128,20,0,0
BRDA:128,20,1,0
BRDA:137,21,0,0
BRDA:137,21,1,0
BRDA:144,22,0,0
BRDA:144,22,1,0
BRDA:156,23,0,0
BRDA:156,23,1,0
BRDA:159,24,0,0
BRDA:159,24,1,0
BRF:38
BRH:2
end_of_record
TN:
SF:src/telegram/bot.js
FN:9,(anonymous_0)
FN:15,(anonymous_1)
FN:24,(anonymous_2)
FN:28,(anonymous_3)
FN:67,(anonymous_4)
FN:107,(anonymous_5)
FN:144,(anonymous_6)
FN:168,(anonymous_7)
FN:206,(anonymous_8)
FN:238,(anonymous_9)
FN:273,(anonymous_10)
FN:277,(anonymous_11)
FN:283,(anonymous_12)
FN:292,(anonymous_13)
FN:302,(anonymous_14)
FNF:15
FNH:0
FNDA:0,(anonymous_0)
FNDA:0,(anonymous_1)
FNDA:0,(anonymous_2)
FNDA:0,(anonymous_3)
FNDA:0,(anonymous_4)
FNDA:0,(anonymous_5)
FNDA:0,(anonymous_6)
FNDA:0,(anonymous_7)
FNDA:0,(anonymous_8)
FNDA:0,(anonymous_9)
FNDA:0,(anonymous_10)
FNDA:0,(anonymous_11)
FNDA:0,(anonymous_12)
FNDA:0,(anonymous_13)
FNDA:0,(anonymous_14)
DA:1,0
DA:2,0
DA:3,0
DA:4,0
DA:6,0
DA:10,0
DA:11,0
DA:12,0
DA:17,0
DA:18,0
DA:19,0
DA:20,0
DA:21,0
DA:25,0
DA:29,0
DA:30,0
DA:31,0
DA:32,0
DA:34,0
DA:36,0
DA:38,0
DA:40,0
DA:48,0
DA:54,0
DA:60,0
DA:62,0
DA:63,0
DA:68,0
DA:69,0
DA:71,0
DA:72,0
DA:73,0
DA:75,0
DA:76,0
DA:80,0
DA:82,0
DA:83,0
DA:84,0
DA:85,0
DA:86,0
DA:87,0
DA:89,0
DA:90,0
DA:93,0
DA:94,0
DA:97,0
DA:100,0
DA:102,0
DA:103,0
DA:108,0
DA:109,0
DA:110,0
DA:112,0
DA:113,0
DA:114,0
DA:116,0
DA:118,0
DA:119,0
DA:121,0
DA:122,0
DA:124,0
DA:125,0
DA:127,0
DA:128,0
DA:130,0
DA:131,0
DA:133,0
DA:134,0
DA:137,0
DA:139,0
DA:140,0
DA:145,0
DA:162,0
DA:169,0
DA:170,0
DA:172,0
DA:173,0
DA:183,0
DA:184,0
DA:189,0
DA:190,0
DA:196,0
DA:197,0
DA:201,0
DA:202,0
DA:207,0
DA:208,0
DA:210,0
DA:211,0
DA:215,0
DA:216,0
DA:221,0
DA:222,0
DA:227,0
DA:229,0
DA:233,0
DA:234,0
DA:239,0
DA:240,0
DA:242,0
DA:243,0
DA:247,0
DA:248,0
DA:253,0
DA:254,0
DA:259,0
DA:261,0
DA:264,0
DA:268,0
DA:269,0
DA:274,0
DA:278,0
DA:284,0
DA:289,0
DA:293,0
DA:299,0
DA:303,0
DA:304,0
DA:305,0
DA:306,0
DA:310,0
LF:121
LH:0
BRDA:31,0,0,0
BRDA:31,0,1,0
BRDA:38,1,0,0
BRDA:38,1,1,0
BRDA:73,2,0,0
BRDA:73,2,1,0
BRDA:82,3,0,0
BRDA:82,3,1,0
BRDA:83,4,0,0
BRDA:83,4,1,0
BRDA:84,5,0,0
BRDA:84,5,1,0
BRDA:84,6,0,0
BRDA:84,6,1,0
BRDA:85,7,0,0
BRDA:85,7,1,0
BRDA:89,8,0,0
BRDA:89,8,1,0
BRDA:93,9,0,0
BRDA:93,9,1,0
BRDA:114,10,0,0
BRDA:114,10,1,0
BRDA:116,11,0,0
BRDA:116,11,1,0
BRDA:116,11,2,0
BRDA:116,11,3,0
BRDA:116,11,4,0
BRDA:116,11,5,0
BRDA:183,12,0,0
BRDA:183,12,1,0
BRDA:183,13,0,0
BRDA:183,13,1,0
BRDA:189,14,0,0
BRDA:189,14,1,0
BRDA:196,15,0,0
BRDA:196,15,1,0
BRDA:215,16,0,0
BRDA:215,16,1,0
BRDA:215,17,0,0
BRDA:215,17,1,0
BRDA:221,18,0,0
BRDA:221,18,1,0
BRDA:247,19,0,0
BRDA:247,19,1,0
BRDA:247,20,0,0
BRDA:247,20,1,0
BRDA:253,21,0,0
BRDA:253,21,1,0
BRDA:289,22,0,0
BRDA:289,22,1,0
BRDA:299,23,0,0
BRDA:299,23,1,0
BRDA:303,24,0,0
BRDA:303,24,1,0
BRF:54
BRH:0
end_of_record
TN:
SF:src/utils/auditLogger.js
FN:22,(anonymous_0)
FN:60,(anonymous_1)
FN:82,(anonymous_2)
FN:103,(anonymous_3)
FN:121,(anonymous_4)
FN:142,(anonymous_5)
FN:165,(anonymous_6)
FN:186,(anonymous_7)
FN:204,(anonymous_8)
FN:218,(anonymous_9)
FN:233,(anonymous_10)
FN:280,(anonymous_11)
FN:294,(anonymous_12)
FN:309,(anonymous_13)
FN:324,(anonymous_14)
FNF:15
FNH:0
FNDA:0,(anonymous_0)
FNDA:0,(anonymous_1)
FNDA:0,(anonymous_2)
FNDA:0,(anonymous_3)
FNDA:0,(anonymous_4)
FNDA:0,(anonymous_5)
FNDA:0,(anonymous_6)
FNDA:0,(anonymous_7)
FNDA:0,(anonymous_8)
FNDA:0,(anonymous_9)
FNDA:0,(anonymous_10)
FNDA:0,(anonymous_11)
FNDA:0,(anonymous_12)
FNDA:0,(anonymous_13)
FNDA:0,(anonymous_14)
DA:1,0
DA:35,0
DA:36,0
DA:50,0
DA:52,0
DA:61,0
DA:83,0
DA:85,0
DA:104,0
DA:122,0
DA:143,0
DA:149,0
DA:166,0
DA:168,0
DA:187,0
DA:205,0
DA:219,0
DA:221,0
DA:222,0
DA:223,0
DA:227,0
DA:243,0
DA:245,0
DA:246,0
DA:247,0
DA:248,0
DA:250,0
DA:251,0
DA:256,0
DA:276,0
DA:281,0
DA:295,0
DA:310,0
DA:325,0
DA:338,0
LF:35
LH:0
BRDA:24,0,0,0
BRDA:27,1,0,0
BRDA:29,2,0,0
BRDA:30,3,0,0
BRDA:31,4,0,0
BRDA:32,5,0,0
BRDA:33,6,0,0
BRDA:222,7,0,0
BRDA:222,7,1,0
BRDA:234,8,0,0
BRDA:235,9,0,0
BRDA:236,10,0,0
BRDA:237,11,0,0
BRDA:238,12,0,0
BRDA:239,13,0,0
BRDA:240,14,0,0
BRDA:241,15,0,0
BRDA:245,16,0,0
BRDA:245,16,1,0
BRDA:246,17,0,0
BRDA:246,17,1,0
BRDA:247,18,0,0
BRDA:247,18,1,0
BRDA:248,19,0,0
BRDA:248,19,1,0
BRDA:250,20,0,0
BRDA:250,20,1,0
BRDA:250,21,0,0
BRDA:250,21,1,0
BRF:29
BRH:0
end_of_record
TN:
SF:src/utils/reminderMessages.js
FN:6,sendMorningReminder
FN:25,sendLunchStartReminder
FN:45,sendLunchEndReminder
FN:65,sendEveningReminder
FN:90,sendMotivationalReminder
FN:104,sendManagerDailyStats
FN:129,sendPersonalizedReminder
FNF:7
FNH:0
FNDA:0,sendMorningReminder
FNDA:0,sendLunchStartReminder
FNDA:0,sendLunchEndReminder
FNDA:0,sendEveningReminder
FNDA:0,sendMotivationalReminder
FNDA:0,sendManagerDailyStats
FNDA:0,sendPersonalizedReminder
DA:1,0
DA:7,0
DA:19,0
DA:26,0
DA:39,0
DA:46,0
DA:59,0
DA:66,0
DA:84,0
DA:91,0
DA:97,0
DA:98,0
DA:105,0
DA:107,0
DA:123,0
DA:130,0
DA:132,0
DA:133,0
DA:135,0
DA:138,0
DA:141,0
DA:144,0
DA:147,0
DA:148,0
DA:151,0
DA:152,0
DA:156,0
LF:27
LH:0
BRDA:97,0,0,0
BRDA:97,0,1,0
BRDA:105,1,0,0
BRDA:105,1,1,0
BRDA:116,2,0,0
BRDA:116,2,1,0
BRDA:117,3,0,0
BRDA:117,3,1,0
BRDA:129,4,0,0
BRDA:133,5,0,0
BRDA:133,5,1,0
BRDA:133,5,2,0
BRDA:133,5,3,0
BRDA:133,5,4,0
BRF:14
BRH:0
end_of_record
TN:
SF:src/utils/sendTelegramMessage.js
FN:13,sendTelegramMessage
FN:50,notifyWorkLogEdited
FN:51,(anonymous_2)
FN:73,notifyReportExported
FN:90,sendTestMessage
FN:106,getFieldName
FNF:6
FNH:0
FNDA:0,sendTelegramMessage
FNDA:0,notifyWorkLogEdited
FNDA:0,(anonymous_2)
FNDA:0,notifyReportExported
FNDA:0,sendTestMessage
FNDA:0,getFieldName
DA:1,0
DA:3,0
DA:4,0
DA:14,0
DA:16,0
DA:17,0
DA:18,0
DA:21,0
DA:30,0
DA:34,0
DA:35,0
DA:38,0
DA:43,0
DA:51,0
DA:52,0
DA:55,0
DA:67,0
DA:74,0
DA:84,0
DA:91,0
DA:100,0
DA:107,0
DA:117,0
DA:120,0
LF:24
LH:0
BRDA:13,0,0,0
BRDA:16,1,0,0
BRDA:16,1,1,0
BRDA:16,2,0,0
BRDA:16,2,1,0
BRDA:24,3,0,0
BRDA:24,3,1,0
BRDA:25,4,0,0
BRDA:25,4,1,0
BRDA:26,5,0,0
BRDA:26,5,1,0
BRDA:40,6,0,0
BRDA:40,6,1,0
BRDA:117,7,0,0
BRDA:117,7,1,0
BRF:15
BRH:0
end_of_record
